Log file open, 06/24/19 14:37:02
LogWindows: Failed to load 'aqProf.dll' (GetLastError=126)
LogWindows: File 'aqProf.dll' does not exist
LogWindows: Failed to load 'VtuneApi.dll' (GetLastError=126)
LogWindows: File 'VtuneApi.dll' does not exist
LogWindows: Failed to load 'VtuneApi32e.dll' (GetLastError=126)
LogWindows: File 'VtuneApi32e.dll' does not exist
LogConsoleResponse: Display: Failed to find resolution value strings in scalability ini. Falling back to default.
LogInit: Display: Running engine for game: Final_Project
LogPakFile: Registered encryption key '00000000000000000000000000000000': 0 pak files mounted, 0 remain pending
LogPlatformFile: Not using cached read wrapper
LogTaskGraph: Started task graph with 5 named threads and 35 total threads with 3 sets of task threads.
LogStats: Stats thread started at 0.399085
LogD3D11RHI: Loaded GFSDK_Aftermath_Lib.x64.dll
LogICUInternationalization: ICU TimeZone Detection - Raw Offset: -5:00, Platform Override: ''
LogPluginManager: Mounting plugin Paper2D
LogPluginManager: Mounting plugin AISupport
LogPluginManager: Mounting plugin LightPropagationVolume
LogPluginManager: Mounting plugin ActorLayerUtilities
LogPluginManager: Mounting plugin CLionSourceCodeAccess
LogPluginManager: Mounting plugin CodeLiteSourceCodeAccess
LogPluginManager: Mounting plugin GitSourceControl
LogPluginManager: Mounting plugin KDevelopSourceCodeAccess
LogPluginManager: Mounting plugin NullSourceCodeAccess
LogPluginManager: Mounting plugin PerforceSourceControl
LogPluginManager: Mounting plugin SubversionSourceControl
LogPluginManager: Mounting plugin UObjectPlugin
LogPluginManager: Mounting plugin VisualStudioCodeSourceCodeAccess
LogPluginManager: Mounting plugin VisualStudioSourceCodeAccess
LogPluginManager: Mounting plugin XCodeSourceCodeAccess
LogPluginManager: Mounting plugin AssetManagerEditor
LogPluginManager: Mounting plugin CryptoKeys
LogPluginManager: Mounting plugin DataValidation
LogPluginManager: Mounting plugin FacialAnimation
LogPluginManager: Mounting plugin GameplayTagsEditor
LogPluginManager: Mounting plugin MacGraphicsSwitching
LogPluginManager: Mounting plugin MeshEditor
LogPluginManager: Mounting plugin MobileLauncherProfileWizard
LogPluginManager: Mounting plugin PluginBrowser
LogPluginManager: Mounting plugin SpeedTreeImporter
LogPluginManager: Mounting plugin DatasmithContent
LogPluginManager: Mounting plugin VariantManagerContent
LogPluginManager: Mounting plugin AlembicImporter
LogPluginManager: Mounting plugin AppleImageUtils
LogPluginManager: Mounting plugin AppleVision
LogPluginManager: Mounting plugin BackChannel
LogPluginManager: Mounting plugin CharacterAI
LogPluginManager: Mounting plugin GeometryCache
LogPluginManager: Mounting plugin HTML5Networking
LogPluginManager: Mounting plugin ProxyLODPlugin
LogPluginManager: Mounting plugin MagicLeap
LogPluginManager: Mounting plugin MagicLeapMedia
LogPluginManager: Mounting plugin AndroidMedia
LogPluginManager: Mounting plugin AvfMedia
LogPluginManager: Mounting plugin ImgMedia
LogPluginManager: Mounting plugin LinearTimecode
LogPluginManager: Mounting plugin MediaCompositing
LogPluginManager: Mounting plugin MediaPlayerEditor
LogPluginManager: Mounting plugin WebMMedia
LogPluginManager: Mounting plugin WmfMedia
LogPluginManager: Mounting plugin TcpMessaging
LogPluginManager: Mounting plugin UdpMessaging
LogPluginManager: Mounting plugin ActorSequence
LogPluginManager: Mounting plugin LevelSequenceEditor
LogPluginManager: Mounting plugin MatineeToLevelSequence
LogPluginManager: Mounting plugin NetcodeUnitTest
LogPluginManager: Mounting plugin NUTUnrealEngine4
LogPluginManager: Mounting plugin OnlineSubsystemGooglePlay
LogPluginManager: Mounting plugin OnlineSubsystemIOS
LogPluginManager: Mounting plugin OnlineSubsystem
LogPluginManager: Mounting plugin OnlineSubsystemNull
LogPluginManager: Mounting plugin OnlineSubsystemUtils
LogPluginManager: Mounting plugin LauncherChunkInstaller
LogPluginManager: Mounting plugin AndroidDeviceProfileSelector
LogPluginManager: Mounting plugin AndroidMoviePlayer
LogPluginManager: Mounting plugin AndroidPermission
LogPluginManager: Mounting plugin AppleMoviePlayer
LogPluginManager: Mounting plugin ArchVisCharacter
LogPluginManager: Mounting plugin AudioCapture
LogPluginManager: Mounting plugin CableComponent
LogPluginManager: Mounting plugin CustomMeshComponent
LogPluginManager: Mounting plugin EditableMesh
LogPluginManager: Mounting plugin ExampleDeviceProfileSelector
LogPluginManager: Mounting plugin Firebase
LogPluginManager: Mounting plugin GoogleCloudMessaging
LogPluginManager: Mounting plugin IOSDeviceProfileSelector
LogPluginManager: Mounting plugin LinuxDeviceProfileSelector
LogPluginManager: Mounting plugin LocationServicesBPLibrary
LogPluginManager: Mounting plugin MobilePatchingUtils
LogPluginManager: Mounting plugin OculusVR
LogPluginManager: Mounting plugin PhysXVehicles
LogPluginManager: Mounting plugin ProceduralMeshComponent
LogPluginManager: Mounting plugin RuntimePhysXCooking
LogPluginManager: Mounting plugin SteamVR
LogPluginManager: Mounting plugin WebMMoviePlayer
LogPluginManager: Mounting plugin WindowsMoviePlayer
LogStreaming: Display: Took  0.075s to configure plugins.
LogInit: Using libcurl 7.55.1-DEV
LogInit:  - built for x86_64-pc-win32
LogInit:  - supports SSL with OpenSSL/1.0.2h
LogInit:  - supports HTTP deflate (compression) using libz 1.2.8
LogInit:  - other features:
LogInit:      CURL_VERSION_SSL
LogInit:      CURL_VERSION_LIBZ
LogInit:      CURL_VERSION_IPV6
LogInit:      CURL_VERSION_ASYNCHDNS
LogInit:      CURL_VERSION_LARGEFILE
LogInit:      CURL_VERSION_IDN
LogInit:  CurlRequestOptions (configurable via config and command line):
LogInit:  - bVerifyPeer = true  - Libcurl will verify peer certificate
LogInit:  - bUseHttpProxy = false  - Libcurl will NOT use HTTP proxy
LogInit:  - bDontReuseConnections = false  - Libcurl will reuse connections
LogInit:  - MaxHostConnections = 16  - Libcurl will limit the number of connections to a host
LogInit:  - LocalHostAddr = Default
LogInit:  - BufferSize = 65536
LogInit: WinSock: version 1.1 (2.2), MaxSocks=32767, MaxUdp=65467
LogInit: Build: ++UE4+Release-4.21-CL-4753647
LogInit: Engine Version: 4.21.2-4753647+++UE4+Release-4.21
LogInit: Compatible Engine Version: 4.21.0-4541578+++UE4+Release-4.21
LogInit: Net CL: 4541578
LogInit: OS: Windows 10 (), CPU: Intel(R) Core(TM) i7-8750H CPU @ 2.20GHz, GPU: Intel(R) UHD Graphics 630
LogInit: Compiled (64-bit): Jan 19 2019 02:07:31
LogInit: Compiled with Visual C++: 19.13.26129.00
LogInit: Build Configuration: Development
LogInit: Branch Name: ++UE4+Release-4.21
LogInit: Command Line: 
LogInit: Base Directory: C:/Program Files/Epic Games/UE_4.21/Engine/Binaries/Win64/
LogInit: Installed Engine Build: 1
LogDevObjectVersion: Number of dev versions registered: 22
LogDevObjectVersion:   Dev-Blueprints (B0D832E4-1F89-4F0D-ACCF-7EB736FD4AA2): 10
LogDevObjectVersion:   Dev-Build (E1C64328-A22C-4D53-A36C-8E866417BD8C): 0
LogDevObjectVersion:   Dev-Core (375EC13C-06E4-48FB-B500-84F0262A717E): 2
LogDevObjectVersion:   Dev-Editor (E4B068ED-F494-42E9-A231-DA0B2E46BB41): 26
LogDevObjectVersion:   Dev-Framework (CFFC743F-43B0-4480-9391-14DF171D2073): 34
LogDevObjectVersion:   Dev-Mobile (B02B49B5-BB20-44E9-A304-32B752E40360): 2
LogDevObjectVersion:   Dev-Networking (A4E4105C-59A1-49B5-A7C5-40C4547EDFEE): 0
LogDevObjectVersion:   Dev-Online (39C831C9-5AE6-47DC-9A44-9C173E1C8E7C): 0
LogDevObjectVersion:   Dev-Physics (78F01B33-EBEA-4F98-B9B4-84EACCB95AA2): 0
LogDevObjectVersion:   Dev-Platform (6631380F-2D4D-43E0-8009-CF276956A95A): 0
LogDevObjectVersion:   Dev-Rendering (12F88B9F-8875-4AFC-A67C-D90C383ABD29): 27
LogDevObjectVersion:   Dev-Sequencer (7B5AE74C-D270-4C10-A958-57980B212A5A): 9
LogDevObjectVersion:   Dev-VR (D7296918-1DD6-4BDD-9DE2-64A83CC13884): 2
LogDevObjectVersion:   Dev-LoadTimes (C2A15278-BFE7-4AFE-6C17-90FF531DF755): 1
LogDevObjectVersion:   Private-Geometry (6EACA3D4-40EC-4CC1-B786-8BED09428FC5): 3
LogDevObjectVersion:   Dev-AnimPhys (29E575DD-E0A3-4627-9D10-D276232CDCEA): 17
LogDevObjectVersion:   Dev-Anim (AF43A65D-7FD3-4947-9873-3E8ED9C1BB05): 2
LogDevObjectVersion:   Dev-ReflectionCapture (6B266CEC-1EC7-4B8F-A30B-E4D90942FC07): 1
LogDevObjectVersion:   Dev-Automation (0DF73D61-A23F-47EA-B727-89E90C41499A): 1
LogDevObjectVersion:   FortniteMain (601D1886-AC64-4F84-AA16-D3DE0DEAC7D6): 17
LogDevObjectVersion:   Dev-Enterprise (9DFFBCD6-494F-0158-E221-12823C92A888): 4
LogDevObjectVersion:   Dev-Niagara (F2AED0AC-9AFE-416F-8664-AA7FFA26D6FC): 1
LogStreaming: Display: Took  0.000s to delete old logs.
LogInit: Presizing for max 8388607 objects, including 0 objects not considered by GC, pre-allocating 0 bytes for permanent pool.
LogInit: Object subsystem initialized
LogConfig: Setting CVar [[con.DebugEarlyDefault:1]]
LogConfig: Setting CVar [[r.setres:1280x720]]
[2019.06.24-18.37.03:162][  0]LogConfig: Setting CVar [[r.VSync:0]]
[2019.06.24-18.37.03:162][  0]LogConfig: Setting CVar [[r.RHICmdBypass:0]]
[2019.06.24-18.37.03:162][  0]LogConfig: Applying CVar settings from Section [/Script/Engine.RendererSettings] File [C:/Users/iD Student/Desktop/Final_project/Final_Project/Saved/Config/Windows/Engine.ini]
[2019.06.24-18.37.03:162][  0]LogConfig: Setting CVar [[r.GPUCrashDebugging:0]]
[2019.06.24-18.37.03:162][  0]LogConfig: Applying CVar settings from Section [/Script/Engine.RendererOverrideSettings] File [C:/Users/iD Student/Desktop/Final_project/Final_Project/Saved/Config/Windows/Engine.ini]
[2019.06.24-18.37.03:162][  0]LogConfig: Applying CVar settings from Section [/Script/Engine.StreamingSettings] File [C:/Users/iD Student/Desktop/Final_project/Final_Project/Saved/Config/Windows/Engine.ini]
[2019.06.24-18.37.03:162][  0]LogConfig: Setting CVar [[s.MinBulkDataSizeForAsyncLoading:131072]]
[2019.06.24-18.37.03:162][  0]LogConfig: Setting CVar [[s.AsyncLoadingThreadEnabled:0]]
[2019.06.24-18.37.03:162][  0]LogConfig: Setting CVar [[s.EventDrivenLoaderEnabled:1]]
[2019.06.24-18.37.03:162][  0]LogConfig: Setting CVar [[s.WarnIfTimeLimitExceeded:0]]
[2019.06.24-18.37.03:162][  0]LogConfig: Setting CVar [[s.TimeLimitExceededMultiplier:1.5]]
[2019.06.24-18.37.03:162][  0]LogConfig: Setting CVar [[s.TimeLimitExceededMinTime:0.005]]
[2019.06.24-18.37.03:162][  0]LogConfig: Setting CVar [[s.UseBackgroundLevelStreaming:1]]
[2019.06.24-18.37.03:162][  0]LogConfig: Setting CVar [[s.PriorityAsyncLoadingExtraTime:15.0]]
[2019.06.24-18.37.03:162][  0]LogConfig: Setting CVar [[s.LevelStreamingActorsUpdateTimeLimit:5.0]]
[2019.06.24-18.37.03:162][  0]LogConfig: Setting CVar [[s.PriorityLevelStreamingActorsUpdateExtraTime:5.0]]
[2019.06.24-18.37.03:162][  0]LogConfig: Setting CVar [[s.LevelStreamingComponentsRegistrationGranularity:10]]
[2019.06.24-18.37.03:162][  0]LogConfig: Setting CVar [[s.UnregisterComponentsTimeLimit:1.0]]
[2019.06.24-18.37.03:162][  0]LogConfig: Setting CVar [[s.LevelStreamingComponentsUnregistrationGranularity:5]]
[2019.06.24-18.37.03:162][  0]LogConfig: Applying CVar settings from Section [/Script/Engine.GarbageCollectionSettings] File [C:/Users/iD Student/Desktop/Final_project/Final_Project/Saved/Config/Windows/Engine.ini]
[2019.06.24-18.37.03:162][  0]LogConfig: Setting CVar [[gc.MaxObjectsNotConsideredByGC:1]]
[2019.06.24-18.37.03:162][  0]LogConfig: Setting CVar [[gc.SizeOfPermanentObjectPool:0]]
[2019.06.24-18.37.03:162][  0]LogConfig: Setting CVar [[gc.FlushStreamingOnGC:0]]
[2019.06.24-18.37.03:162][  0]LogConfig: Setting CVar [[gc.NumRetriesBeforeForcingGC:10]]
[2019.06.24-18.37.03:162][  0]LogConfig: Setting CVar [[gc.AllowParallelGC:1]]
[2019.06.24-18.37.03:163][  0]LogConfig: Setting CVar [[gc.TimeBetweenPurgingPendingKillObjects:61.1]]
[2019.06.24-18.37.03:163][  0]LogConfig: Setting CVar [[gc.MaxObjectsInEditor:8388607]]
[2019.06.24-18.37.03:163][  0]LogConfig: Setting CVar [[gc.IncrementalBeginDestroyEnabled:1]]
[2019.06.24-18.37.03:163][  0]LogConfig: Setting CVar [[gc.CreateGCClusters:1]]
[2019.06.24-18.37.03:163][  0]LogConfig: Setting CVar [[gc.MergeGCClusters:0]]
[2019.06.24-18.37.03:163][  0]LogConfig: Setting CVar [[gc.MinGCClusterSize:5]]
[2019.06.24-18.37.03:163][  0]LogConfig: Setting CVar [[gc.ActorClusteringEnabled:0]]
[2019.06.24-18.37.03:163][  0]LogConfig: Setting CVar [[gc.BlueprintClusteringEnabled:0]]
[2019.06.24-18.37.03:163][  0]LogConfig: Setting CVar [[gc.UseDisregardForGCOnDedicatedServers:0]]
[2019.06.24-18.37.03:163][  0]LogConfig: Applying CVar settings from Section [/Script/Engine.NetworkSettings] File [C:/Users/iD Student/Desktop/Final_project/Final_Project/Saved/Config/Windows/Engine.ini]
[2019.06.24-18.37.03:163][  0]LogConfig: Applying CVar settings from Section [/Script/UnrealEd.CookerSettings] File [C:/Users/iD Student/Desktop/Final_project/Final_Project/Saved/Config/Windows/Engine.ini]
[2019.06.24-18.37.03:165][  0]LogConfig: Applying CVar settings from Section [ViewDistanceQuality@3] File [C:/Users/iD Student/Desktop/Final_project/Final_Project/Saved/Config/Windows/Scalability.ini]
[2019.06.24-18.37.03:165][  0]LogConfig: Setting CVar [[r.SkeletalMeshLODBias:0]]
[2019.06.24-18.37.03:165][  0]LogConfig: Setting CVar [[r.ViewDistanceScale:1.0]]
[2019.06.24-18.37.03:165][  0]LogConfig: Applying CVar settings from Section [AntiAliasingQuality@3] File [C:/Users/iD Student/Desktop/Final_project/Final_Project/Saved/Config/Windows/Scalability.ini]
[2019.06.24-18.37.03:165][  0]LogConfig: Setting CVar [[r.PostProcessAAQuality:4]]
[2019.06.24-18.37.03:165][  0]LogConfig: Applying CVar settings from Section [ShadowQuality@3] File [C:/Users/iD Student/Desktop/Final_project/Final_Project/Saved/Config/Windows/Scalability.ini]
[2019.06.24-18.37.03:165][  0]LogConfig: Setting CVar [[r.LightFunctionQuality:1]]
[2019.06.24-18.37.03:166][  0]LogConfig: Setting CVar [[r.ShadowQuality:5]]
[2019.06.24-18.37.03:166][  0]LogConfig: Setting CVar [[r.Shadow.CSM.MaxCascades:10]]
[2019.06.24-18.37.03:166][  0]LogConfig: Setting CVar [[r.Shadow.MaxResolution:2048]]
[2019.06.24-18.37.03:166][  0]LogConfig: Setting CVar [[r.Shadow.MaxCSMResolution:2048]]
[2019.06.24-18.37.03:166][  0]LogConfig: Setting CVar [[r.Shadow.RadiusThreshold:0.01]]
[2019.06.24-18.37.03:166][  0]LogConfig: Setting CVar [[r.Shadow.DistanceScale:1.0]]
[2019.06.24-18.37.03:166][  0]LogConfig: Setting CVar [[r.Shadow.CSM.TransitionScale:1.0]]
[2019.06.24-18.37.03:166][  0]LogConfig: Setting CVar [[r.Shadow.PreShadowResolutionFactor:1.0]]
[2019.06.24-18.37.03:166][  0]LogConfig: Setting CVar [[r.DistanceFieldShadowing:1]]
[2019.06.24-18.37.03:166][  0]LogConfig: Setting CVar [[r.DistanceFieldAO:1]]
[2019.06.24-18.37.03:166][  0]LogConfig: Setting CVar [[r.AOQuality:2]]
[2019.06.24-18.37.03:166][  0]LogConfig: Setting CVar [[r.VolumetricFog:1]]
[2019.06.24-18.37.03:166][  0]LogConfig: Setting CVar [[r.VolumetricFog.GridPixelSize:8]]
[2019.06.24-18.37.03:166][  0]LogConfig: Setting CVar [[r.VolumetricFog.GridSizeZ:128]]
[2019.06.24-18.37.03:166][  0]LogConfig: Setting CVar [[r.VolumetricFog.HistoryMissSupersampleCount:4]]
[2019.06.24-18.37.03:166][  0]LogConfig: Setting CVar [[r.LightMaxDrawDistanceScale:1]]
[2019.06.24-18.37.03:166][  0]LogConfig: Setting CVar [[r.CapsuleShadows:1]]
[2019.06.24-18.37.03:166][  0]LogConfig: Applying CVar settings from Section [PostProcessQuality@3] File [C:/Users/iD Student/Desktop/Final_project/Final_Project/Saved/Config/Windows/Scalability.ini]
[2019.06.24-18.37.03:166][  0]LogConfig: Setting CVar [[r.MotionBlurQuality:4]]
[2019.06.24-18.37.03:166][  0]LogConfig: Setting CVar [[r.AmbientOcclusionMipLevelFactor:0.4]]
[2019.06.24-18.37.03:166][  0]LogConfig: Setting CVar [[r.AmbientOcclusionMaxQuality:100]]
[2019.06.24-18.37.03:166][  0]LogConfig: Setting CVar [[r.AmbientOcclusionLevels:-1]]
[2019.06.24-18.37.03:166][  0]LogConfig: Setting CVar [[r.AmbientOcclusionRadiusScale:1.0]]
[2019.06.24-18.37.03:166][  0]LogConfig: Setting CVar [[r.DepthOfFieldQuality:2]]
[2019.06.24-18.37.03:166][  0]LogConfig: Setting CVar [[r.RenderTargetPoolMin:400]]
[2019.06.24-18.37.03:166][  0]LogConfig: Setting CVar [[r.LensFlareQuality:2]]
[2019.06.24-18.37.03:166][  0]LogConfig: Setting CVar [[r.SceneColorFringeQuality:1]]
[2019.06.24-18.37.03:166][  0]LogConfig: Setting CVar [[r.EyeAdaptationQuality:2]]
[2019.06.24-18.37.03:166][  0]LogConfig: Setting CVar [[r.BloomQuality:5]]
[2019.06.24-18.37.03:166][  0]LogConfig: Setting CVar [[r.FastBlurThreshold:100]]
[2019.06.24-18.37.03:166][  0]LogConfig: Setting CVar [[r.Upscale.Quality:3]]
[2019.06.24-18.37.03:166][  0]LogConfig: Setting CVar [[r.Tonemapper.GrainQuantization:1]]
[2019.06.24-18.37.03:166][  0]LogConfig: Setting CVar [[r.LightShaftQuality:1]]
[2019.06.24-18.37.03:166][  0]LogConfig: Setting CVar [[r.Filter.SizeScale:1]]
[2019.06.24-18.37.03:166][  0]LogConfig: Setting CVar [[r.Tonemapper.Quality:5]]
[2019.06.24-18.37.03:166][  0]LogConfig: Setting CVar [[r.DOF.Gather.AccumulatorQuality:1        ; higher gathering accumulator quality]]
[2019.06.24-18.37.03:166][  0]LogConfig: Setting CVar [[r.DOF.Gather.PostfilterMethod:1          ; Median3x3 postfilering method]]
[2019.06.24-18.37.03:166][  0]LogConfig: Setting CVar [[r.DOF.Gather.EnableBokehSettings:0       ; no bokeh simulation when gathering]]
[2019.06.24-18.37.03:166][  0]LogConfig: Setting CVar [[r.DOF.Gather.RingCount:4                 ; medium number of samples when gathering]]
[2019.06.24-18.37.03:166][  0]LogConfig: Setting CVar [[r.DOF.Scatter.ForegroundCompositing:1    ; additive foreground scattering]]
[2019.06.24-18.37.03:166][  0]LogConfig: Setting CVar [[r.DOF.Scatter.BackgroundCompositing:2    ; additive background scattering]]
[2019.06.24-18.37.03:166][  0]LogConfig: Setting CVar [[r.DOF.Scatter.EnableBokehSettings:1      ; bokeh simulation when scattering]]
[2019.06.24-18.37.03:166][  0]LogConfig: Setting CVar [[r.DOF.Scatter.MaxSpriteRatio:0.1         ; only a maximum of 10% of scattered bokeh]]
[2019.06.24-18.37.03:166][  0]LogConfig: Setting CVar [[r.DOF.Recombine.Quality:1                ; cheap slight out of focus]]
[2019.06.24-18.37.03:166][  0]LogConfig: Setting CVar [[r.DOF.Recombine.EnableBokehSettings:0    ; no bokeh simulation on slight out of focus]]
[2019.06.24-18.37.03:166][  0]LogConfig: Setting CVar [[r.DOF.TemporalAAQuality:1                ; more stable temporal accumulation]]
[2019.06.24-18.37.03:166][  0]LogConfig: Setting CVar [[r.DOF.Kernel.MaxForegroundRadius:0.025]]
[2019.06.24-18.37.03:166][  0]LogConfig: Setting CVar [[r.DOF.Kernel.MaxBackgroundRadius:0.025]]
[2019.06.24-18.37.03:166][  0]LogConfig: Applying CVar settings from Section [TextureQuality@3] File [C:/Users/iD Student/Desktop/Final_project/Final_Project/Saved/Config/Windows/Scalability.ini]
[2019.06.24-18.37.03:166][  0]LogConfig: Setting CVar [[r.Streaming.MipBias:0]]
[2019.06.24-18.37.03:166][  0]LogConfig: Setting CVar [[r.Streaming.AmortizeCPUToGPUCopy:0]]
[2019.06.24-18.37.03:166][  0]LogConfig: Setting CVar [[r.Streaming.MaxNumTexturesToStreamPerFrame:0]]
[2019.06.24-18.37.03:166][  0]LogConfig: Setting CVar [[r.Streaming.Boost:1]]
[2019.06.24-18.37.03:166][  0]LogConfig: Setting CVar [[r.MaxAnisotropy:8]]
[2019.06.24-18.37.03:166][  0]LogConfig: Setting CVar [[r.Streaming.LimitPoolSizeToVRAM:0]]
[2019.06.24-18.37.03:166][  0]LogConfig: Setting CVar [[r.Streaming.PoolSize:1000]]
[2019.06.24-18.37.03:166][  0]LogConfig: Setting CVar [[r.Streaming.MaxEffectiveScreenSize:0]]
[2019.06.24-18.37.03:166][  0]LogConfig: Applying CVar settings from Section [EffectsQuality@3] File [C:/Users/iD Student/Desktop/Final_project/Final_Project/Saved/Config/Windows/Scalability.ini]
[2019.06.24-18.37.03:166][  0]LogConfig: Setting CVar [[r.TranslucencyLightingVolumeDim:64]]
[2019.06.24-18.37.03:166][  0]LogConfig: Setting CVar [[r.RefractionQuality:2]]
[2019.06.24-18.37.03:166][  0]LogConfig: Setting CVar [[r.SSR.Quality:3]]
[2019.06.24-18.37.03:166][  0]LogConfig: Setting CVar [[r.SceneColorFormat:4]]
[2019.06.24-18.37.03:166][  0]LogConfig: Setting CVar [[r.DetailMode:2]]
[2019.06.24-18.37.03:166][  0]LogConfig: Setting CVar [[r.TranslucencyVolumeBlur:1]]
[2019.06.24-18.37.03:166][  0]LogConfig: Setting CVar [[r.MaterialQualityLevel:1 ; High quality]]
[2019.06.24-18.37.03:166][  0]LogConfig: Setting CVar [[r.SSS.Scale:1]]
[2019.06.24-18.37.03:166][  0]LogConfig: Setting CVar [[r.SSS.SampleSet:2]]
[2019.06.24-18.37.03:166][  0]LogConfig: Setting CVar [[r.SSS.Quality:1]]
[2019.06.24-18.37.03:166][  0]LogConfig: Setting CVar [[r.SSS.HalfRes:1]]
[2019.06.24-18.37.03:166][  0]LogConfig: Setting CVar [[r.EmitterSpawnRateScale:1.0]]
[2019.06.24-18.37.03:166][  0]LogConfig: Setting CVar [[r.ParticleLightQuality:2]]
[2019.06.24-18.37.03:166][  0]LogConfig: Applying CVar settings from Section [FoliageQuality@3] File [C:/Users/iD Student/Desktop/Final_project/Final_Project/Saved/Config/Windows/Scalability.ini]
[2019.06.24-18.37.03:166][  0]LogConfig: Setting CVar [[foliage.DensityScale:1.0]]
[2019.06.24-18.37.03:166][  0]LogConfig: Setting CVar [[grass.DensityScale:1.0]]
[2019.06.24-18.37.03:166][  0]LogInit: Selected Device Profile: [Windows]
[2019.06.24-18.37.03:166][  0]LogInit: Applying CVar settings loaded from the selected device profile: [Windows]
[2019.06.24-18.37.03:176][  0]LogHAL: Display: Platform has ~ 16 GB [16964157440 / 17179869184 / 16], which maps to Larger [LargestMinGB=32, LargerMinGB=12, DefaultMinGB=8, SmallerMinGB=6, SmallestMinGB=0)
[2019.06.24-18.37.03:176][  0]LogConfig: Setting CVar [[r.Vulkan.UseRealUBs:1]]
[2019.06.24-18.37.03:176][  0]LogInit: Going up to parent DeviceProfile []
[2019.06.24-18.37.03:176][  0]LogConfig: Applying CVar settings from Section [ViewDistanceQuality@3] File [C:/Users/iD Student/Desktop/Final_project/Final_Project/Saved/Config/Windows/Scalability.ini]
[2019.06.24-18.37.03:176][  0]LogConfig: Setting CVar [[r.SkeletalMeshLODBias:0]]
[2019.06.24-18.37.03:176][  0]LogConfig: Setting CVar [[r.ViewDistanceScale:1.0]]
[2019.06.24-18.37.03:176][  0]LogConfig: Applying CVar settings from Section [AntiAliasingQuality@3] File [C:/Users/iD Student/Desktop/Final_project/Final_Project/Saved/Config/Windows/Scalability.ini]
[2019.06.24-18.37.03:176][  0]LogConfig: Setting CVar [[r.PostProcessAAQuality:4]]
[2019.06.24-18.37.03:176][  0]LogConfig: Applying CVar settings from Section [ShadowQuality@3] File [C:/Users/iD Student/Desktop/Final_project/Final_Project/Saved/Config/Windows/Scalability.ini]
[2019.06.24-18.37.03:176][  0]LogConfig: Setting CVar [[r.LightFunctionQuality:1]]
[2019.06.24-18.37.03:176][  0]LogConfig: Setting CVar [[r.ShadowQuality:5]]
[2019.06.24-18.37.03:176][  0]LogConfig: Setting CVar [[r.Shadow.CSM.MaxCascades:10]]
[2019.06.24-18.37.03:176][  0]LogConfig: Setting CVar [[r.Shadow.MaxResolution:2048]]
[2019.06.24-18.37.03:176][  0]LogConfig: Setting CVar [[r.Shadow.MaxCSMResolution:2048]]
[2019.06.24-18.37.03:176][  0]LogConfig: Setting CVar [[r.Shadow.RadiusThreshold:0.01]]
[2019.06.24-18.37.03:176][  0]LogConfig: Setting CVar [[r.Shadow.DistanceScale:1.0]]
[2019.06.24-18.37.03:176][  0]LogConfig: Setting CVar [[r.Shadow.CSM.TransitionScale:1.0]]
[2019.06.24-18.37.03:176][  0]LogConfig: Setting CVar [[r.Shadow.PreShadowResolutionFactor:1.0]]
[2019.06.24-18.37.03:176][  0]LogConfig: Setting CVar [[r.DistanceFieldShadowing:1]]
[2019.06.24-18.37.03:176][  0]LogConfig: Setting CVar [[r.DistanceFieldAO:1]]
[2019.06.24-18.37.03:176][  0]LogConfig: Setting CVar [[r.AOQuality:2]]
[2019.06.24-18.37.03:176][  0]LogConfig: Setting CVar [[r.VolumetricFog:1]]
[2019.06.24-18.37.03:176][  0]LogConfig: Setting CVar [[r.VolumetricFog.GridPixelSize:8]]
[2019.06.24-18.37.03:176][  0]LogConfig: Setting CVar [[r.VolumetricFog.GridSizeZ:128]]
[2019.06.24-18.37.03:176][  0]LogConfig: Setting CVar [[r.VolumetricFog.HistoryMissSupersampleCount:4]]
[2019.06.24-18.37.03:176][  0]LogConfig: Setting CVar [[r.LightMaxDrawDistanceScale:1]]
[2019.06.24-18.37.03:176][  0]LogConfig: Setting CVar [[r.CapsuleShadows:1]]
[2019.06.24-18.37.03:177][  0]LogConfig: Applying CVar settings from Section [PostProcessQuality@3] File [C:/Users/iD Student/Desktop/Final_project/Final_Project/Saved/Config/Windows/Scalability.ini]
[2019.06.24-18.37.03:177][  0]LogConfig: Setting CVar [[r.MotionBlurQuality:4]]
[2019.06.24-18.37.03:177][  0]LogConfig: Setting CVar [[r.AmbientOcclusionMipLevelFactor:0.4]]
[2019.06.24-18.37.03:177][  0]LogConfig: Setting CVar [[r.AmbientOcclusionMaxQuality:100]]
[2019.06.24-18.37.03:177][  0]LogConfig: Setting CVar [[r.AmbientOcclusionLevels:-1]]
[2019.06.24-18.37.03:177][  0]LogConfig: Setting CVar [[r.AmbientOcclusionRadiusScale:1.0]]
[2019.06.24-18.37.03:177][  0]LogConfig: Setting CVar [[r.DepthOfFieldQuality:2]]
[2019.06.24-18.37.03:177][  0]LogConfig: Setting CVar [[r.RenderTargetPoolMin:400]]
[2019.06.24-18.37.03:177][  0]LogConfig: Setting CVar [[r.LensFlareQuality:2]]
[2019.06.24-18.37.03:177][  0]LogConfig: Setting CVar [[r.SceneColorFringeQuality:1]]
[2019.06.24-18.37.03:177][  0]LogConfig: Setting CVar [[r.EyeAdaptationQuality:2]]
[2019.06.24-18.37.03:177][  0]LogConfig: Setting CVar [[r.BloomQuality:5]]
[2019.06.24-18.37.03:177][  0]LogConfig: Setting CVar [[r.FastBlurThreshold:100]]
[2019.06.24-18.37.03:177][  0]LogConfig: Setting CVar [[r.Upscale.Quality:3]]
[2019.06.24-18.37.03:177][  0]LogConfig: Setting CVar [[r.Tonemapper.GrainQuantization:1]]
[2019.06.24-18.37.03:177][  0]LogConfig: Setting CVar [[r.LightShaftQuality:1]]
[2019.06.24-18.37.03:177][  0]LogConfig: Setting CVar [[r.Filter.SizeScale:1]]
[2019.06.24-18.37.03:177][  0]LogConfig: Setting CVar [[r.Tonemapper.Quality:5]]
[2019.06.24-18.37.03:177][  0]LogConfig: Setting CVar [[r.DOF.Gather.AccumulatorQuality:1        ; higher gathering accumulator quality]]
[2019.06.24-18.37.03:177][  0]LogConfig: Setting CVar [[r.DOF.Gather.PostfilterMethod:1          ; Median3x3 postfilering method]]
[2019.06.24-18.37.03:177][  0]LogConfig: Setting CVar [[r.DOF.Gather.EnableBokehSettings:0       ; no bokeh simulation when gathering]]
[2019.06.24-18.37.03:177][  0]LogConfig: Setting CVar [[r.DOF.Gather.RingCount:4                 ; medium number of samples when gathering]]
[2019.06.24-18.37.03:177][  0]LogConfig: Setting CVar [[r.DOF.Scatter.ForegroundCompositing:1    ; additive foreground scattering]]
[2019.06.24-18.37.03:177][  0]LogConfig: Setting CVar [[r.DOF.Scatter.BackgroundCompositing:2    ; additive background scattering]]
[2019.06.24-18.37.03:177][  0]LogConfig: Setting CVar [[r.DOF.Scatter.EnableBokehSettings:1      ; bokeh simulation when scattering]]
[2019.06.24-18.37.03:177][  0]LogConfig: Setting CVar [[r.DOF.Scatter.MaxSpriteRatio:0.1         ; only a maximum of 10% of scattered bokeh]]
[2019.06.24-18.37.03:177][  0]LogConfig: Setting CVar [[r.DOF.Recombine.Quality:1                ; cheap slight out of focus]]
[2019.06.24-18.37.03:177][  0]LogConfig: Setting CVar [[r.DOF.Recombine.EnableBokehSettings:0    ; no bokeh simulation on slight out of focus]]
[2019.06.24-18.37.03:177][  0]LogConfig: Setting CVar [[r.DOF.TemporalAAQuality:1                ; more stable temporal accumulation]]
[2019.06.24-18.37.03:177][  0]LogConfig: Setting CVar [[r.DOF.Kernel.MaxForegroundRadius:0.025]]
[2019.06.24-18.37.03:177][  0]LogConfig: Setting CVar [[r.DOF.Kernel.MaxBackgroundRadius:0.025]]
[2019.06.24-18.37.03:177][  0]LogConfig: Applying CVar settings from Section [TextureQuality@3] File [C:/Users/iD Student/Desktop/Final_project/Final_Project/Saved/Config/Windows/Scalability.ini]
[2019.06.24-18.37.03:177][  0]LogConfig: Setting CVar [[r.Streaming.MipBias:0]]
[2019.06.24-18.37.03:177][  0]LogConfig: Setting CVar [[r.Streaming.AmortizeCPUToGPUCopy:0]]
[2019.06.24-18.37.03:177][  0]LogConfig: Setting CVar [[r.Streaming.MaxNumTexturesToStreamPerFrame:0]]
[2019.06.24-18.37.03:177][  0]LogConfig: Setting CVar [[r.Streaming.Boost:1]]
[2019.06.24-18.37.03:177][  0]LogConfig: Setting CVar [[r.MaxAnisotropy:8]]
[2019.06.24-18.37.03:177][  0]LogConfig: Setting CVar [[r.Streaming.LimitPoolSizeToVRAM:0]]
[2019.06.24-18.37.03:177][  0]LogConfig: Setting CVar [[r.Streaming.PoolSize:1000]]
[2019.06.24-18.37.03:177][  0]LogConfig: Setting CVar [[r.Streaming.MaxEffectiveScreenSize:0]]
[2019.06.24-18.37.03:177][  0]LogConfig: Applying CVar settings from Section [EffectsQuality@3] File [C:/Users/iD Student/Desktop/Final_project/Final_Project/Saved/Config/Windows/Scalability.ini]
[2019.06.24-18.37.03:177][  0]LogConfig: Setting CVar [[r.TranslucencyLightingVolumeDim:64]]
[2019.06.24-18.37.03:177][  0]LogConfig: Setting CVar [[r.RefractionQuality:2]]
[2019.06.24-18.37.03:177][  0]LogConfig: Setting CVar [[r.SSR.Quality:3]]
[2019.06.24-18.37.03:177][  0]LogConfig: Setting CVar [[r.SceneColorFormat:4]]
[2019.06.24-18.37.03:177][  0]LogConfig: Setting CVar [[r.DetailMode:2]]
[2019.06.24-18.37.03:177][  0]LogConfig: Setting CVar [[r.TranslucencyVolumeBlur:1]]
[2019.06.24-18.37.03:177][  0]LogConfig: Setting CVar [[r.MaterialQualityLevel:1 ; High quality]]
[2019.06.24-18.37.03:177][  0]LogConfig: Setting CVar [[r.SSS.Scale:1]]
[2019.06.24-18.37.03:177][  0]LogConfig: Setting CVar [[r.SSS.SampleSet:2]]
[2019.06.24-18.37.03:177][  0]LogConfig: Setting CVar [[r.SSS.Quality:1]]
[2019.06.24-18.37.03:177][  0]LogConfig: Setting CVar [[r.SSS.HalfRes:1]]
[2019.06.24-18.37.03:177][  0]LogConfig: Setting CVar [[r.EmitterSpawnRateScale:1.0]]
[2019.06.24-18.37.03:177][  0]LogConfig: Setting CVar [[r.ParticleLightQuality:2]]
[2019.06.24-18.37.03:177][  0]LogConfig: Applying CVar settings from Section [FoliageQuality@3] File [C:/Users/iD Student/Desktop/Final_project/Final_Project/Saved/Config/Windows/Scalability.ini]
[2019.06.24-18.37.03:177][  0]LogConfig: Setting CVar [[foliage.DensityScale:1.0]]
[2019.06.24-18.37.03:177][  0]LogConfig: Setting CVar [[grass.DensityScale:1.0]]
[2019.06.24-18.37.03:177][  0]LogConfig: Applying CVar settings from Section [Startup] File [../../../Engine/Config/ConsoleVariables.ini]
[2019.06.24-18.37.03:177][  0]LogConfig: Setting CVar [[net.UseAdaptiveNetUpdateFrequency:0]]
[2019.06.24-18.37.03:177][  0]LogConfig: Applying CVar settings from Section [ConsoleVariables] File [C:/Users/iD Student/Desktop/Final_project/Final_Project/Saved/Config/Windows/Engine.ini]
[2019.06.24-18.37.03:177][  0]LogInit: Computer: CAMP-GZF88T2
[2019.06.24-18.37.03:177][  0]LogInit: User: iDStudent
[2019.06.24-18.37.03:177][  0]LogInit: CPU Page size=4096, Cores=6
[2019.06.24-18.37.03:177][  0]LogInit: High frequency timer resolution =10.000000 MHz
[2019.06.24-18.37.03:178][  0]LogMemory: Memory total: Physical=15.8GB (16GB approx)
[2019.06.24-18.37.03:178][  0]LogMemory: Platform Memory Stats for Windows
[2019.06.24-18.37.03:178][  0]LogMemory: Process Physical Memory: 103.75 MB used, 103.76 MB peak
[2019.06.24-18.37.03:178][  0]LogMemory: Process Virtual Memory: 86.18 MB used, 86.18 MB peak
[2019.06.24-18.37.03:178][  0]LogMemory: Physical Memory: 6115.82 MB used,  10062.46 MB free, 16178.28 MB total
[2019.06.24-18.37.03:178][  0]LogMemory: Virtual Memory: 4662.48 MB used,  134213064.00 MB free, 134217728.00 MB total
[2019.06.24-18.37.03:192][  0]LogInit: Using OS detected language (en-US).
[2019.06.24-18.37.03:192][  0]LogInit: Using OS detected locale (en-US).
[2019.06.24-18.37.03:192][  0]LogTextLocalizationManager: No specific localization for 'en-US' exists, so the 'en' localization will be used.
[2019.06.24-18.37.03:574][  0]LogStreaming: Display: Took  0.382s to InitEngineTextLocalization.
[2019.06.24-18.37.03:574][  0]LogInit: Setting process to per monitor DPI aware
[2019.06.24-18.37.03:618][  0]LogSlate: New Slate User Created.  User Index 0, Is Virtual User: 0
[2019.06.24-18.37.03:619][  0]LogSlate: Slate User Registered.  User Index 0, Is Virtual User: 0
[2019.06.24-18.37.03:840][  0]LogHMD: Failed to initialize OpenVR with code 110
[2019.06.24-18.37.03:840][  0]LogD3D11RHI: D3D11 adapters:
[2019.06.24-18.37.03:907][  0]LogD3D11RHI:    0. 'NVIDIA GeForce GTX 1060 with Max-Q Design' (Feature Level 11_0)
[2019.06.24-18.37.03:907][  0]LogD3D11RHI:       6052/0/8089 MB DedicatedVideo/DedicatedSystem/SharedSystem, Outputs:1, VendorId:0x10de
[2019.06.24-18.37.03:917][  0]LogD3D11RHI:    1. 'Intel(R) UHD Graphics 630' (Feature Level 11_0)
[2019.06.24-18.37.03:918][  0]LogD3D11RHI:       128/0/8089 MB DedicatedVideo/DedicatedSystem/SharedSystem, Outputs:0, VendorId:0x8086
[2019.06.24-18.37.03:919][  0]LogD3D11RHI:    2. 'Microsoft Basic Render Driver' (Feature Level 11_0)
[2019.06.24-18.37.03:919][  0]LogD3D11RHI:       0/0/8089 MB DedicatedVideo/DedicatedSystem/SharedSystem, Outputs:0, VendorId:0x1414
[2019.06.24-18.37.03:919][  0]LogD3D11RHI: Chosen D3D11 Adapter: 0
[2019.06.24-18.37.03:946][  0]LogD3D11RHI: Creating new Direct3DDevice
[2019.06.24-18.37.03:946][  0]LogD3D11RHI:     GPU DeviceId: 0x1c20 (for the marketing name, search the web for "GPU Device Id")
[2019.06.24-18.37.03:946][  0]LogWindows: EnumDisplayDevices:
[2019.06.24-18.37.03:946][  0]LogWindows:    0. 'Intel(R) UHD Graphics 630' (P:1 D:1)
[2019.06.24-18.37.03:946][  0]LogWindows:    1. 'Intel(R) UHD Graphics 630' (P:0 D:0)
[2019.06.24-18.37.03:947][  0]LogWindows:    2. 'Intel(R) UHD Graphics 630' (P:0 D:0)
[2019.06.24-18.37.03:947][  0]LogWindows:    3. 'NVIDIA GeForce GTX 1060 with Max-Q Design' (P:0 D:0)
[2019.06.24-18.37.03:947][  0]LogWindows: DebugString: PrimaryIsNotTheChoosenAdapter PrimaryIsNotTheChoosenAdapter PrimaryIsNotTheChoosenAdapter 
[2019.06.24-18.37.03:947][  0]LogD3D11RHI:     Adapter Name: NVIDIA GeForce GTX 1060 with Max-Q Design
[2019.06.24-18.37.03:947][  0]LogD3D11RHI:   Driver Version: 419.35 (internal:25.21.14.1935, unified:419.35)
[2019.06.24-18.37.03:947][  0]LogD3D11RHI:      Driver Date: 3-1-2019
[2019.06.24-18.37.03:947][  0]LogRHI: Texture pool is 4236 MB (70% of 6052 MB)
[2019.06.24-18.37.03:982][  0]LogD3D11RHI: Async texture creation enabled
[2019.06.24-18.37.03:994][  0]LogD3D11RHI: GPU Timing Frequency: 1000.000000 (Debug: 2 1)
[2019.06.24-18.37.04:330][  0]LogTemp: Display: Loaded TP AllDesktopTargetPlatform
[2019.06.24-18.37.04:340][  0]LogTemp: Display: Loaded TP MacClientTargetPlatform
[2019.06.24-18.37.04:351][  0]LogTemp: Display: Loaded TP MacNoEditorTargetPlatform
[2019.06.24-18.37.04:361][  0]LogTemp: Display: Loaded TP MacServerTargetPlatform
[2019.06.24-18.37.04:372][  0]LogTemp: Display: Loaded TP MacTargetPlatform
[2019.06.24-18.37.04:382][  0]LogTemp: Display: Loaded TP WindowsClientTargetPlatform
[2019.06.24-18.37.04:393][  0]LogTemp: Display: Loaded TP WindowsNoEditorTargetPlatform
[2019.06.24-18.37.04:404][  0]LogTemp: Display: Loaded TP WindowsServerTargetPlatform
[2019.06.24-18.37.04:408][  0]LogTemp: Display: Loaded TP WindowsTargetPlatform
[2019.06.24-18.37.04:468][  0]LogTemp: Display: Loaded TP AndroidTargetPlatform
[2019.06.24-18.37.04:468][  0]LogTemp: Display: Loaded TP AndroidTargetPlatform
[2019.06.24-18.37.04:468][  0]LogTemp: Display: Loaded TP AndroidTargetPlatform
[2019.06.24-18.37.04:468][  0]LogTemp: Display: Loaded TP AndroidTargetPlatform
[2019.06.24-18.37.04:468][  0]LogTemp: Display: Loaded TP AndroidTargetPlatform
[2019.06.24-18.37.04:468][  0]LogTemp: Display: Loaded TP AndroidTargetPlatform
[2019.06.24-18.37.04:468][  0]LogTemp: Display: Loaded TP AndroidTargetPlatform
[2019.06.24-18.37.04:468][  0]LogTemp: Display: Loaded TP AndroidTargetPlatform
[2019.06.24-18.37.04:468][  0]LogTemp: Display: Loaded TP AndroidTargetPlatform
[2019.06.24-18.37.04:468][  0]LogTemp: Display: Loaded TP AndroidTargetPlatform
[2019.06.24-18.37.04:468][  0]LogTemp: Display: Loaded TP AndroidTargetPlatform
[2019.06.24-18.37.04:468][  0]LogTemp: Display: Loaded TP AndroidTargetPlatform
[2019.06.24-18.37.04:468][  0]LogTemp: Display: Loaded TP AndroidTargetPlatform
[2019.06.24-18.37.04:468][  0]LogTemp: Display: Loaded TP AndroidTargetPlatform
[2019.06.24-18.37.04:468][  0]LogTemp: Display: Loaded TP AndroidTargetPlatform
[2019.06.24-18.37.04:468][  0]LogTemp: Display: Loaded TP AndroidTargetPlatform
[2019.06.24-18.37.04:468][  0]LogTemp: Display: Loaded TP AndroidTargetPlatform
[2019.06.24-18.37.04:468][  0]LogTemp: Display: Loaded TP AndroidTargetPlatform
[2019.06.24-18.37.04:469][  0]LogTemp: Display: Loaded TP HTML5TargetPlatform
[2019.06.24-18.37.04:522][  0]LogTemp: Display: Loaded TP IOSTargetPlatform
[2019.06.24-18.37.04:522][  0]LogTemp: Display: Loaded TP IOSTargetPlatform
[2019.06.24-18.37.04:545][  0]LogTemp: Display: Loaded TP TVOSTargetPlatform
[2019.06.24-18.37.04:545][  0]LogTemp: Display: Loaded TP TVOSTargetPlatform
[2019.06.24-18.37.04:555][  0]LogTemp: Display: Loaded TP LinuxClientTargetPlatform
[2019.06.24-18.37.04:565][  0]LogTemp: Display: Loaded TP LinuxNoEditorTargetPlatform
[2019.06.24-18.37.04:574][  0]LogTemp: Display: Loaded TP LinuxServerTargetPlatform
[2019.06.24-18.37.04:584][  0]LogTemp: Display: Loaded TP LinuxTargetPlatform
[2019.06.24-18.37.04:623][  0]LogTemp: Display: Loaded TP LuminTargetPlatform
[2019.06.24-18.37.04:623][  0]LogTemp: Display: Loaded TP LuminTargetPlatform
[2019.06.24-18.37.04:623][  0]LogTargetPlatformManager: Display: Building Assets For Windows
[2019.06.24-18.37.04:666][  0]LogShaderCompilers: Guid format shader working directory is -20 characters bigger than the processId version (../../../../../../Users/iD Student/Desktop/Final_project/Final_Project/Intermediate/Shaders/WorkingDirectory/41476/).
[2019.06.24-18.37.04:666][  0]LogShaderCompilers: Cleaned the shader compiler working directory 'C:/Users/iD Student/AppData/Local/Temp/UnrealShaderWorkingDir/072D3CD348E998BA5C814ABF07721A83/'.
[2019.06.24-18.37.04:668][  0]LogXGEController: Cannot use XGE Controller as Incredibuild is not installed on this machine.
[2019.06.24-18.37.04:668][  0]LogShaderCompilers: Cannot use XGE Shader Compiler as Incredibuild is not installed on this machine.
[2019.06.24-18.37.04:668][  0]LogShaderCompilers: Display: Using Local Shader Compiler.
[2019.06.24-18.37.05:115][  0]LogDerivedDataCache: Display: Max Cache Size: 512 MB
[2019.06.24-18.37.05:170][  0]LogDerivedDataCache: Loaded boot cache 0.06s 71MB C:/Users/iD Student/AppData/Local/UnrealEngine/4.21/DerivedDataCache/Boot.ddc.
[2019.06.24-18.37.05:170][  0]LogDerivedDataCache: Display: Loaded Boot cache: C:/Users/iD Student/AppData/Local/UnrealEngine/4.21/DerivedDataCache/Boot.ddc
[2019.06.24-18.37.05:170][  0]LogDerivedDataCache: FDerivedDataBackendGraph:  Pak pak cache file ../../../../../../Users/iD Student/Desktop/Final_project/Final_Project/DerivedDataCache/DDC.ddp not found, will not use a pak cache.
[2019.06.24-18.37.05:170][  0]LogDerivedDataCache: Unable to find inner node Pak for hierarchical cache Hierarchy.
[2019.06.24-18.37.05:170][  0]LogDerivedDataCache: FDerivedDataBackendGraph:  CompressedPak pak cache file ../../../../../../Users/iD Student/Desktop/Final_project/Final_Project/DerivedDataCache/Compressed.ddp not found, will not use a pak cache.
[2019.06.24-18.37.05:170][  0]LogDerivedDataCache: Unable to find inner node CompressedPak for hierarchical cache Hierarchy.
[2019.06.24-18.37.05:190][  0]LogDerivedDataCache: Display: Pak cache opened for reading ../../../Engine/DerivedDataCache/Compressed.ddp.
[2019.06.24-18.37.05:190][  0]LogDerivedDataCache: FDerivedDataBackendGraph:  EnterprisePak pak cache file ../../../Enterprise/DerivedDataCache/Compressed.ddp not found, will not use a pak cache.
[2019.06.24-18.37.05:190][  0]LogDerivedDataCache: Unable to find inner node EnterprisePak for hierarchical cache Hierarchy.
[2019.06.24-18.37.05:202][  0]LogDerivedDataCache: Using Local data cache path C:/Users/iD Student/AppData/Local/UnrealEngine/Common/DerivedDataCache: Writable
[2019.06.24-18.37.05:202][  0]LogDerivedDataCache: Shared data cache path not found in *engine.ini, will not use an Shared cache.
[2019.06.24-18.37.05:202][  0]LogDerivedDataCache: Unable to find inner node Shared for hierarchical cache Hierarchy.
[2019.06.24-18.37.05:228][  0]LogMaterial: Verifying Global Shaders for PCD3D_SM5
[2019.06.24-18.37.05:229][  0]LogSlate: Using FreeType 2.6.0
[2019.06.24-18.37.05:230][  0]LogSlate: SlateFontServices - WITH_FREETYPE: 1, WITH_HARFBUZZ: 1
[2019.06.24-18.37.05:306][  0]LogAssetRegistry: FAssetRegistry took 0.0311 seconds to start up
[2019.06.24-18.37.05:589][  0]LogInit: Selected Device Profile: [Windows]
[2019.06.24-18.37.05:709][  0]LogSimplygon: Simplygon DLL not present - disabling.
[2019.06.24-18.37.05:711][  0]LogMeshReduction: Using SimplygonSwarm for distributed automatic mesh merging
[2019.06.24-18.37.05:711][  0]LogMeshReduction: Using ProxyLODMeshReduction for automatic mesh merging
[2019.06.24-18.37.05:711][  0]LogMeshReduction: Using QuadricMeshReduction for automatic static mesh reduction
[2019.06.24-18.37.05:711][  0]LogMeshReduction: No automatic skeletal mesh reduction module available
[2019.06.24-18.37.05:722][  0]LogNetVersion: Final_Project 1.0.0, NetCL: 4541578, EngineNetVer: 5, GameNetVer: 0 (Checksum: 307496195)
[2019.06.24-18.37.06:138][  0]LogPackageLocalizationCache: Processed 11 localized package path(s) for 2 prioritized culture(s) in 0.083189 seconds
[2019.06.24-18.37.06:144][  0]LogUObjectArray: 39775 objects as part of root set at end of initial load.
[2019.06.24-18.37.06:144][  0]LogUObjectAllocator: 6914664 out of 0 bytes used by permanent object pool.
[2019.06.24-18.37.06:144][  0]LogUObjectArray: CloseDisregardForGC: 0/0 objects in disregard for GC pool
[2019.06.24-18.37.06:888][  0]LogTcpMessaging: Initializing TcpMessaging bridge
[2019.06.24-18.37.06:901][  0]LogUdpMessaging: Initializing bridge on interface 0.0.0.0:0 to multicast group 230.0.0.1:6666.
[2019.06.24-18.37.07:452][  0]SourceControl: Source control is disabled
[2019.06.24-18.37.07:452][  0]SourceControl: Source control is disabled
[2019.06.24-18.37.07:453][  0]SourceControl: Source control is disabled
[2019.06.24-18.37.07:453][  0]SourceControl: Source control is disabled
[2019.06.24-18.37.07:587][  0]LogAndroidPermission: UAndroidPermissionCallbackProxy::GetInstance
[2019.06.24-18.37.07:655][  0]LogOcInput: OculusInput pre-init called
[2019.06.24-18.37.07:792][  0]LogEngine: Initializing Engine...
[2019.06.24-18.37.07:792][  0]LogHMD: Failed to initialize OpenVR with code 110
[2019.06.24-18.37.07:793][  0]LogStats: UGameplayTagsManager::ConstructGameplayTagTree: ImportINI prefixes -  0.000 s
[2019.06.24-18.37.07:793][  0]LogStats: UGameplayTagsManager::ConstructGameplayTagTree: Construct from data asset -  0.000 s
[2019.06.24-18.37.07:793][  0]LogStats: UGameplayTagsManager::ConstructGameplayTagTree: ImportINI -  0.000 s
[2019.06.24-18.37.07:793][  0]LogStats: UGameplayTagsManager::ConstructGameplayTagTree: GameplayTagTreeChangedEvent.Broadcast -  0.000 s
[2019.06.24-18.37.07:987][  0]LogInit: Initializing FReadOnlyCVARCache
[2019.06.24-18.37.07:996][  0]LogAIModule: Creating AISystem for world Untitled
[2019.06.24-18.37.08:008][  0]LogInit: XAudio2 using 'Speakers (USB Audio Device)' : 2 channels at 48 kHz using 16 bits per sample (channel mask 0x3)
[2019.06.24-18.37.08:019][  0]LogInit: FAudioDevice initialized.
[2019.06.24-18.37.08:020][  0]LogNetVersion: Set ProjectVersion to 1.0.0.0. Version Checksum will be recalculated on next use.
[2019.06.24-18.37.08:088][  0]LogDerivedDataCache: Saved boot cache 0.07s 71MB C:/Users/iD Student/AppData/Local/UnrealEngine/4.21/DerivedDataCache/Boot.ddc.
[2019.06.24-18.37.08:092][  0]LogInit: Texture streaming: Enabled
[2019.06.24-18.37.08:104][  0]LogEngineSessionManager: EngineSessionManager initialized
[2019.06.24-18.37.08:118][  0]LogInit: Transaction tracking system initialized
[2019.06.24-18.37.08:134][  0]BlueprintLog: New page: Editor Load
[2019.06.24-18.37.08:197][  0]LocalizationService: Localization service is disabled
[2019.06.24-18.37.08:727][  0]LogFileCache: Scanning file cache for directory 'C:/Users/iD Student/Desktop/Final_project/Final_Project/Content/' took 0.02s
[2019.06.24-18.37.08:728][  0]LogCook: Display: Max memory allowance for cook 16384mb min free memory 0mb
[2019.06.24-18.37.08:728][  0]LogCook: Display: Mobile HDR setting 1
[2019.06.24-18.37.08:728][  0]LogGameplayTags: Display: UGameplayTagsManager::DoneAddingNativeTags. DelegateIsBound: 0
[2019.06.24-18.37.08:728][  0]LogStats: UGameplayTagsManager::ConstructGameplayTagTree: ImportINI prefixes -  0.000 s
[2019.06.24-18.37.08:728][  0]LogStats: UGameplayTagsManager::ConstructGameplayTagTree: Construct from data asset -  0.000 s
[2019.06.24-18.37.08:728][  0]LogStats: UGameplayTagsManager::ConstructGameplayTagTree: ImportINI -  0.000 s
[2019.06.24-18.37.08:728][  0]LogStats: UGameplayTagsManager::ConstructGameplayTagTree: GameplayTagTreeChangedEvent.Broadcast -  0.000 s
[2019.06.24-18.37.08:833][  0]SourceControl: Source control is disabled
[2019.06.24-18.37.08:833][  0]Cmd: MAP LOAD FILE="../../../../../../Users/iD Student/Desktop/Final_project/Final_Project/Content/FirstPersonBP/Maps/FirstPersonExampleMap.umap" TEMPLATE=0 SHOWPROGRESS=1 FEATURELEVEL=3
[2019.06.24-18.37.08:833][  0]LightingResults: New page: Lighting Build
[2019.06.24-18.37.08:835][  0]MapCheck: New page: Map Check
[2019.06.24-18.37.08:835][  0]LightingResults: New page: Lighting Build
[2019.06.24-18.37.09:029][  0]LogLinker: Warning: Can't find file '/Game/FirstPersonBP/Maps/FirstPersonExampleMap_BuiltData'
[2019.06.24-18.37.09:029][  0]LogLinker: Warning: Can't find file for asset '/Game/FirstPersonBP/Maps/FirstPersonExampleMap_BuiltData' while loading ../../../../../../Users/iD Student/Desktop/Final_project/Final_Project/Content/FirstPersonBP/Maps/FirstPersonExampleMap.umap.
[2019.06.24-18.37.09:029][  0]LoadErrors: Error: /Game/FirstPersonBP/Maps/FirstPersonExampleMap : Can't find file for asset. /Game/FirstPersonBP/Maps/FirstPersonExampleMap_BuiltData
[2019.06.24-18.37.09:033][  0]LogLinker: Warning: Can't find file '/Game/FirstPersonBP/Maps/FirstPersonExampleMap_BuiltData'
[2019.06.24-18.37.09:033][  0]LogLinker: Warning: Can't find file for asset '/Game/FirstPersonBP/Maps/FirstPersonExampleMap_BuiltData' while loading ../../../../../../Users/iD Student/Desktop/Final_project/Final_Project/Content/FirstPersonBP/Maps/FirstPersonExampleMap.umap.
[2019.06.24-18.37.09:033][  0]LoadErrors: Error: /Game/FirstPersonBP/Maps/FirstPersonExampleMap : Can't find file for asset. /Game/FirstPersonBP/Maps/FirstPersonExampleMap_BuiltData
[2019.06.24-18.37.09:036][  0]LogLinker: Warning: Can't find file '/Game/FirstPersonBP/Maps/FirstPersonExampleMap_BuiltData'
[2019.06.24-18.37.09:036][  0]LogLinker: Warning: Can't find file for asset '/Game/FirstPersonBP/Maps/FirstPersonExampleMap_BuiltData' while loading NULL.
[2019.06.24-18.37.09:036][  0]LogLinker: Warning: Can't find file '/Game/FirstPersonBP/Maps/FirstPersonExampleMap_BuiltData'
[2019.06.24-18.37.09:036][  0]LogLinker: Warning: Can't find file for asset '/Game/FirstPersonBP/Maps/FirstPersonExampleMap_BuiltData' while loading NULL.
[2019.06.24-18.37.09:062][  0]LogLinker: Warning: Can't find file '/Game/FirstPersonBP/Maps/FirstPersonExampleMap_BuiltData'
[2019.06.24-18.37.09:062][  0]LoadErrors: Failed to load /Game/FirstPersonBP/Maps/FirstPersonExampleMap_BuiltData.FirstPersonExampleMap_BuiltData Referenced by PersistentLevel
[2019.06.24-18.37.09:062][  0]LogLinker: Warning: Can't find file for asset '/Game/FirstPersonBP/Maps/FirstPersonExampleMap_BuiltData' while loading NULL.
[2019.06.24-18.37.09:062][  0]LoadErrors: Failed to load /Game/FirstPersonBP/Maps/FirstPersonExampleMap_BuiltData.FirstPersonExampleMap_BuiltData Referenced by PersistentLevel
[2019.06.24-18.37.09:201][  0]LogAIModule: Creating AISystem for world FirstPersonExampleMap
[2019.06.24-18.37.09:209][  0]LogEditorServer: Finished looking for orphan Actors (0.000 secs)
[2019.06.24-18.37.09:235][  0]Cmd: MAP CHECKDEP NOCLEARLOG
[2019.06.24-18.37.09:235][  0]MapCheck: Map check complete: 0 Error(s), 0 Warning(s), took 0.118ms to complete.
[2019.06.24-18.37.09:235][  0]LogFileHelpers: Loading map 'FirstPersonExampleMap' took 0.403
[2019.06.24-18.37.09:319][  0]LogSlate: Updating window title bar state: overlay mode, drag disabled, window buttons hidden, title bar hidden
[2019.06.24-18.37.09:326][  0]LogSlate: Updating window title bar state: overlay mode, drag disabled, window buttons hidden, title bar hidden
[2019.06.24-18.37.09:332][  0]LogSlate: Updating window title bar state: overlay mode, drag disabled, window buttons hidden, title bar hidden
[2019.06.24-18.37.09:337][  0]LogSlate: Updating window title bar state: overlay mode, drag disabled, window buttons hidden, title bar hidden
[2019.06.24-18.37.09:342][  0]LogCollectionManager: Loaded 0 collections in 0.001389 seconds
[2019.06.24-18.37.09:356][  0]LogFileCache: Scanning file cache for directory 'C:/Users/iD Student/Desktop/Final_project/Final_Project/Saved/Collections/' took 0.01s
[2019.06.24-18.37.09:357][  0]LogFileCache: Scanning file cache for directory 'C:/Users/iD Student/Desktop/Final_project/Final_Project/Content/Developers/iDStudent/Collections/' took 0.00s
[2019.06.24-18.37.09:357][  0]LogFileCache: Scanning file cache for directory 'C:/Users/iD Student/Desktop/Final_project/Final_Project/Content/Collections/' took 0.00s
[2019.06.24-18.37.09:357][  0]LogCollectionManager: Rebuilt the GUID cache for 0 collections in 0.000000 seconds
[2019.06.24-18.37.09:364][  0]LogContentBrowser: Native class hierarchy populated in 0.0068 seconds. Added 2651 classes and 620 folders.
[2019.06.24-18.37.09:368][  0]LogContentBrowser: Native class hierarchy updated for 'WidgetCarousel' in 0.0002 seconds. Added 0 classes and 0 folders.
[2019.06.24-18.37.09:369][  0]LogPakFile: Registered encryption key '00000000000000000000000000000000': 0 pak files mounted, 0 remain pending
[2019.06.24-18.37.09:370][  0]LogPakFile: Registered encryption key '00000000000000000000000000000000': 0 pak files mounted, 0 remain pending
[2019.06.24-18.37.09:370][  0]LogPakFile: Registered encryption key '00000000000000000000000000000000': 0 pak files mounted, 0 remain pending
[2019.06.24-18.37.09:370][  0]LogPakFile: Registered encryption key '00000000000000000000000000000000': 0 pak files mounted, 0 remain pending
[2019.06.24-18.37.09:371][  0]LogPakFile: Registered encryption key '00000000000000000000000000000000': 0 pak files mounted, 0 remain pending
[2019.06.24-18.37.09:371][  0]LogPakFile: Registered encryption key '00000000000000000000000000000000': 0 pak files mounted, 0 remain pending
[2019.06.24-18.37.09:371][  0]LogPakFile: Registered encryption key '00000000000000000000000000000000': 0 pak files mounted, 0 remain pending
[2019.06.24-18.37.09:372][  0]LogPakFile: Registered encryption key '00000000000000000000000000000000': 0 pak files mounted, 0 remain pending
[2019.06.24-18.37.09:372][  0]LogPakFile: Registered encryption key '00000000000000000000000000000000': 0 pak files mounted, 0 remain pending
[2019.06.24-18.37.09:372][  0]LogPakFile: Registered encryption key '00000000000000000000000000000000': 0 pak files mounted, 0 remain pending
[2019.06.24-18.37.09:373][  0]LogPakFile: Registered encryption key '00000000000000000000000000000000': 0 pak files mounted, 0 remain pending
[2019.06.24-18.37.09:373][  0]LogPakFile: Registered encryption key '00000000000000000000000000000000': 0 pak files mounted, 0 remain pending
[2019.06.24-18.37.09:373][  0]LogPakFile: Registered encryption key '00000000000000000000000000000000': 0 pak files mounted, 0 remain pending
[2019.06.24-18.37.09:374][  0]LogPakFile: Registered encryption key '00000000000000000000000000000000': 0 pak files mounted, 0 remain pending
[2019.06.24-18.37.09:374][  0]LogPakFile: Registered encryption key '00000000000000000000000000000000': 0 pak files mounted, 0 remain pending
[2019.06.24-18.37.09:374][  0]LogPakFile: Registered encryption key '00000000000000000000000000000000': 0 pak files mounted, 0 remain pending
[2019.06.24-18.37.09:375][  0]LogPakFile: Registered encryption key '00000000000000000000000000000000': 0 pak files mounted, 0 remain pending
[2019.06.24-18.37.09:375][  0]LogPakFile: Registered encryption key '00000000000000000000000000000000': 0 pak files mounted, 0 remain pending
[2019.06.24-18.37.09:375][  0]LogPakFile: Registered encryption key '00000000000000000000000000000000': 0 pak files mounted, 0 remain pending
[2019.06.24-18.37.09:376][  0]LogPakFile: Registered encryption key '00000000000000000000000000000000': 0 pak files mounted, 0 remain pending
[2019.06.24-18.37.09:376][  0]LogPakFile: Registered encryption key '00000000000000000000000000000000': 0 pak files mounted, 0 remain pending
[2019.06.24-18.37.09:376][  0]LogPakFile: Registered encryption key '00000000000000000000000000000000': 0 pak files mounted, 0 remain pending
[2019.06.24-18.37.09:377][  0]LogPakFile: Registered encryption key '00000000000000000000000000000000': 0 pak files mounted, 0 remain pending
[2019.06.24-18.37.09:377][  0]LogPakFile: Registered encryption key '00000000000000000000000000000000': 0 pak files mounted, 0 remain pending
[2019.06.24-18.37.09:377][  0]LogPakFile: Registered encryption key '00000000000000000000000000000000': 0 pak files mounted, 0 remain pending
[2019.06.24-18.37.09:378][  0]LogPakFile: Registered encryption key '00000000000000000000000000000000': 0 pak files mounted, 0 remain pending
[2019.06.24-18.37.09:396][  0]LogContentBrowser: Native class hierarchy updated for 'AddContentDialog' in 0.0002 seconds. Added 0 classes and 0 folders.
[2019.06.24-18.37.09:399][  0]LogContentBrowser: Native class hierarchy updated for 'SceneOutliner' in 0.0002 seconds. Added 1 classes and 2 folders.
[2019.06.24-18.37.10:297][  0]LogSlate: Only BGRA pngs, bmps or icos are supported in by External Image Picker
[2019.06.24-18.37.10:320][  0]LogSlate: Took 0.000155 seconds to synchronously load lazily loaded font '../../../Engine/Content/Slate/Fonts/Roboto-Regular.ttf' (155K)
[2019.06.24-18.37.10:323][  0]LogSlate: Took 0.000151 seconds to synchronously load lazily loaded font '../../../Engine/Content/Slate/Fonts/Roboto-Bold.ttf' (160K)
[2019.06.24-18.37.10:330][  0]LogSlate: Took 0.000141 seconds to synchronously load lazily loaded font '../../../Engine/Content/Editor/Slate/Fonts/FontAwesome.ttf' (139K)
[2019.06.24-18.37.10:409][  0]LogTemp: Executing iPhonePackager certificates Engine -bundlename com.YourCompany.FinalProject
[2019.06.24-18.37.10:409][  0]LogTemp: CWD: C:\Program Files\Epic Games\UE_4.21\Engine\Binaries\DotNET\IOS
[2019.06.24-18.37.10:409][  0]LogTemp: Initial Dir: C:\Program Files\Epic Games\UE_4.21
[2019.06.24-18.37.10:409][  0]LogTemp: Env CWD: C:\Program Files\Epic Games\UE_4.21\Engine\Binaries\DotNET\IOS
[2019.06.24-18.37.10:409][  0]LogTemp: BranchPath = CAMP-GZF88T2/C/Program Files/Epic Games/UE_4.21/Engine/Binaries --- GameBranchPath = CAMP-GZF88T2/C/Program Files/Epic Games/UE_4.21/Engine/Binaries
[2019.06.24-18.37.10:409][  0]LogTemp: IPP ERROR: Could not find provision directory 'C:\Users\iD Student\AppData\Local/Apple Computer/MobileDevice/Provisioning Profiles/'.
[2019.06.24-18.37.10:409][  0]LogRenderer: Reallocating scene render targets to support 964x436 Format 10 NumSamples 1 (Frame:1).
[2019.06.24-18.37.10:516][  0]LogContentBrowser: Native class hierarchy updated for 'HierarchicalLODOutliner' in 0.0002 seconds. Added 0 classes and 0 folders.
[2019.06.24-18.37.10:516][  0]LogLoad: (Engine Initialization) Total time: 8.88 seconds
[2019.06.24-18.37.10:516][  0]LogLoad: (Engine Initialization) Total Blueprint compile time: 0.00 seconds
[2019.06.24-18.37.10:600][  0]LogContentStreaming: Texture pool size now 1000 MB
[2019.06.24-18.37.10:603][  0]LogSlate: FSceneViewport::OnFocusLost() reason 2
[2019.06.24-18.37.10:619][  0]LogSlate: Took 0.000116 seconds to synchronously load lazily loaded font '../../../Engine/Content/Slate/Fonts/Roboto-Light.ttf' (167K)
[2019.06.24-18.37.10:670][  1]LogAssetRegistry: Asset discovery search completed in 5.3855 seconds
[2019.06.24-18.37.10:671][  1]LogCollectionManager: Rebuilt the object cache for 0 collections in 0.000000 seconds (found 0 objects)
[2019.06.24-18.37.10:671][  1]LogCollectionManager: Fixed up redirectors for 0 collections in 0.000036 seconds (updated 0 objects)
[2019.06.24-18.37.13:027][135]LogSlate: Window 'Message Log' being destroyed
[2019.06.24-18.37.13:031][135]LogSlate: Window 'Message Log' being destroyed
[2019.06.24-18.37.17:045][376]LogSlate: FSceneViewport::OnFocusLost() reason 0
[2019.06.24-18.37.21:046][612]LogSlate: Took 0.000118 seconds to synchronously load lazily loaded font '../../../Engine/Content/Slate/Fonts/Roboto-Light.ttf' (167K)
[2019.06.24-18.37.21:082][612]LogAIModule: Creating AISystem for world NoamsMap
[2019.06.24-18.37.21:098][612]LogAssetEditorManager: Opening Asset editor for World /Game/FirstPersonBP/Maps/NoamsMap.NoamsMap
[2019.06.24-18.37.21:121][612]Cmd: MAP LOAD FILE="../../../../../../Users/iD Student/Desktop/Final_project/Final_Project/Content/FirstPersonBP/Maps/NoamsMap.umap" TEMPLATE=0 SHOWPROGRESS=1 FEATURELEVEL=3
[2019.06.24-18.37.21:121][612]LightingResults: New page: Lighting Build
[2019.06.24-18.37.21:122][612]LoadErrors: New page: Loading map: NoamsMap.umap
[2019.06.24-18.37.21:122][612]MapCheck: New page: Map Check
[2019.06.24-18.37.21:122][612]LightingResults: New page: Lighting Build
[2019.06.24-18.37.21:149][612]LogEditorServer: Finished looking for orphan Actors (0.000 secs)
[2019.06.24-18.37.21:187][612]Cmd: MAP CHECKDEP NOCLEARLOG
[2019.06.24-18.37.21:187][612]MapCheck: Map check complete: 0 Error(s), 0 Warning(s), took 0.096ms to complete.
[2019.06.24-18.37.21:187][612]LogFileHelpers: Loading map 'NoamsMap' took 0.066
[2019.06.24-18.37.24:700][821]LogTemp: Repeating last play command: Selected Viewport
[2019.06.24-18.37.24:709][821]LogBlueprintUserMessages: Early PlayInEditor Detection: Level '/Game/FirstPersonBP/Maps/NoamsMap.NoamsMap:PersistentLevel' has LevelScriptBlueprint '/Game/FirstPersonBP/Maps/NoamsMap.NoamsMap:PersistentLevel.NoamsMap' with GeneratedClass '/Game/FirstPersonBP/Maps/NoamsMap.NoamsMap_C' with ClassGeneratedBy '/Game/FirstPersonBP/Maps/NoamsMap.NoamsMap:PersistentLevel.NoamsMap'
[2019.06.24-18.37.24:709][821]LogPlayLevel: PlayLevel: No blueprints needed recompiling
[2019.06.24-18.37.24:709][821]PIE: New page: PIE session: NoamsMap (Jun 24, 2019, 10:37:24 AM)
[2019.06.24-18.37.24:724][821]LogPlayLevel: Creating play world package: /Game/FirstPersonBP/Maps/UEDPIE_0_NoamsMap
[2019.06.24-18.37.24:739][821]LogPlayLevel: PIE: StaticDuplicateObject took: (0.015243s)
[2019.06.24-18.37.24:740][821]LogAIModule: Creating AISystem for world NoamsMap
[2019.06.24-18.37.24:740][821]LogPlayLevel: PIE: World Init took: (0.000456s)
[2019.06.24-18.37.24:740][821]LogPlayLevel: PIE: Created PIE world by copying editor world from /Game/FirstPersonBP/Maps/NoamsMap.NoamsMap to /Game/FirstPersonBP/Maps/UEDPIE_0_NoamsMap.NoamsMap (0.015918s)
[2019.06.24-18.37.24:766][821]LogInit: XAudio2 using 'Speakers (USB Audio Device)' : 2 channels at 48 kHz using 16 bits per sample (channel mask 0x3)
[2019.06.24-18.37.24:774][821]LogInit: FAudioDevice initialized.
[2019.06.24-18.37.24:815][821]LogLoad: Game class is 'FirstPersonGameMode_C'
[2019.06.24-18.37.24:818][821]LogWorld: Bringing World /Game/FirstPersonBP/Maps/UEDPIE_0_NoamsMap.NoamsMap up for play (max tick rate 60) at 2019.06.24-14.37.24
[2019.06.24-18.37.24:818][821]LogWorld: Bringing up level for play took: 0.001617
[2019.06.24-18.37.24:834][821]LogContentBrowser: Native class hierarchy updated for 'MovieSceneCapture' in 0.0003 seconds. Added 20 classes and 0 folders.
[2019.06.24-18.37.24:835][821]PIE: Play in editor start time for /Game/FirstPersonBP/Maps/UEDPIE_0_NoamsMap -0.275
[2019.06.24-18.37.24:835][821]LogBlueprintUserMessages: Late PlayInEditor Detection: Level '/Game/FirstPersonBP/Maps/NoamsMap.NoamsMap:PersistentLevel' has LevelScriptBlueprint '/Game/FirstPersonBP/Maps/NoamsMap.NoamsMap:PersistentLevel.NoamsMap' with GeneratedClass '/Game/FirstPersonBP/Maps/NoamsMap.NoamsMap_C' with ClassGeneratedBy '/Game/FirstPersonBP/Maps/NoamsMap.NoamsMap:PersistentLevel.NoamsMap'
[2019.06.24-18.37.34:695][412]LogBlueprintUserMessages: Early EndPlayMap Detection: Level '/Game/FirstPersonBP/Maps/NoamsMap.NoamsMap:PersistentLevel' has LevelScriptBlueprint '/Game/FirstPersonBP/Maps/NoamsMap.NoamsMap:PersistentLevel.NoamsMap' with GeneratedClass '/Game/FirstPersonBP/Maps/NoamsMap.NoamsMap_C' with ClassGeneratedBy '/Game/FirstPersonBP/Maps/NoamsMap.NoamsMap:PersistentLevel.NoamsMap'
[2019.06.24-18.37.34:695][412]LogSlate: Updating window title bar state: overlay mode, drag disabled, window buttons hidden, title bar hidden
[2019.06.24-18.37.34:730][412]LogPlayLevel: Display: Shutting down PIE online subsystems
[2019.06.24-18.37.34:730][412]LogBlueprintUserMessages: Late EndPlayMap Detection: Level '/Game/FirstPersonBP/Maps/NoamsMap.NoamsMap:PersistentLevel' has LevelScriptBlueprint '/Game/FirstPersonBP/Maps/NoamsMap.NoamsMap:PersistentLevel.NoamsMap' with GeneratedClass '/Game/FirstPersonBP/Maps/NoamsMap.NoamsMap_C' with ClassGeneratedBy '/Game/FirstPersonBP/Maps/NoamsMap.NoamsMap:PersistentLevel.NoamsMap'
[2019.06.24-18.37.34:753][412]LogSlate: Updating window title bar state: overlay mode, drag disabled, window buttons hidden, title bar hidden
[2019.06.24-18.37.34:803][415]LogPlayLevel: Display: Destroying online subsystem :Context_7
[2019.06.24-18.37.45:724][ 70]LogSlate: FSceneViewport::OnFocusLost() reason 0
[2019.06.24-18.37.54:516][591]LogAIModule: Creating AISystem for world NoamsMap1
[2019.06.24-18.38.01:437][862]LogSlate: Window 'Delete Assets' being destroyed
[2019.06.24-18.38.12:304][502]LogAssetEditorManager: Opening Asset editor for World /Game/NewWorld.NewWorld
[2019.06.24-18.38.14:902][502]LogSlate: Window 'Save Content' being destroyed
[2019.06.24-18.38.14:908][502]Cmd: MAP LOAD FILE="../../../../../../Users/iD Student/Desktop/Final_project/Final_Project/Content/NewWorld.umap" TEMPLATE=0 SHOWPROGRESS=1 FEATURELEVEL=3
[2019.06.24-18.38.14:909][502]LightingResults: New page: Lighting Build
[2019.06.24-18.38.14:909][502]LoadErrors: New page: Loading map: NewWorld.umap
[2019.06.24-18.38.14:911][502]MapCheck: New page: Map Check
[2019.06.24-18.38.14:911][502]LightingResults: New page: Lighting Build
[2019.06.24-18.38.14:935][502]LogEditorServer: Finished looking for orphan Actors (0.000 secs)
[2019.06.24-18.38.14:935][502]LogAIModule: Creating AISystem for world NewWorld
[2019.06.24-18.38.14:979][502]Cmd: MAP CHECKDEP NOCLEARLOG
[2019.06.24-18.38.14:979][502]MapCheck: Map check complete: 0 Error(s), 0 Warning(s), took 0.103ms to complete.
[2019.06.24-18.38.14:981][502]LogFileHelpers: Loading map 'NewWorld' took 0.074
[2019.06.24-18.38.20:279][819]LogSlate: FSceneViewport::OnFocusLost() reason 0
[2019.06.24-18.38.24:329][921]LogSlate: Window 'Delete Assets' being destroyed
[2019.06.24-18.38.24:344][921]LightingResults: New page: Lighting Build
[2019.06.24-18.38.24:351][921]MapCheck: New page: Map Check
[2019.06.24-18.38.24:351][921]LightingResults: New page: Lighting Build
[2019.06.24-18.38.24:373][921]LogAIModule: Creating AISystem for world Untitled
[2019.06.24-18.38.24:378][921]LoadErrors: New page: New Map
[2019.06.24-18.38.24:380][921]LogLinker: Can't find file '/Game/NewWorld'
[2019.06.24-18.38.24:381][921]LogLinker: Can't find file '/Game/NewWorld'
[2019.06.24-18.38.33:220][420]LogAIModule: Creating AISystem for world NoamsMap
[2019.06.24-18.38.33:233][420]LogAssetEditorManager: Opening Asset editor for World /Game/FirstPersonBP/Maps/NoamsMap.NoamsMap
[2019.06.24-18.38.33:255][420]Cmd: MAP LOAD FILE="../../../../../../Users/iD Student/Desktop/Final_project/Final_Project/Content/FirstPersonBP/Maps/NoamsMap.umap" TEMPLATE=0 SHOWPROGRESS=1 FEATURELEVEL=3
[2019.06.24-18.38.33:255][420]LightingResults: New page: Lighting Build
[2019.06.24-18.38.33:255][420]LoadErrors: New page: Loading map: NoamsMap.umap
[2019.06.24-18.38.33:255][420]MapCheck: New page: Map Check
[2019.06.24-18.38.33:256][420]LightingResults: New page: Lighting Build
[2019.06.24-18.38.33:283][420]LogEditorServer: Finished looking for orphan Actors (0.000 secs)
[2019.06.24-18.38.33:323][420]Cmd: MAP CHECKDEP NOCLEARLOG
[2019.06.24-18.38.33:323][420]MapCheck: Map check complete: 0 Error(s), 0 Warning(s), took 0.112ms to complete.
[2019.06.24-18.38.33:323][420]LogFileHelpers: Loading map 'NoamsMap' took 0.069
[2019.06.24-18.38.35:211][532]LogEditorViewport: Clicking on Actor (LMB): TextRenderActor (TemplateLabel)
[2019.06.24-18.38.36:839][628]Cmd: DELETE
[2019.06.24-18.38.36:839][628]Cmd: ACTOR DELETE
[2019.06.24-18.38.36:848][628]LogEditorActor: Deleted Actor: TextRenderActor
[2019.06.24-18.38.36:870][628]LogEditorActor: Deleted 1 Actors (0.031 secs)
[2019.06.24-18.38.44:297][ 74]LogSlate: FSceneViewport::OnFocusLost() reason 0
[2019.06.24-18.38.55:146][722]LogSlate: FSceneViewport::OnFocusLost() reason 0
[2019.06.24-18.39.08:277][509]LogEditorViewport: Clicking on Actor (LMB): BP_Sky_Sphere_C (SkySphereBlueprint)
[2019.06.24-18.39.10:463][639]LogEditorViewport: Clicking on Actor (LMB): BP_Sky_Sphere_C (SkySphereBlueprint)
[2019.06.24-18.39.17:058][ 34]LogSlate: FSceneViewport::OnFocusLost() reason 0
[2019.06.24-18.39.17:209][ 43]LogTemp: Repeating last play command: Selected Viewport
[2019.06.24-18.39.17:219][ 43]LogBlueprintUserMessages: Early PlayInEditor Detection: Level '/Game/FirstPersonBP/Maps/NoamsMap.NoamsMap:PersistentLevel' has LevelScriptBlueprint '/Game/FirstPersonBP/Maps/NoamsMap.NoamsMap:PersistentLevel.NoamsMap' with GeneratedClass '/Game/FirstPersonBP/Maps/NoamsMap.NoamsMap_C' with ClassGeneratedBy '/Game/FirstPersonBP/Maps/NoamsMap.NoamsMap:PersistentLevel.NoamsMap'
[2019.06.24-18.39.17:219][ 43]LogPlayLevel: PlayLevel: No blueprints needed recompiling
[2019.06.24-18.39.17:219][ 43]PIE: New page: PIE session: NoamsMap (Jun 24, 2019, 10:39:17 AM)
[2019.06.24-18.39.17:219][ 43]LogPlayLevel: Creating play world package: /Game/FirstPersonBP/Maps/UEDPIE_0_NoamsMap
[2019.06.24-18.39.17:234][ 43]LogPlayLevel: PIE: StaticDuplicateObject took: (0.014795s)
[2019.06.24-18.39.17:234][ 43]LogAIModule: Creating AISystem for world NoamsMap
[2019.06.24-18.39.17:234][ 43]LogPlayLevel: PIE: World Init took: (0.000525s)
[2019.06.24-18.39.17:234][ 43]LogPlayLevel: PIE: Created PIE world by copying editor world from /Game/FirstPersonBP/Maps/NoamsMap.NoamsMap to /Game/FirstPersonBP/Maps/UEDPIE_0_NoamsMap.NoamsMap (0.015437s)
[2019.06.24-18.39.17:262][ 43]LogInit: XAudio2 using 'Speakers (USB Audio Device)' : 2 channels at 48 kHz using 16 bits per sample (channel mask 0x3)
[2019.06.24-18.39.17:270][ 43]LogInit: FAudioDevice initialized.
[2019.06.24-18.39.17:298][ 43]LogLoad: Game class is 'FirstPersonGameMode_C'
[2019.06.24-18.39.17:300][ 43]LogWorld: Bringing World /Game/FirstPersonBP/Maps/UEDPIE_0_NoamsMap.NoamsMap up for play (max tick rate 60) at 2019.06.24-14.39.17
[2019.06.24-18.39.17:300][ 43]LogWorld: Bringing up level for play took: 0.001474
[2019.06.24-18.39.17:313][ 43]PIE: Play in editor start time for /Game/FirstPersonBP/Maps/UEDPIE_0_NoamsMap 0.204
[2019.06.24-18.39.17:313][ 43]LogBlueprintUserMessages: Late PlayInEditor Detection: Level '/Game/FirstPersonBP/Maps/NoamsMap.NoamsMap:PersistentLevel' has LevelScriptBlueprint '/Game/FirstPersonBP/Maps/NoamsMap.NoamsMap:PersistentLevel.NoamsMap' with GeneratedClass '/Game/FirstPersonBP/Maps/NoamsMap.NoamsMap_C' with ClassGeneratedBy '/Game/FirstPersonBP/Maps/NoamsMap.NoamsMap:PersistentLevel.NoamsMap'
[2019.06.24-18.39.19:822][193]LogBlueprintUserMessages: Early EndPlayMap Detection: Level '/Game/FirstPersonBP/Maps/NoamsMap.NoamsMap:PersistentLevel' has LevelScriptBlueprint '/Game/FirstPersonBP/Maps/NoamsMap.NoamsMap:PersistentLevel.NoamsMap' with GeneratedClass '/Game/FirstPersonBP/Maps/NoamsMap.NoamsMap_C' with ClassGeneratedBy '/Game/FirstPersonBP/Maps/NoamsMap.NoamsMap:PersistentLevel.NoamsMap'
[2019.06.24-18.39.19:822][193]LogSlate: Updating window title bar state: overlay mode, drag disabled, window buttons hidden, title bar hidden
[2019.06.24-18.39.19:857][193]LogPlayLevel: Display: Shutting down PIE online subsystems
[2019.06.24-18.39.19:857][193]LogBlueprintUserMessages: Late EndPlayMap Detection: Level '/Game/FirstPersonBP/Maps/NoamsMap.NoamsMap:PersistentLevel' has LevelScriptBlueprint '/Game/FirstPersonBP/Maps/NoamsMap.NoamsMap:PersistentLevel.NoamsMap' with GeneratedClass '/Game/FirstPersonBP/Maps/NoamsMap.NoamsMap_C' with ClassGeneratedBy '/Game/FirstPersonBP/Maps/NoamsMap.NoamsMap:PersistentLevel.NoamsMap'
[2019.06.24-18.39.19:881][193]LogSlate: Updating window title bar state: overlay mode, drag disabled, window buttons hidden, title bar hidden
[2019.06.24-18.39.19:931][196]LogPlayLevel: Display: Destroying online subsystem :Context_8
[2019.06.24-18.39.22:782][367]LogSlate: FSceneViewport::OnFocusLost() reason 0
[2019.06.24-18.39.22:915][375]MapCheck: New page: Map Check
[2019.06.24-18.39.22:935][375]Cmd: MAP REBUILD ALLVISIBLE
[2019.06.24-18.39.22:935][375]LogEditorServer: Rebuildmap Clear paths rebuilt
[2019.06.24-18.39.22:992][375]LogMaterial: Display: Missing cached shader map for material FDebugViewModeMaterialProxy MaterialInstanceDynamic_0, compiling. 
[2019.06.24-18.39.23:002][375]LogMaterial: Display: Missing cached shader map for material FDebugViewModeMaterialProxy CubeMaterialOverride, compiling. 
[2019.06.24-18.39.23:009][375]LogShaderCompilers: Display: Shaders left to compile 1
[2019.06.24-18.39.23:009][375]LogMaterial: Display: Missing cached shader map for material FDebugViewModeMaterialProxy CubeMaterial, compiling. 
[2019.06.24-18.39.23:016][375]LogShaderCompilers: Display: Shaders left to compile 2
[2019.06.24-18.39.23:016][375]LogShaderCompilers: Display: Shaders left to compile 1
[2019.06.24-18.39.23:016][375]LogMaterial: Display: Missing cached shader map for material FDebugViewModeMaterialProxy M_FPGun, compiling. 
[2019.06.24-18.39.23:025][375]LogMaterial: Display: Missing cached shader map for material FDebugViewModeMaterialProxy M_UE4Man_Body, compiling. 
[2019.06.24-18.39.23:036][375]LogShaderCompilers: Display: Shaders left to compile 1
[2019.06.24-18.39.23:036][375]LogMaterial: Display: Missing cached shader map for material FDebugViewModeMaterialProxy MatineeCam_mat, compiling. 
[2019.06.24-18.39.23:429][375]LogShaderCompilers: Display: Shaders left to compile 2
[2019.06.24-18.39.23:429][375]LogShaderCompilers: Display: Shaders left to compile 1
[2019.06.24-18.39.23:429][375]TextureStreamingBuild: Display: Compiling optional shaders took 0.441 seconds.
[2019.06.24-18.39.23:453][375]LogLevel: Display: Export Material TexCoord Scales took 0.025 seconds.
[2019.06.24-18.39.23:463][375]TextureStreamingBuild: Display: Build Texture Streaming took 0.010 seconds.
[2019.06.24-18.39.23:488][375]LightingResults: New page: Lighting Build - Jun 24, 2019, 10:39:23 AM
[2019.06.24-18.39.23:520][375]LogSwarmInterface: [OpenConnection] Registering TCP channel ...
[2019.06.24-18.39.23:640][375]LogSwarmInterface: [OpenConnection] Connecting to agent ...
[2019.06.24-18.39.23:649][375]LogSwarmInterface: [TryOpenConnection] Testing the Agent
[2019.06.24-18.39.24:182][375]LogSwarmInterface: [TryOpenConnection] Opening Connection to Agent
[2019.06.24-18.39.24:182][375]LogSwarmInterface: [TryOpenConnection] Local Process ID is 41476
[2019.06.24-18.39.28:945][375]LogStaticLightingSystem: Running Lightmass w/ ImmediateImport mode ENABLED
[2019.06.24-18.39.28:945][375]LogStaticLightingSystem: Running Lightmass w/ ImmediateProcess mode ENABLED
[2019.06.24-18.39.28:945][375]LogStaticLightingSystem: Running Lightmass w/ Sorting mode ENABLED
[2019.06.24-18.39.28:945][375]LogStaticLightingSystem: Running Lightmass w/ Mapping paddings ENABLED
[2019.06.24-18.39.28:945][375]LogStaticLightingSystem: Running Lightmass w/ Mapping debug paddings DISABLED
[2019.06.24-18.39.29:086][375]Cmd: MAP CHECK DONTDISPLAYDIALOG
[2019.06.24-18.39.29:086][375]MapCheck: New page: NoamsMap - Jun 24, 2019, 10:39:29 AM
[2019.06.24-18.39.29:086][375]MapCheck: Error: WorldInfo_0 Maps need lighting rebuilt 
[2019.06.24-18.39.29:088][375]MapCheck: Map check complete: 1 Error(s), 0 Warning(s), took 1.816ms to complete.
[2019.06.24-18.39.29:111][375]LogEditorBuildUtils: Build time 0:06
[2019.06.24-18.39.54:450][843]LogSlate: Window 'Message Log' being destroyed
[2019.06.24-18.39.54:457][843]LogSlate: Window 'Message Log' being destroyed
[2019.06.24-18.39.55:688][917]Job is a success!
[2019.06.24-18.39.55:743][918]LogVolumetricLightmapImport: Imported Volumetric Lightmap in 0.011s
[2019.06.24-18.39.55:743][918]LogVolumetricLightmapImport:      Indirection Texture 16x16x16 = 0.0Mb
[2019.06.24-18.39.55:743][918]LogVolumetricLightmapImport:      BrickData 335x5x5 = 0.3Mb (trimmed 0.0Mb due to 0.010000 MinBrickError)
[2019.06.24-18.39.55:743][918]LogVolumetricLightmapImport:      Bricks at Level
[2019.06.24-18.39.55:743][918]LogVolumetricLightmapImport:          0: 1.5% covering 100.0% of volume
[2019.06.24-18.39.55:743][918]LogVolumetricLightmapImport:          1: 6.0% covering 6.3% of volume
[2019.06.24-18.39.55:743][918]LogVolumetricLightmapImport:          2: 92.5% covering 1.5% of volume
[2019.06.24-18.39.57:507][918]LogTexture: Display: Building textures: SkyOcclusion0_1 (AutoDXT, 2048X1024)
[2019.06.24-18.39.57:508][918]LogTexture: Display: Building textures: HQ_Lightmap0_1 (AutoDXT, 2048X2048)
[2019.06.24-18.39.57:508][918]LogTexture: Display: Building textures: LQ_Lightmap_0_1 (DXT1, 2048X2048)
[2019.06.24-18.39.57:508][918]LogTexture: Display: Building textures: SkyOcclusion0_2 (AutoDXT, 2048X1024)
[2019.06.24-18.39.57:508][918]LogTexture: Display: Building textures: HQ_Lightmap0_2 (AutoDXT, 2048X2048)
[2019.06.24-18.39.57:508][918]LogTexture: Display: Building textures: LQ_Lightmap_0_2 (DXT1, 2048X2048)
[2019.06.24-18.39.57:508][918]LogTexture: Display: Building textures: SkyOcclusion0_3 (AutoDXT, 2048X1024)
[2019.06.24-18.39.57:508][918]LogTexture: Display: Building textures: HQ_Lightmap0_3 (AutoDXT, 2048X2048)
[2019.06.24-18.39.57:508][918]LogTexture: Display: Building textures: LQ_Lightmap_0_3 (DXT1, 2048X2048)
[2019.06.24-18.39.57:508][918]LogTexture: Display: Building textures: SkyOcclusion0_4 (AutoDXT, 2048X1024)
[2019.06.24-18.39.57:508][918]LogTexture: Display: Building textures: HQ_Lightmap0_4 (AutoDXT, 2048X2048)
[2019.06.24-18.39.57:508][918]LogTexture: Display: Building textures: LQ_Lightmap_0_4 (DXT1, 2048X2048)
[2019.06.24-18.39.57:508][918]LogTexture: Display: Building textures: SkyOcclusion0_5 (AutoDXT, 64X32)
[2019.06.24-18.39.57:508][918]LogTexture: Display: Building textures: HQ_Lightmap0_5 (AutoDXT, 64X64)
[2019.06.24-18.39.57:508][918]LogTexture: Display: Building textures: LQ_Lightmap_0_5 (DXT1, 64X64)
[2019.06.24-18.39.57:708][918]LogTexture: Display: Building textures: ShadowMapTexture2D_7 (G8, 32X32)
[2019.06.24-18.39.57:886][918]LogTexture: Display: Building textures: ShadowMapTexture2D_3 (G8, 1024X1024)
[2019.06.24-18.39.57:886][918]LogTexture: Display: Building textures: ShadowMapTexture2D_0 (G8, 1024X1024)
[2019.06.24-18.39.57:886][918]LogTexture: Display: Building textures: ShadowMapTexture2D_6 (G8, 1024X1024)
[2019.06.24-18.39.57:887][918]LogTexture: Display: Building textures: ShadowMapTexture2D_4 (G8, 1024X1024)
[2019.06.24-18.39.57:887][918]LogTexture: Display: Building textures: ShadowMapTexture2D_1 (G8, 1024X1024)
[2019.06.24-18.39.57:887][918]LogTexture: Display: Building textures: ShadowMapTexture2D_2 (G8, 1024X1024)
[2019.06.24-18.39.57:887][918]LogTexture: Display: Building textures: ShadowMapTexture2D_5 (G8, 1024X1024)
[2019.06.24-18.39.57:935][918]Lightmass on CAMP-GZF88T2: 28.0 sec total, 159 ms importing, 21 ms setup, 4.57 sec photons, 23.2 sec processing, 0 ms extra exporting [8/8 mappings]. Threads: 4:15 min total, 1:58 min processing.
[2019.06.24-18.39.57:971][918]LogStaticLightingSystem: Illumination: 34.4 sec (1.52 sec encoding lightmaps, 373 ms encoding shadowmaps)
[2019.06.24-18.39.57:971][918]LogStaticLightingSystem: Lightmap texture memory:  42.7 MB (42.7 MB streaming, 0.0 MB non-streaming), 10 textures
[2019.06.24-18.39.57:971][918]LogStaticLightingSystem: Shadowmap texture memory: 9.3 MB (9.3 MB streaming, 0.0 MB non-streaming), 8 textures
[2019.06.24-18.39.57:975][918]DumpUnbuiltLightIteractions
[2019.06.24-18.39.57:975][918]Lights with unbuilt interactions: 0
[2019.06.24-18.39.57:975][918]
[2019.06.24-18.39.57:976][918]Primitives with unbuilt interactions: 0
[2019.06.24-18.39.58:029][919]Cmd: MAP CHECK NOTIFYRESULTS
[2019.06.24-18.39.58:029][919]MapCheck: New page: NoamsMap - Jun 24, 2019, 10:39:58 AM
[2019.06.24-18.39.58:030][919]MapCheck: Map check complete: 0 Error(s), 0 Warning(s), took 0.83ms to complete.
[2019.06.24-18.40.00:834][ 78]LogSavePackage: Moving '../../../../../../Users/iD Student/Desktop/Final_project/Final_Project/Saved/NoamsMapB65E1A5743123A1B3C8D78BA57E65B39.tmp' to '../../../../../../Users/iD Student/Desktop/Final_project/Final_Project/Content/FirstPersonBP/Maps/NoamsMap.umap'
[2019.06.24-18.40.01:511][ 78]LogSavePackage: Moving '../../../../../../Users/iD Student/Desktop/Final_project/Final_Project/Saved/NoamsMap_BuiltData24E9E044427AEFEE974DE4BF061890C6.tmp' to '../../../../../../Users/iD Student/Desktop/Final_project/Final_Project/Content/FirstPersonBP/Maps/NoamsMap_BuiltData.uasset'
[2019.06.24-18.40.06:167][357]LogEditorViewport: Clicking on Actor (LMB): StaticMeshActor (BigWall2)
[2019.06.24-18.40.07:766][451]Cmd: DELETE
[2019.06.24-18.40.07:766][451]Cmd: ACTOR DELETE
[2019.06.24-18.40.07:768][451]LogEditorActor: Deleted Actor: StaticMeshActor
[2019.06.24-18.40.07:790][451]LogEditorActor: Deleted 1 Actors (0.024 secs)
[2019.06.24-18.40.09:595][560]LogEditorViewport: Clicking on Actor (LMB): StaticMeshActor (Wall3)
[2019.06.24-18.40.11:888][696]Cmd: DELETE
[2019.06.24-18.40.11:888][696]Cmd: ACTOR DELETE
[2019.06.24-18.40.11:890][696]LogEditorActor: Deleted Actor: StaticMeshActor
[2019.06.24-18.40.11:911][696]LogEditorActor: Deleted 1 Actors (0.023 secs)
[2019.06.24-18.40.13:006][762]LogEditorViewport: Clicking on Actor (LMB): StaticMeshActor (Wall1)
[2019.06.24-18.40.13:983][819]Cmd: DELETE
[2019.06.24-18.40.13:983][819]Cmd: ACTOR DELETE
[2019.06.24-18.40.13:986][819]LogEditorActor: Deleted Actor: StaticMeshActor
[2019.06.24-18.40.14:007][819]LogEditorActor: Deleted 1 Actors (0.024 secs)
[2019.06.24-18.40.19:170][129]LogEditorViewport: Clicking on Actor (LMB): StaticMeshActor (Wall2)
[2019.06.24-18.40.20:051][180]Cmd: DELETE
[2019.06.24-18.40.20:051][180]Cmd: ACTOR DELETE
[2019.06.24-18.40.20:053][180]LogEditorActor: Deleted Actor: StaticMeshActor
[2019.06.24-18.40.20:074][180]LogEditorActor: Deleted 1 Actors (0.023 secs)
[2019.06.24-18.40.20:885][229]LogEditorViewport: Clicking on Actor (LMB): StaticMeshActor (BigWall)
[2019.06.24-18.40.21:329][254]Cmd: DELETE
[2019.06.24-18.40.21:329][254]Cmd: ACTOR DELETE
[2019.06.24-18.40.21:331][254]LogEditorActor: Deleted Actor: StaticMeshActor
[2019.06.24-18.40.21:353][254]LogEditorActor: Deleted 1 Actors (0.024 secs)
[2019.06.24-18.40.22:248][308]LogEditorViewport: Clicking on Actor (LMB): StaticMeshActor (EditorCube19)
[2019.06.24-18.40.23:060][355]Cmd: DELETE
[2019.06.24-18.40.23:060][355]Cmd: ACTOR DELETE
[2019.06.24-18.40.23:062][355]LogEditorActor: Deleted Actor: StaticMeshActor
[2019.06.24-18.40.23:083][355]LogEditorActor: Deleted 1 Actors (0.023 secs)
[2019.06.24-18.40.24:038][413]LogEditorViewport: Clicking on Actor (LMB): StaticMeshActor (EditorCube18)
[2019.06.24-18.40.24:248][424]Cmd: DELETE
[2019.06.24-18.40.24:248][424]Cmd: ACTOR DELETE
[2019.06.24-18.40.24:250][424]LogEditorActor: Deleted Actor: StaticMeshActor
[2019.06.24-18.40.24:271][424]LogEditorActor: Deleted 1 Actors (0.023 secs)
[2019.06.24-18.40.24:999][468]LogEditorViewport: Clicking on Actor (LMB): StaticMeshActor (EditorCube20)
[2019.06.24-18.40.25:159][476]Cmd: DELETE
[2019.06.24-18.40.25:159][476]Cmd: ACTOR DELETE
[2019.06.24-18.40.25:161][476]LogEditorActor: Deleted Actor: StaticMeshActor
[2019.06.24-18.40.25:184][476]LogEditorActor: Deleted 1 Actors (0.024 secs)
[2019.06.24-18.40.26:262][541]LogEditorViewport: Clicking on Actor (LMB): StaticMeshActor (EditorCube21)
[2019.06.24-18.40.26:405][548]Cmd: DELETE
[2019.06.24-18.40.26:405][548]Cmd: ACTOR DELETE
[2019.06.24-18.40.26:407][548]LogEditorActor: Deleted Actor: StaticMeshActor
[2019.06.24-18.40.26:429][548]LogEditorActor: Deleted 1 Actors (0.024 secs)
[2019.06.24-18.40.27:240][597]LogEditorViewport: Clicking on Actor (LMB): StaticMeshActor (EditorCube17)
[2019.06.24-18.40.27:400][605]Cmd: DELETE
[2019.06.24-18.40.27:400][605]Cmd: ACTOR DELETE
[2019.06.24-18.40.27:402][605]LogEditorActor: Deleted Actor: StaticMeshActor
[2019.06.24-18.40.27:423][605]LogEditorActor: Deleted 1 Actors (0.023 secs)
[2019.06.24-18.40.27:983][639]LogEditorViewport: Clicking on Actor (LMB): StaticMeshActor (EditorCube15)
[2019.06.24-18.40.28:110][645]Cmd: DELETE
[2019.06.24-18.40.28:110][645]Cmd: ACTOR DELETE
[2019.06.24-18.40.28:112][645]LogEditorActor: Deleted Actor: StaticMeshActor
[2019.06.24-18.40.28:133][645]LogEditorActor: Deleted 1 Actors (0.023 secs)
[2019.06.24-18.40.28:805][686]LogEditorViewport: Clicking on Actor (LMB): StaticMeshActor (EditorCube16)
[2019.06.24-18.40.28:826][686]Cmd: DELETE
[2019.06.24-18.40.28:826][686]Cmd: ACTOR DELETE
[2019.06.24-18.40.28:828][686]LogEditorActor: Deleted Actor: StaticMeshActor
[2019.06.24-18.40.28:849][686]LogEditorActor: Deleted 1 Actors (0.022 secs)
[2019.06.24-18.40.33:811][984]LogEditorViewport: Clicking on Actor (LMB): StaticMeshActor (EditorCube11)
[2019.06.24-18.40.35:792][101]Cmd: DELETE
[2019.06.24-18.40.35:792][101]Cmd: ACTOR DELETE
[2019.06.24-18.40.35:794][101]LogEditorActor: Deleted Actor: StaticMeshActor
[2019.06.24-18.40.35:815][101]LogEditorActor: Deleted 1 Actors (0.023 secs)
[2019.06.24-18.40.36:903][167]LogEditorViewport: Clicking on Actor (LMB): StaticMeshActor (EditorCube14)
[2019.06.24-18.40.37:162][181]Cmd: DELETE
[2019.06.24-18.40.37:162][181]Cmd: ACTOR DELETE
[2019.06.24-18.40.37:164][181]LogEditorActor: Deleted Actor: StaticMeshActor
[2019.06.24-18.40.37:186][181]LogEditorActor: Deleted 1 Actors (0.024 secs)
[2019.06.24-18.40.37:680][211]LogEditorViewport: Clicking on Actor (LMB): StaticMeshActor (EditorCube13)
[2019.06.24-18.40.37:840][219]Cmd: DELETE
[2019.06.24-18.40.37:840][219]Cmd: ACTOR DELETE
[2019.06.24-18.40.37:842][219]LogEditorActor: Deleted Actor: StaticMeshActor
[2019.06.24-18.40.37:864][219]LogEditorActor: Deleted 1 Actors (0.024 secs)
[2019.06.24-18.40.38:474][256]LogEditorViewport: Clicking on Actor (LMB): StaticMeshActor (EditorCube12)
[2019.06.24-18.40.38:701][268]Cmd: DELETE
[2019.06.24-18.40.38:701][268]Cmd: ACTOR DELETE
[2019.06.24-18.40.38:703][268]LogEditorActor: Deleted Actor: StaticMeshActor
[2019.06.24-18.40.38:725][268]LogEditorActor: Deleted 1 Actors (0.024 secs)
[2019.06.24-18.40.39:435][311]LogEditorViewport: Clicking on Actor (LMB): StaticMeshActor (EditorCube8)
[2019.06.24-18.40.39:544][316]Cmd: DELETE
[2019.06.24-18.40.39:544][316]Cmd: ACTOR DELETE
[2019.06.24-18.40.39:546][316]LogEditorActor: Deleted Actor: StaticMeshActor
[2019.06.24-18.40.39:568][316]LogEditorActor: Deleted 1 Actors (0.024 secs)
[2019.06.24-18.40.40:589][378]LogEditorViewport: Clicking on Actor (LMB): StaticMeshActor (EditorCube9)
[2019.06.24-18.40.41:583][436]Cmd: DELETE
[2019.06.24-18.40.41:583][436]Cmd: ACTOR DELETE
[2019.06.24-18.40.41:585][436]LogEditorActor: Deleted Actor: StaticMeshActor
[2019.06.24-18.40.41:606][436]LogEditorActor: Deleted 1 Actors (0.023 secs)
[2019.06.24-18.40.42:561][494]LogSlate: FSceneViewport::OnFocusLost() reason 0
[2019.06.24-18.40.42:694][502]MapCheck: New page: Map Check
[2019.06.24-18.40.42:712][502]Cmd: MAP REBUILD ALLVISIBLE
[2019.06.24-18.40.42:712][502]LogEditorServer: Rebuildmap Clear paths rebuilt
[2019.06.24-18.40.42:762][502]LogMaterial: Display: Missing cached shader map for material FDebugViewModeMaterialProxy MaterialInstanceDynamic_0, compiling. 
[2019.06.24-18.40.42:768][502]LogMaterial: Display: Missing cached shader map for material FDebugViewModeMaterialProxy CubeMaterialOverride, compiling. 
[2019.06.24-18.40.42:774][502]LogShaderCompilers: Display: Shaders left to compile 2
[2019.06.24-18.40.42:774][502]LogShaderCompilers: Display: Shaders left to compile 1
[2019.06.24-18.40.42:774][502]LogMaterial: Display: Missing cached shader map for material FDebugViewModeMaterialProxy CubeMaterial, compiling. 
[2019.06.24-18.40.42:781][502]LogMaterial: Display: Missing cached shader map for material FDebugViewModeMaterialProxy MatineeCam_mat, compiling. 
[2019.06.24-18.40.42:787][502]LogMaterial: Display: Missing cached shader map for material FDebugViewModeMaterialProxy M_UE4Man_Body, compiling. 
[2019.06.24-18.40.42:797][502]LogShaderCompilers: Display: Shaders left to compile 2
[2019.06.24-18.40.42:797][502]LogShaderCompilers: Display: Shaders left to compile 1
[2019.06.24-18.40.42:798][502]LogMaterial: Display: Missing cached shader map for material FDebugViewModeMaterialProxy M_FPGun, compiling. 
[2019.06.24-18.40.43:193][502]LogShaderCompilers: Display: Shaders left to compile 2
[2019.06.24-18.40.43:193][502]LogShaderCompilers: Display: Shaders left to compile 1
[2019.06.24-18.40.43:193][502]TextureStreamingBuild: Display: Compiling optional shaders took 0.434 seconds.
[2019.06.24-18.40.43:198][502]LogLevel: Display: Export Material TexCoord Scales took 0.005 seconds.
[2019.06.24-18.40.43:208][502]TextureStreamingBuild: Display: Build Texture Streaming took 0.010 seconds.
[2019.06.24-18.40.43:230][502]LightingResults: New page: Lighting Build - Jun 24, 2019, 10:40:43 AM
[2019.06.24-18.40.43:236][502]LogSwarmInterface: [OpenConnection] Registering TCP channel ...
[2019.06.24-18.40.43:243][502]LogSwarmInterface: [OpenConnection] Connecting to agent ...
[2019.06.24-18.40.43:243][502]LogSwarmInterface: [TryOpenConnection] Testing the Agent
[2019.06.24-18.40.43:244][502]LogSwarmInterface: [TryOpenConnection] Opening Connection to Agent
[2019.06.24-18.40.43:244][502]LogSwarmInterface: [TryOpenConnection] Local Process ID is 41476
[2019.06.24-18.40.47:824][502]LogStaticLightingSystem: Running Lightmass w/ ImmediateImport mode ENABLED
[2019.06.24-18.40.47:825][502]LogStaticLightingSystem: Running Lightmass w/ ImmediateProcess mode ENABLED
[2019.06.24-18.40.47:825][502]LogStaticLightingSystem: Running Lightmass w/ Sorting mode ENABLED
[2019.06.24-18.40.47:825][502]LogStaticLightingSystem: Running Lightmass w/ Mapping paddings ENABLED
[2019.06.24-18.40.47:825][502]LogStaticLightingSystem: Running Lightmass w/ Mapping debug paddings DISABLED
[2019.06.24-18.40.47:927][502]Cmd: MAP CHECK DONTDISPLAYDIALOG
[2019.06.24-18.40.47:927][502]MapCheck: New page: NoamsMap - Jun 24, 2019, 10:40:47 AM
[2019.06.24-18.40.47:928][502]MapCheck: Map check complete: 0 Error(s), 0 Warning(s), took 0.534ms to complete.
[2019.06.24-18.40.47:952][502]LogEditorBuildUtils: Build time 0:05
[2019.06.24-18.40.57:143][ 31]Job is a success!
[2019.06.24-18.40.57:210][ 33]LogVolumetricLightmapImport: Imported Volumetric Lightmap in 0.007s
[2019.06.24-18.40.57:210][ 33]LogVolumetricLightmapImport:      Indirection Texture 16x16x16 = 0.0Mb
[2019.06.24-18.40.57:210][ 33]LogVolumetricLightmapImport:      BrickData 235x5x5 = 0.2Mb
[2019.06.24-18.40.57:210][ 33]LogVolumetricLightmapImport:      Bricks at Level
[2019.06.24-18.40.57:210][ 33]LogVolumetricLightmapImport:          0: 2.1% covering 100.0% of volume
[2019.06.24-18.40.57:210][ 33]LogVolumetricLightmapImport:          1: 8.5% covering 6.3% of volume
[2019.06.24-18.40.57:210][ 33]LogVolumetricLightmapImport:          2: 89.4% covering 1.0% of volume
[2019.06.24-18.40.57:703][ 33]LogTexture: Display: Building textures: SkyOcclusion1_1 (AutoDXT, 2048X1024)
[2019.06.24-18.40.57:703][ 33]LogTexture: Display: Building textures: HQ_Lightmap1_1 (AutoDXT, 2048X2048)
[2019.06.24-18.40.57:703][ 33]LogTexture: Display: Building textures: LQ_Lightmap_1_1 (DXT1, 2048X2048)
[2019.06.24-18.40.57:703][ 33]LogTexture: Display: Building textures: SkyOcclusion1_2 (AutoDXT, 64X32)
[2019.06.24-18.40.57:703][ 33]LogTexture: Display: Building textures: HQ_Lightmap1_2 (AutoDXT, 64X64)
[2019.06.24-18.40.57:703][ 33]LogTexture: Display: Building textures: LQ_Lightmap_1_2 (DXT1, 64X64)
[2019.06.24-18.40.57:903][ 33]LogTexture: Display: Building textures: ShadowMapTexture2D_10 (G8, 32X32)
[2019.06.24-18.40.57:903][ 33]LogTexture: Display: Building textures: ShadowMapTexture2D_9 (G8, 1024X1024)
[2019.06.24-18.40.57:928][ 33]LogTexture: Display: Building textures: ShadowMapTexture2D_8 (G8, 1024X1024)
[2019.06.24-18.40.57:959][ 33]Lightmass on CAMP-GZF88T2: 9.43 sec total, 118 ms importing, 15 ms setup, 2.45 sec photons, 6.80 sec processing, 0 ms extra exporting [3/3 mappings]. Threads: 1:14 min total, 10.8 sec processing.
[2019.06.24-18.40.57:972][ 33]LogStaticLightingSystem: Illumination: 14.7 sec (437 ms encoding lightmaps, 220 ms encoding shadowmaps)
[2019.06.24-18.40.57:972][ 33]LogStaticLightingSystem: Lightmap texture memory:  10.7 MB (10.7 MB streaming, 0.0 MB non-streaming), 4 textures
[2019.06.24-18.40.57:972][ 33]LogStaticLightingSystem: Shadowmap texture memory: 2.7 MB (2.7 MB streaming, 0.0 MB non-streaming), 3 textures
[2019.06.24-18.40.58:837][ 33]DumpUnbuiltLightIteractions
[2019.06.24-18.40.58:837][ 33]Lights with unbuilt interactions: 0
[2019.06.24-18.40.58:837][ 33]
[2019.06.24-18.40.58:837][ 33]Primitives with unbuilt interactions: 0
[2019.06.24-18.40.58:938][ 34]Cmd: MAP CHECK NOTIFYRESULTS
[2019.06.24-18.40.58:938][ 34]MapCheck: New page: NoamsMap - Jun 24, 2019, 10:40:58 AM
[2019.06.24-18.40.58:939][ 34]MapCheck: Map check complete: 0 Error(s), 0 Warning(s), took 0.528ms to complete.
[2019.06.24-18.41.05:038][392]LogSavePackage: Moving '../../../../../../Users/iD Student/Desktop/Final_project/Final_Project/Saved/NoamsMapE2DB538242D711D58843D58D4D93DC68.tmp' to '../../../../../../Users/iD Student/Desktop/Final_project/Final_Project/Content/FirstPersonBP/Maps/NoamsMap.umap'
[2019.06.24-18.41.05:194][392]LogSavePackage: Moving '../../../../../../Users/iD Student/Desktop/Final_project/Final_Project/Saved/NoamsMap_BuiltDataE051C78F4F22B58D75F23C965FD71452.tmp' to '../../../../../../Users/iD Student/Desktop/Final_project/Final_Project/Content/FirstPersonBP/Maps/NoamsMap_BuiltData.uasset'
[2019.06.24-18.42.40:796][157]LogSavePackage: Moving '../../../../../../Users/iD Student/Desktop/Final_project/Final_Project/Saved/NoamsMapF241F1BE427822108779DCA7964F9457.tmp' to '../../../../../../Users/iD Student/Desktop/Final_project/Final_Project/Content/FirstPersonBP/Maps/NoamsMap.umap'
[2019.06.24-18.42.40:938][157]LogSavePackage: Moving '../../../../../../Users/iD Student/Desktop/Final_project/Final_Project/Saved/NoamsMap_BuiltData471893A844CD4EF2E0DCDFB4CD882E23.tmp' to '../../../../../../Users/iD Student/Desktop/Final_project/Final_Project/Content/FirstPersonBP/Maps/NoamsMap_BuiltData.uasset'
