Log file open, 06/24/19 17:27:35
LogWindows: Failed to load 'aqProf.dll' (GetLastError=126)
LogWindows: File 'aqProf.dll' does not exist
LogWindows: Failed to load 'VtuneApi.dll' (GetLastError=126)
LogWindows: File 'VtuneApi.dll' does not exist
LogWindows: Failed to load 'VtuneApi32e.dll' (GetLastError=126)
LogWindows: File 'VtuneApi32e.dll' does not exist
LogConsoleResponse: Display: Failed to find resolution value strings in scalability ini. Falling back to default.
LogInit: Display: Running engine for game: Final_Project
LogPakFile: Registered encryption key '00000000000000000000000000000000': 0 pak files mounted, 0 remain pending
LogPlatformFile: Not using cached read wrapper
LogTaskGraph: Started task graph with 5 named threads and 35 total threads with 3 sets of task threads.
LogStats: Stats thread started at 0.392518
LogD3D11RHI: Loaded GFSDK_Aftermath_Lib.x64.dll
LogICUInternationalization: ICU TimeZone Detection - Raw Offset: -5:00, Platform Override: ''
LogPluginManager: Mounting plugin Paper2D
LogPluginManager: Mounting plugin AISupport
LogPluginManager: Mounting plugin LightPropagationVolume
LogPluginManager: Mounting plugin ActorLayerUtilities
LogPluginManager: Mounting plugin CLionSourceCodeAccess
LogPluginManager: Mounting plugin CodeLiteSourceCodeAccess
LogPluginManager: Mounting plugin GitSourceControl
LogPluginManager: Mounting plugin KDevelopSourceCodeAccess
LogPluginManager: Mounting plugin NullSourceCodeAccess
LogPluginManager: Mounting plugin PerforceSourceControl
LogPluginManager: Mounting plugin SubversionSourceControl
LogPluginManager: Mounting plugin UObjectPlugin
LogPluginManager: Mounting plugin VisualStudioCodeSourceCodeAccess
LogPluginManager: Mounting plugin VisualStudioSourceCodeAccess
LogPluginManager: Mounting plugin XCodeSourceCodeAccess
LogPluginManager: Mounting plugin AssetManagerEditor
LogPluginManager: Mounting plugin CryptoKeys
LogPluginManager: Mounting plugin DataValidation
LogPluginManager: Mounting plugin FacialAnimation
LogPluginManager: Mounting plugin GameplayTagsEditor
LogPluginManager: Mounting plugin MacGraphicsSwitching
LogPluginManager: Mounting plugin MeshEditor
LogPluginManager: Mounting plugin MobileLauncherProfileWizard
LogPluginManager: Mounting plugin PluginBrowser
LogPluginManager: Mounting plugin SpeedTreeImporter
LogPluginManager: Mounting plugin DatasmithContent
LogPluginManager: Mounting plugin VariantManagerContent
LogPluginManager: Mounting plugin AlembicImporter
LogPluginManager: Mounting plugin AppleImageUtils
LogPluginManager: Mounting plugin AppleVision
LogPluginManager: Mounting plugin BackChannel
LogPluginManager: Mounting plugin CharacterAI
LogPluginManager: Mounting plugin GeometryCache
LogPluginManager: Mounting plugin HTML5Networking
LogPluginManager: Mounting plugin ProxyLODPlugin
LogPluginManager: Mounting plugin MagicLeap
LogPluginManager: Mounting plugin MagicLeapMedia
LogPluginManager: Mounting plugin AndroidMedia
LogPluginManager: Mounting plugin AvfMedia
LogPluginManager: Mounting plugin ImgMedia
LogPluginManager: Mounting plugin LinearTimecode
LogPluginManager: Mounting plugin MediaCompositing
LogPluginManager: Mounting plugin MediaPlayerEditor
LogPluginManager: Mounting plugin WebMMedia
LogPluginManager: Mounting plugin WmfMedia
LogPluginManager: Mounting plugin TcpMessaging
LogPluginManager: Mounting plugin UdpMessaging
LogPluginManager: Mounting plugin ActorSequence
LogPluginManager: Mounting plugin LevelSequenceEditor
LogPluginManager: Mounting plugin MatineeToLevelSequence
LogPluginManager: Mounting plugin NetcodeUnitTest
LogPluginManager: Mounting plugin NUTUnrealEngine4
LogPluginManager: Mounting plugin OnlineSubsystemGooglePlay
LogPluginManager: Mounting plugin OnlineSubsystemIOS
LogPluginManager: Mounting plugin OnlineSubsystem
LogPluginManager: Mounting plugin OnlineSubsystemNull
LogPluginManager: Mounting plugin OnlineSubsystemUtils
LogPluginManager: Mounting plugin LauncherChunkInstaller
LogPluginManager: Mounting plugin AndroidDeviceProfileSelector
LogPluginManager: Mounting plugin AndroidMoviePlayer
LogPluginManager: Mounting plugin AndroidPermission
LogPluginManager: Mounting plugin AppleMoviePlayer
LogPluginManager: Mounting plugin ArchVisCharacter
LogPluginManager: Mounting plugin AudioCapture
LogPluginManager: Mounting plugin CableComponent
LogPluginManager: Mounting plugin CustomMeshComponent
LogPluginManager: Mounting plugin EditableMesh
LogPluginManager: Mounting plugin ExampleDeviceProfileSelector
LogPluginManager: Mounting plugin Firebase
LogPluginManager: Mounting plugin GoogleCloudMessaging
LogPluginManager: Mounting plugin IOSDeviceProfileSelector
LogPluginManager: Mounting plugin LinuxDeviceProfileSelector
LogPluginManager: Mounting plugin LocationServicesBPLibrary
LogPluginManager: Mounting plugin MobilePatchingUtils
LogPluginManager: Mounting plugin OculusVR
LogPluginManager: Mounting plugin PhysXVehicles
LogPluginManager: Mounting plugin ProceduralMeshComponent
LogPluginManager: Mounting plugin RuntimePhysXCooking
LogPluginManager: Mounting plugin SteamVR
LogPluginManager: Mounting plugin WebMMoviePlayer
LogPluginManager: Mounting plugin WindowsMoviePlayer
LogStreaming: Display: Took  0.074s to configure plugins.
LogInit: Using libcurl 7.55.1-DEV
LogInit:  - built for x86_64-pc-win32
LogInit:  - supports SSL with OpenSSL/1.0.2h
LogInit:  - supports HTTP deflate (compression) using libz 1.2.8
LogInit:  - other features:
LogInit:      CURL_VERSION_SSL
LogInit:      CURL_VERSION_LIBZ
LogInit:      CURL_VERSION_IPV6
LogInit:      CURL_VERSION_ASYNCHDNS
LogInit:      CURL_VERSION_LARGEFILE
LogInit:      CURL_VERSION_IDN
LogInit:  CurlRequestOptions (configurable via config and command line):
LogInit:  - bVerifyPeer = true  - Libcurl will verify peer certificate
LogInit:  - bUseHttpProxy = false  - Libcurl will NOT use HTTP proxy
LogInit:  - bDontReuseConnections = false  - Libcurl will reuse connections
LogInit:  - MaxHostConnections = 16  - Libcurl will limit the number of connections to a host
LogInit:  - LocalHostAddr = Default
LogInit:  - BufferSize = 65536
LogInit: WinSock: version 1.1 (2.2), MaxSocks=32767, MaxUdp=65467
LogInit: Build: ++UE4+Release-4.21-CL-4753647
LogInit: Engine Version: 4.21.2-4753647+++UE4+Release-4.21
LogInit: Compatible Engine Version: 4.21.0-4541578+++UE4+Release-4.21
LogInit: Net CL: 4541578
LogInit: OS: Windows 10 (), CPU: Intel(R) Core(TM) i7-8750H CPU @ 2.20GHz, GPU: Intel(R) UHD Graphics 630
LogInit: Compiled (64-bit): Jan 19 2019 02:07:31
LogInit: Compiled with Visual C++: 19.13.26129.00
LogInit: Build Configuration: Development
LogInit: Branch Name: ++UE4+Release-4.21
LogInit: Command Line: 
LogInit: Base Directory: C:/Program Files/Epic Games/UE_4.21/Engine/Binaries/Win64/
LogInit: Installed Engine Build: 1
LogDevObjectVersion: Number of dev versions registered: 22
LogDevObjectVersion:   Dev-Blueprints (B0D832E4-1F89-4F0D-ACCF-7EB736FD4AA2): 10
LogDevObjectVersion:   Dev-Build (E1C64328-A22C-4D53-A36C-8E866417BD8C): 0
LogDevObjectVersion:   Dev-Core (375EC13C-06E4-48FB-B500-84F0262A717E): 2
LogDevObjectVersion:   Dev-Editor (E4B068ED-F494-42E9-A231-DA0B2E46BB41): 26
LogDevObjectVersion:   Dev-Framework (CFFC743F-43B0-4480-9391-14DF171D2073): 34
LogDevObjectVersion:   Dev-Mobile (B02B49B5-BB20-44E9-A304-32B752E40360): 2
LogDevObjectVersion:   Dev-Networking (A4E4105C-59A1-49B5-A7C5-40C4547EDFEE): 0
LogDevObjectVersion:   Dev-Online (39C831C9-5AE6-47DC-9A44-9C173E1C8E7C): 0
LogDevObjectVersion:   Dev-Physics (78F01B33-EBEA-4F98-B9B4-84EACCB95AA2): 0
LogDevObjectVersion:   Dev-Platform (6631380F-2D4D-43E0-8009-CF276956A95A): 0
LogDevObjectVersion:   Dev-Rendering (12F88B9F-8875-4AFC-A67C-D90C383ABD29): 27
LogDevObjectVersion:   Dev-Sequencer (7B5AE74C-D270-4C10-A958-57980B212A5A): 9
LogDevObjectVersion:   Dev-VR (D7296918-1DD6-4BDD-9DE2-64A83CC13884): 2
LogDevObjectVersion:   Dev-LoadTimes (C2A15278-BFE7-4AFE-6C17-90FF531DF755): 1
LogDevObjectVersion:   Private-Geometry (6EACA3D4-40EC-4CC1-B786-8BED09428FC5): 3
LogDevObjectVersion:   Dev-AnimPhys (29E575DD-E0A3-4627-9D10-D276232CDCEA): 17
LogDevObjectVersion:   Dev-Anim (AF43A65D-7FD3-4947-9873-3E8ED9C1BB05): 2
LogDevObjectVersion:   Dev-ReflectionCapture (6B266CEC-1EC7-4B8F-A30B-E4D90942FC07): 1
LogDevObjectVersion:   Dev-Automation (0DF73D61-A23F-47EA-B727-89E90C41499A): 1
LogDevObjectVersion:   FortniteMain (601D1886-AC64-4F84-AA16-D3DE0DEAC7D6): 17
LogDevObjectVersion:   Dev-Enterprise (9DFFBCD6-494F-0158-E221-12823C92A888): 4
LogDevObjectVersion:   Dev-Niagara (F2AED0AC-9AFE-416F-8664-AA7FFA26D6FC): 1
LogStreaming: Display: Took  0.002s to delete old logs.
LogInit: Presizing for max 8388607 objects, including 0 objects not considered by GC, pre-allocating 0 bytes for permanent pool.
LogInit: Object subsystem initialized
LogConfig: Setting CVar [[con.DebugEarlyDefault:1]]
LogConfig: Setting CVar [[r.setres:1280x720]]
[2019.06.24-21.27.35:770][  0]LogConfig: Setting CVar [[r.VSync:0]]
[2019.06.24-21.27.35:770][  0]LogConfig: Setting CVar [[r.RHICmdBypass:0]]
[2019.06.24-21.27.35:770][  0]LogConfig: Applying CVar settings from Section [/Script/Engine.RendererSettings] File [C:/Users/iD Student/Desktop/Final_project/Final_Project/Saved/Config/Windows/Engine.ini]
[2019.06.24-21.27.35:770][  0]LogConfig: Setting CVar [[r.GPUCrashDebugging:0]]
[2019.06.24-21.27.35:770][  0]LogConfig: Applying CVar settings from Section [/Script/Engine.RendererOverrideSettings] File [C:/Users/iD Student/Desktop/Final_project/Final_Project/Saved/Config/Windows/Engine.ini]
[2019.06.24-21.27.35:770][  0]LogConfig: Applying CVar settings from Section [/Script/Engine.StreamingSettings] File [C:/Users/iD Student/Desktop/Final_project/Final_Project/Saved/Config/Windows/Engine.ini]
[2019.06.24-21.27.35:770][  0]LogConfig: Setting CVar [[s.MinBulkDataSizeForAsyncLoading:131072]]
[2019.06.24-21.27.35:770][  0]LogConfig: Setting CVar [[s.AsyncLoadingThreadEnabled:0]]
[2019.06.24-21.27.35:770][  0]LogConfig: Setting CVar [[s.EventDrivenLoaderEnabled:1]]
[2019.06.24-21.27.35:771][  0]LogConfig: Setting CVar [[s.WarnIfTimeLimitExceeded:0]]
[2019.06.24-21.27.35:771][  0]LogConfig: Setting CVar [[s.TimeLimitExceededMultiplier:1.5]]
[2019.06.24-21.27.35:771][  0]LogConfig: Setting CVar [[s.TimeLimitExceededMinTime:0.005]]
[2019.06.24-21.27.35:771][  0]LogConfig: Setting CVar [[s.UseBackgroundLevelStreaming:1]]
[2019.06.24-21.27.35:771][  0]LogConfig: Setting CVar [[s.PriorityAsyncLoadingExtraTime:15.0]]
[2019.06.24-21.27.35:771][  0]LogConfig: Setting CVar [[s.LevelStreamingActorsUpdateTimeLimit:5.0]]
[2019.06.24-21.27.35:771][  0]LogConfig: Setting CVar [[s.PriorityLevelStreamingActorsUpdateExtraTime:5.0]]
[2019.06.24-21.27.35:771][  0]LogConfig: Setting CVar [[s.LevelStreamingComponentsRegistrationGranularity:10]]
[2019.06.24-21.27.35:771][  0]LogConfig: Setting CVar [[s.UnregisterComponentsTimeLimit:1.0]]
[2019.06.24-21.27.35:771][  0]LogConfig: Setting CVar [[s.LevelStreamingComponentsUnregistrationGranularity:5]]
[2019.06.24-21.27.35:771][  0]LogConfig: Applying CVar settings from Section [/Script/Engine.GarbageCollectionSettings] File [C:/Users/iD Student/Desktop/Final_project/Final_Project/Saved/Config/Windows/Engine.ini]
[2019.06.24-21.27.35:771][  0]LogConfig: Setting CVar [[gc.MaxObjectsNotConsideredByGC:1]]
[2019.06.24-21.27.35:771][  0]LogConfig: Setting CVar [[gc.SizeOfPermanentObjectPool:0]]
[2019.06.24-21.27.35:771][  0]LogConfig: Setting CVar [[gc.FlushStreamingOnGC:0]]
[2019.06.24-21.27.35:771][  0]LogConfig: Setting CVar [[gc.NumRetriesBeforeForcingGC:10]]
[2019.06.24-21.27.35:771][  0]LogConfig: Setting CVar [[gc.AllowParallelGC:1]]
[2019.06.24-21.27.35:771][  0]LogConfig: Setting CVar [[gc.TimeBetweenPurgingPendingKillObjects:61.1]]
[2019.06.24-21.27.35:771][  0]LogConfig: Setting CVar [[gc.MaxObjectsInEditor:8388607]]
[2019.06.24-21.27.35:771][  0]LogConfig: Setting CVar [[gc.IncrementalBeginDestroyEnabled:1]]
[2019.06.24-21.27.35:771][  0]LogConfig: Setting CVar [[gc.CreateGCClusters:1]]
[2019.06.24-21.27.35:771][  0]LogConfig: Setting CVar [[gc.MergeGCClusters:0]]
[2019.06.24-21.27.35:771][  0]LogConfig: Setting CVar [[gc.MinGCClusterSize:5]]
[2019.06.24-21.27.35:771][  0]LogConfig: Setting CVar [[gc.ActorClusteringEnabled:0]]
[2019.06.24-21.27.35:771][  0]LogConfig: Setting CVar [[gc.BlueprintClusteringEnabled:0]]
[2019.06.24-21.27.35:771][  0]LogConfig: Setting CVar [[gc.UseDisregardForGCOnDedicatedServers:0]]
[2019.06.24-21.27.35:771][  0]LogConfig: Applying CVar settings from Section [/Script/Engine.NetworkSettings] File [C:/Users/iD Student/Desktop/Final_project/Final_Project/Saved/Config/Windows/Engine.ini]
[2019.06.24-21.27.35:771][  0]LogConfig: Applying CVar settings from Section [/Script/UnrealEd.CookerSettings] File [C:/Users/iD Student/Desktop/Final_project/Final_Project/Saved/Config/Windows/Engine.ini]
[2019.06.24-21.27.35:774][  0]LogConfig: Applying CVar settings from Section [ViewDistanceQuality@3] File [C:/Users/iD Student/Desktop/Final_project/Final_Project/Saved/Config/Windows/Scalability.ini]
[2019.06.24-21.27.35:774][  0]LogConfig: Setting CVar [[r.SkeletalMeshLODBias:0]]
[2019.06.24-21.27.35:774][  0]LogConfig: Setting CVar [[r.ViewDistanceScale:1.0]]
[2019.06.24-21.27.35:774][  0]LogConfig: Applying CVar settings from Section [AntiAliasingQuality@3] File [C:/Users/iD Student/Desktop/Final_project/Final_Project/Saved/Config/Windows/Scalability.ini]
[2019.06.24-21.27.35:774][  0]LogConfig: Setting CVar [[r.PostProcessAAQuality:4]]
[2019.06.24-21.27.35:774][  0]LogConfig: Applying CVar settings from Section [ShadowQuality@3] File [C:/Users/iD Student/Desktop/Final_project/Final_Project/Saved/Config/Windows/Scalability.ini]
[2019.06.24-21.27.35:774][  0]LogConfig: Setting CVar [[r.LightFunctionQuality:1]]
[2019.06.24-21.27.35:774][  0]LogConfig: Setting CVar [[r.ShadowQuality:5]]
[2019.06.24-21.27.35:774][  0]LogConfig: Setting CVar [[r.Shadow.CSM.MaxCascades:10]]
[2019.06.24-21.27.35:774][  0]LogConfig: Setting CVar [[r.Shadow.MaxResolution:2048]]
[2019.06.24-21.27.35:774][  0]LogConfig: Setting CVar [[r.Shadow.MaxCSMResolution:2048]]
[2019.06.24-21.27.35:774][  0]LogConfig: Setting CVar [[r.Shadow.RadiusThreshold:0.01]]
[2019.06.24-21.27.35:774][  0]LogConfig: Setting CVar [[r.Shadow.DistanceScale:1.0]]
[2019.06.24-21.27.35:774][  0]LogConfig: Setting CVar [[r.Shadow.CSM.TransitionScale:1.0]]
[2019.06.24-21.27.35:774][  0]LogConfig: Setting CVar [[r.Shadow.PreShadowResolutionFactor:1.0]]
[2019.06.24-21.27.35:774][  0]LogConfig: Setting CVar [[r.DistanceFieldShadowing:1]]
[2019.06.24-21.27.35:774][  0]LogConfig: Setting CVar [[r.DistanceFieldAO:1]]
[2019.06.24-21.27.35:774][  0]LogConfig: Setting CVar [[r.AOQuality:2]]
[2019.06.24-21.27.35:774][  0]LogConfig: Setting CVar [[r.VolumetricFog:1]]
[2019.06.24-21.27.35:774][  0]LogConfig: Setting CVar [[r.VolumetricFog.GridPixelSize:8]]
[2019.06.24-21.27.35:774][  0]LogConfig: Setting CVar [[r.VolumetricFog.GridSizeZ:128]]
[2019.06.24-21.27.35:774][  0]LogConfig: Setting CVar [[r.VolumetricFog.HistoryMissSupersampleCount:4]]
[2019.06.24-21.27.35:774][  0]LogConfig: Setting CVar [[r.LightMaxDrawDistanceScale:1]]
[2019.06.24-21.27.35:774][  0]LogConfig: Setting CVar [[r.CapsuleShadows:1]]
[2019.06.24-21.27.35:774][  0]LogConfig: Applying CVar settings from Section [PostProcessQuality@3] File [C:/Users/iD Student/Desktop/Final_project/Final_Project/Saved/Config/Windows/Scalability.ini]
[2019.06.24-21.27.35:774][  0]LogConfig: Setting CVar [[r.MotionBlurQuality:4]]
[2019.06.24-21.27.35:774][  0]LogConfig: Setting CVar [[r.AmbientOcclusionMipLevelFactor:0.4]]
[2019.06.24-21.27.35:774][  0]LogConfig: Setting CVar [[r.AmbientOcclusionMaxQuality:100]]
[2019.06.24-21.27.35:774][  0]LogConfig: Setting CVar [[r.AmbientOcclusionLevels:-1]]
[2019.06.24-21.27.35:774][  0]LogConfig: Setting CVar [[r.AmbientOcclusionRadiusScale:1.0]]
[2019.06.24-21.27.35:774][  0]LogConfig: Setting CVar [[r.DepthOfFieldQuality:2]]
[2019.06.24-21.27.35:774][  0]LogConfig: Setting CVar [[r.RenderTargetPoolMin:400]]
[2019.06.24-21.27.35:774][  0]LogConfig: Setting CVar [[r.LensFlareQuality:2]]
[2019.06.24-21.27.35:774][  0]LogConfig: Setting CVar [[r.SceneColorFringeQuality:1]]
[2019.06.24-21.27.35:775][  0]LogConfig: Setting CVar [[r.EyeAdaptationQuality:2]]
[2019.06.24-21.27.35:775][  0]LogConfig: Setting CVar [[r.BloomQuality:5]]
[2019.06.24-21.27.35:775][  0]LogConfig: Setting CVar [[r.FastBlurThreshold:100]]
[2019.06.24-21.27.35:775][  0]LogConfig: Setting CVar [[r.Upscale.Quality:3]]
[2019.06.24-21.27.35:775][  0]LogConfig: Setting CVar [[r.Tonemapper.GrainQuantization:1]]
[2019.06.24-21.27.35:775][  0]LogConfig: Setting CVar [[r.LightShaftQuality:1]]
[2019.06.24-21.27.35:775][  0]LogConfig: Setting CVar [[r.Filter.SizeScale:1]]
[2019.06.24-21.27.35:775][  0]LogConfig: Setting CVar [[r.Tonemapper.Quality:5]]
[2019.06.24-21.27.35:775][  0]LogConfig: Setting CVar [[r.DOF.Gather.AccumulatorQuality:1        ; higher gathering accumulator quality]]
[2019.06.24-21.27.35:775][  0]LogConfig: Setting CVar [[r.DOF.Gather.PostfilterMethod:1          ; Median3x3 postfilering method]]
[2019.06.24-21.27.35:775][  0]LogConfig: Setting CVar [[r.DOF.Gather.EnableBokehSettings:0       ; no bokeh simulation when gathering]]
[2019.06.24-21.27.35:775][  0]LogConfig: Setting CVar [[r.DOF.Gather.RingCount:4                 ; medium number of samples when gathering]]
[2019.06.24-21.27.35:775][  0]LogConfig: Setting CVar [[r.DOF.Scatter.ForegroundCompositing:1    ; additive foreground scattering]]
[2019.06.24-21.27.35:775][  0]LogConfig: Setting CVar [[r.DOF.Scatter.BackgroundCompositing:2    ; additive background scattering]]
[2019.06.24-21.27.35:775][  0]LogConfig: Setting CVar [[r.DOF.Scatter.EnableBokehSettings:1      ; bokeh simulation when scattering]]
[2019.06.24-21.27.35:775][  0]LogConfig: Setting CVar [[r.DOF.Scatter.MaxSpriteRatio:0.1         ; only a maximum of 10% of scattered bokeh]]
[2019.06.24-21.27.35:775][  0]LogConfig: Setting CVar [[r.DOF.Recombine.Quality:1                ; cheap slight out of focus]]
[2019.06.24-21.27.35:775][  0]LogConfig: Setting CVar [[r.DOF.Recombine.EnableBokehSettings:0    ; no bokeh simulation on slight out of focus]]
[2019.06.24-21.27.35:775][  0]LogConfig: Setting CVar [[r.DOF.TemporalAAQuality:1                ; more stable temporal accumulation]]
[2019.06.24-21.27.35:775][  0]LogConfig: Setting CVar [[r.DOF.Kernel.MaxForegroundRadius:0.025]]
[2019.06.24-21.27.35:775][  0]LogConfig: Setting CVar [[r.DOF.Kernel.MaxBackgroundRadius:0.025]]
[2019.06.24-21.27.35:775][  0]LogConfig: Applying CVar settings from Section [TextureQuality@3] File [C:/Users/iD Student/Desktop/Final_project/Final_Project/Saved/Config/Windows/Scalability.ini]
[2019.06.24-21.27.35:775][  0]LogConfig: Setting CVar [[r.Streaming.MipBias:0]]
[2019.06.24-21.27.35:775][  0]LogConfig: Setting CVar [[r.Streaming.AmortizeCPUToGPUCopy:0]]
[2019.06.24-21.27.35:775][  0]LogConfig: Setting CVar [[r.Streaming.MaxNumTexturesToStreamPerFrame:0]]
[2019.06.24-21.27.35:775][  0]LogConfig: Setting CVar [[r.Streaming.Boost:1]]
[2019.06.24-21.27.35:775][  0]LogConfig: Setting CVar [[r.MaxAnisotropy:8]]
[2019.06.24-21.27.35:775][  0]LogConfig: Setting CVar [[r.Streaming.LimitPoolSizeToVRAM:0]]
[2019.06.24-21.27.35:775][  0]LogConfig: Setting CVar [[r.Streaming.PoolSize:1000]]
[2019.06.24-21.27.35:775][  0]LogConfig: Setting CVar [[r.Streaming.MaxEffectiveScreenSize:0]]
[2019.06.24-21.27.35:775][  0]LogConfig: Applying CVar settings from Section [EffectsQuality@3] File [C:/Users/iD Student/Desktop/Final_project/Final_Project/Saved/Config/Windows/Scalability.ini]
[2019.06.24-21.27.35:775][  0]LogConfig: Setting CVar [[r.TranslucencyLightingVolumeDim:64]]
[2019.06.24-21.27.35:775][  0]LogConfig: Setting CVar [[r.RefractionQuality:2]]
[2019.06.24-21.27.35:775][  0]LogConfig: Setting CVar [[r.SSR.Quality:3]]
[2019.06.24-21.27.35:775][  0]LogConfig: Setting CVar [[r.SceneColorFormat:4]]
[2019.06.24-21.27.35:775][  0]LogConfig: Setting CVar [[r.DetailMode:2]]
[2019.06.24-21.27.35:775][  0]LogConfig: Setting CVar [[r.TranslucencyVolumeBlur:1]]
[2019.06.24-21.27.35:775][  0]LogConfig: Setting CVar [[r.MaterialQualityLevel:1 ; High quality]]
[2019.06.24-21.27.35:775][  0]LogConfig: Setting CVar [[r.SSS.Scale:1]]
[2019.06.24-21.27.35:775][  0]LogConfig: Setting CVar [[r.SSS.SampleSet:2]]
[2019.06.24-21.27.35:775][  0]LogConfig: Setting CVar [[r.SSS.Quality:1]]
[2019.06.24-21.27.35:775][  0]LogConfig: Setting CVar [[r.SSS.HalfRes:1]]
[2019.06.24-21.27.35:775][  0]LogConfig: Setting CVar [[r.EmitterSpawnRateScale:1.0]]
[2019.06.24-21.27.35:775][  0]LogConfig: Setting CVar [[r.ParticleLightQuality:2]]
[2019.06.24-21.27.35:775][  0]LogConfig: Applying CVar settings from Section [FoliageQuality@3] File [C:/Users/iD Student/Desktop/Final_project/Final_Project/Saved/Config/Windows/Scalability.ini]
[2019.06.24-21.27.35:775][  0]LogConfig: Setting CVar [[foliage.DensityScale:1.0]]
[2019.06.24-21.27.35:775][  0]LogConfig: Setting CVar [[grass.DensityScale:1.0]]
[2019.06.24-21.27.35:775][  0]LogInit: Selected Device Profile: [Windows]
[2019.06.24-21.27.35:775][  0]LogInit: Applying CVar settings loaded from the selected device profile: [Windows]
[2019.06.24-21.27.35:787][  0]LogHAL: Display: Platform has ~ 16 GB [16964157440 / 17179869184 / 16], which maps to Larger [LargestMinGB=32, LargerMinGB=12, DefaultMinGB=8, SmallerMinGB=6, SmallestMinGB=0)
[2019.06.24-21.27.35:787][  0]LogConfig: Setting CVar [[r.Vulkan.UseRealUBs:1]]
[2019.06.24-21.27.35:787][  0]LogInit: Going up to parent DeviceProfile []
[2019.06.24-21.27.35:787][  0]LogConfig: Applying CVar settings from Section [ViewDistanceQuality@3] File [C:/Users/iD Student/Desktop/Final_project/Final_Project/Saved/Config/Windows/Scalability.ini]
[2019.06.24-21.27.35:787][  0]LogConfig: Setting CVar [[r.SkeletalMeshLODBias:0]]
[2019.06.24-21.27.35:787][  0]LogConfig: Setting CVar [[r.ViewDistanceScale:1.0]]
[2019.06.24-21.27.35:787][  0]LogConfig: Applying CVar settings from Section [AntiAliasingQuality@3] File [C:/Users/iD Student/Desktop/Final_project/Final_Project/Saved/Config/Windows/Scalability.ini]
[2019.06.24-21.27.35:787][  0]LogConfig: Setting CVar [[r.PostProcessAAQuality:4]]
[2019.06.24-21.27.35:787][  0]LogConfig: Applying CVar settings from Section [ShadowQuality@3] File [C:/Users/iD Student/Desktop/Final_project/Final_Project/Saved/Config/Windows/Scalability.ini]
[2019.06.24-21.27.35:787][  0]LogConfig: Setting CVar [[r.LightFunctionQuality:1]]
[2019.06.24-21.27.35:787][  0]LogConfig: Setting CVar [[r.ShadowQuality:5]]
[2019.06.24-21.27.35:787][  0]LogConfig: Setting CVar [[r.Shadow.CSM.MaxCascades:10]]
[2019.06.24-21.27.35:787][  0]LogConfig: Setting CVar [[r.Shadow.MaxResolution:2048]]
[2019.06.24-21.27.35:787][  0]LogConfig: Setting CVar [[r.Shadow.MaxCSMResolution:2048]]
[2019.06.24-21.27.35:787][  0]LogConfig: Setting CVar [[r.Shadow.RadiusThreshold:0.01]]
[2019.06.24-21.27.35:787][  0]LogConfig: Setting CVar [[r.Shadow.DistanceScale:1.0]]
[2019.06.24-21.27.35:787][  0]LogConfig: Setting CVar [[r.Shadow.CSM.TransitionScale:1.0]]
[2019.06.24-21.27.35:787][  0]LogConfig: Setting CVar [[r.Shadow.PreShadowResolutionFactor:1.0]]
[2019.06.24-21.27.35:787][  0]LogConfig: Setting CVar [[r.DistanceFieldShadowing:1]]
[2019.06.24-21.27.35:787][  0]LogConfig: Setting CVar [[r.DistanceFieldAO:1]]
[2019.06.24-21.27.35:787][  0]LogConfig: Setting CVar [[r.AOQuality:2]]
[2019.06.24-21.27.35:787][  0]LogConfig: Setting CVar [[r.VolumetricFog:1]]
[2019.06.24-21.27.35:787][  0]LogConfig: Setting CVar [[r.VolumetricFog.GridPixelSize:8]]
[2019.06.24-21.27.35:787][  0]LogConfig: Setting CVar [[r.VolumetricFog.GridSizeZ:128]]
[2019.06.24-21.27.35:787][  0]LogConfig: Setting CVar [[r.VolumetricFog.HistoryMissSupersampleCount:4]]
[2019.06.24-21.27.35:787][  0]LogConfig: Setting CVar [[r.LightMaxDrawDistanceScale:1]]
[2019.06.24-21.27.35:787][  0]LogConfig: Setting CVar [[r.CapsuleShadows:1]]
[2019.06.24-21.27.35:787][  0]LogConfig: Applying CVar settings from Section [PostProcessQuality@3] File [C:/Users/iD Student/Desktop/Final_project/Final_Project/Saved/Config/Windows/Scalability.ini]
[2019.06.24-21.27.35:787][  0]LogConfig: Setting CVar [[r.MotionBlurQuality:4]]
[2019.06.24-21.27.35:787][  0]LogConfig: Setting CVar [[r.AmbientOcclusionMipLevelFactor:0.4]]
[2019.06.24-21.27.35:787][  0]LogConfig: Setting CVar [[r.AmbientOcclusionMaxQuality:100]]
[2019.06.24-21.27.35:787][  0]LogConfig: Setting CVar [[r.AmbientOcclusionLevels:-1]]
[2019.06.24-21.27.35:787][  0]LogConfig: Setting CVar [[r.AmbientOcclusionRadiusScale:1.0]]
[2019.06.24-21.27.35:787][  0]LogConfig: Setting CVar [[r.DepthOfFieldQuality:2]]
[2019.06.24-21.27.35:787][  0]LogConfig: Setting CVar [[r.RenderTargetPoolMin:400]]
[2019.06.24-21.27.35:787][  0]LogConfig: Setting CVar [[r.LensFlareQuality:2]]
[2019.06.24-21.27.35:787][  0]LogConfig: Setting CVar [[r.SceneColorFringeQuality:1]]
[2019.06.24-21.27.35:787][  0]LogConfig: Setting CVar [[r.EyeAdaptationQuality:2]]
[2019.06.24-21.27.35:787][  0]LogConfig: Setting CVar [[r.BloomQuality:5]]
[2019.06.24-21.27.35:787][  0]LogConfig: Setting CVar [[r.FastBlurThreshold:100]]
[2019.06.24-21.27.35:787][  0]LogConfig: Setting CVar [[r.Upscale.Quality:3]]
[2019.06.24-21.27.35:787][  0]LogConfig: Setting CVar [[r.Tonemapper.GrainQuantization:1]]
[2019.06.24-21.27.35:787][  0]LogConfig: Setting CVar [[r.LightShaftQuality:1]]
[2019.06.24-21.27.35:787][  0]LogConfig: Setting CVar [[r.Filter.SizeScale:1]]
[2019.06.24-21.27.35:787][  0]LogConfig: Setting CVar [[r.Tonemapper.Quality:5]]
[2019.06.24-21.27.35:787][  0]LogConfig: Setting CVar [[r.DOF.Gather.AccumulatorQuality:1        ; higher gathering accumulator quality]]
[2019.06.24-21.27.35:787][  0]LogConfig: Setting CVar [[r.DOF.Gather.PostfilterMethod:1          ; Median3x3 postfilering method]]
[2019.06.24-21.27.35:787][  0]LogConfig: Setting CVar [[r.DOF.Gather.EnableBokehSettings:0       ; no bokeh simulation when gathering]]
[2019.06.24-21.27.35:787][  0]LogConfig: Setting CVar [[r.DOF.Gather.RingCount:4                 ; medium number of samples when gathering]]
[2019.06.24-21.27.35:787][  0]LogConfig: Setting CVar [[r.DOF.Scatter.ForegroundCompositing:1    ; additive foreground scattering]]
[2019.06.24-21.27.35:787][  0]LogConfig: Setting CVar [[r.DOF.Scatter.BackgroundCompositing:2    ; additive background scattering]]
[2019.06.24-21.27.35:787][  0]LogConfig: Setting CVar [[r.DOF.Scatter.EnableBokehSettings:1      ; bokeh simulation when scattering]]
[2019.06.24-21.27.35:787][  0]LogConfig: Setting CVar [[r.DOF.Scatter.MaxSpriteRatio:0.1         ; only a maximum of 10% of scattered bokeh]]
[2019.06.24-21.27.35:787][  0]LogConfig: Setting CVar [[r.DOF.Recombine.Quality:1                ; cheap slight out of focus]]
[2019.06.24-21.27.35:787][  0]LogConfig: Setting CVar [[r.DOF.Recombine.EnableBokehSettings:0    ; no bokeh simulation on slight out of focus]]
[2019.06.24-21.27.35:787][  0]LogConfig: Setting CVar [[r.DOF.TemporalAAQuality:1                ; more stable temporal accumulation]]
[2019.06.24-21.27.35:787][  0]LogConfig: Setting CVar [[r.DOF.Kernel.MaxForegroundRadius:0.025]]
[2019.06.24-21.27.35:787][  0]LogConfig: Setting CVar [[r.DOF.Kernel.MaxBackgroundRadius:0.025]]
[2019.06.24-21.27.35:787][  0]LogConfig: Applying CVar settings from Section [TextureQuality@3] File [C:/Users/iD Student/Desktop/Final_project/Final_Project/Saved/Config/Windows/Scalability.ini]
[2019.06.24-21.27.35:787][  0]LogConfig: Setting CVar [[r.Streaming.MipBias:0]]
[2019.06.24-21.27.35:787][  0]LogConfig: Setting CVar [[r.Streaming.AmortizeCPUToGPUCopy:0]]
[2019.06.24-21.27.35:787][  0]LogConfig: Setting CVar [[r.Streaming.MaxNumTexturesToStreamPerFrame:0]]
[2019.06.24-21.27.35:787][  0]LogConfig: Setting CVar [[r.Streaming.Boost:1]]
[2019.06.24-21.27.35:787][  0]LogConfig: Setting CVar [[r.MaxAnisotropy:8]]
[2019.06.24-21.27.35:787][  0]LogConfig: Setting CVar [[r.Streaming.LimitPoolSizeToVRAM:0]]
[2019.06.24-21.27.35:787][  0]LogConfig: Setting CVar [[r.Streaming.PoolSize:1000]]
[2019.06.24-21.27.35:787][  0]LogConfig: Setting CVar [[r.Streaming.MaxEffectiveScreenSize:0]]
[2019.06.24-21.27.35:787][  0]LogConfig: Applying CVar settings from Section [EffectsQuality@3] File [C:/Users/iD Student/Desktop/Final_project/Final_Project/Saved/Config/Windows/Scalability.ini]
[2019.06.24-21.27.35:787][  0]LogConfig: Setting CVar [[r.TranslucencyLightingVolumeDim:64]]
[2019.06.24-21.27.35:787][  0]LogConfig: Setting CVar [[r.RefractionQuality:2]]
[2019.06.24-21.27.35:787][  0]LogConfig: Setting CVar [[r.SSR.Quality:3]]
[2019.06.24-21.27.35:787][  0]LogConfig: Setting CVar [[r.SceneColorFormat:4]]
[2019.06.24-21.27.35:788][  0]LogConfig: Setting CVar [[r.DetailMode:2]]
[2019.06.24-21.27.35:788][  0]LogConfig: Setting CVar [[r.TranslucencyVolumeBlur:1]]
[2019.06.24-21.27.35:788][  0]LogConfig: Setting CVar [[r.MaterialQualityLevel:1 ; High quality]]
[2019.06.24-21.27.35:788][  0]LogConfig: Setting CVar [[r.SSS.Scale:1]]
[2019.06.24-21.27.35:788][  0]LogConfig: Setting CVar [[r.SSS.SampleSet:2]]
[2019.06.24-21.27.35:788][  0]LogConfig: Setting CVar [[r.SSS.Quality:1]]
[2019.06.24-21.27.35:788][  0]LogConfig: Setting CVar [[r.SSS.HalfRes:1]]
[2019.06.24-21.27.35:788][  0]LogConfig: Setting CVar [[r.EmitterSpawnRateScale:1.0]]
[2019.06.24-21.27.35:788][  0]LogConfig: Setting CVar [[r.ParticleLightQuality:2]]
[2019.06.24-21.27.35:788][  0]LogConfig: Applying CVar settings from Section [FoliageQuality@3] File [C:/Users/iD Student/Desktop/Final_project/Final_Project/Saved/Config/Windows/Scalability.ini]
[2019.06.24-21.27.35:788][  0]LogConfig: Setting CVar [[foliage.DensityScale:1.0]]
[2019.06.24-21.27.35:788][  0]LogConfig: Setting CVar [[grass.DensityScale:1.0]]
[2019.06.24-21.27.35:788][  0]LogConfig: Applying CVar settings from Section [Startup] File [../../../Engine/Config/ConsoleVariables.ini]
[2019.06.24-21.27.35:788][  0]LogConfig: Setting CVar [[net.UseAdaptiveNetUpdateFrequency:0]]
[2019.06.24-21.27.35:788][  0]LogConfig: Applying CVar settings from Section [ConsoleVariables] File [C:/Users/iD Student/Desktop/Final_project/Final_Project/Saved/Config/Windows/Engine.ini]
[2019.06.24-21.27.35:788][  0]LogInit: Computer: CAMP-95CZ7T2
[2019.06.24-21.27.35:788][  0]LogInit: User: iDStudent
[2019.06.24-21.27.35:788][  0]LogInit: CPU Page size=4096, Cores=6
[2019.06.24-21.27.35:788][  0]LogInit: High frequency timer resolution =10.000000 MHz
[2019.06.24-21.27.35:788][  0]LogMemory: Memory total: Physical=15.8GB (16GB approx)
[2019.06.24-21.27.35:788][  0]LogMemory: Platform Memory Stats for Windows
[2019.06.24-21.27.35:788][  0]LogMemory: Process Physical Memory: 103.88 MB used, 103.88 MB peak
[2019.06.24-21.27.35:788][  0]LogMemory: Process Virtual Memory: 86.35 MB used, 86.35 MB peak
[2019.06.24-21.27.35:788][  0]LogMemory: Physical Memory: 6010.98 MB used,  10167.30 MB free, 16178.28 MB total
[2019.06.24-21.27.35:788][  0]LogMemory: Virtual Memory: 4662.48 MB used,  134213064.00 MB free, 134217728.00 MB total
[2019.06.24-21.27.35:805][  0]LogInit: Using OS detected language (en-US).
[2019.06.24-21.27.35:805][  0]LogInit: Using OS detected locale (en-US).
[2019.06.24-21.27.35:806][  0]LogTextLocalizationManager: No specific localization for 'en-US' exists, so the 'en' localization will be used.
[2019.06.24-21.27.36:133][  0]LogStreaming: Display: Took  0.328s to InitEngineTextLocalization.
[2019.06.24-21.27.36:133][  0]LogInit: Setting process to per monitor DPI aware
[2019.06.24-21.27.36:172][  0]LogSlate: New Slate User Created.  User Index 0, Is Virtual User: 0
[2019.06.24-21.27.36:172][  0]LogSlate: Slate User Registered.  User Index 0, Is Virtual User: 0
[2019.06.24-21.27.36:343][  0]LogHMD: Failed to initialize OpenVR with code 110
[2019.06.24-21.27.36:343][  0]LogD3D11RHI: D3D11 adapters:
[2019.06.24-21.27.36:400][  0]LogD3D11RHI:    0. 'NVIDIA GeForce GTX 1060 with Max-Q Design' (Feature Level 11_0)
[2019.06.24-21.27.36:400][  0]LogD3D11RHI:       6052/0/8089 MB DedicatedVideo/DedicatedSystem/SharedSystem, Outputs:1, VendorId:0x10de
[2019.06.24-21.27.36:413][  0]LogD3D11RHI:    1. 'Intel(R) UHD Graphics 630' (Feature Level 11_0)
[2019.06.24-21.27.36:413][  0]LogD3D11RHI:       128/0/8089 MB DedicatedVideo/DedicatedSystem/SharedSystem, Outputs:0, VendorId:0x8086
[2019.06.24-21.27.36:415][  0]LogD3D11RHI:    2. 'Microsoft Basic Render Driver' (Feature Level 11_0)
[2019.06.24-21.27.36:415][  0]LogD3D11RHI:       0/0/8089 MB DedicatedVideo/DedicatedSystem/SharedSystem, Outputs:0, VendorId:0x1414
[2019.06.24-21.27.36:415][  0]LogD3D11RHI: Chosen D3D11 Adapter: 0
[2019.06.24-21.27.36:438][  0]LogD3D11RHI: Creating new Direct3DDevice
[2019.06.24-21.27.36:438][  0]LogD3D11RHI:     GPU DeviceId: 0x1c20 (for the marketing name, search the web for "GPU Device Id")
[2019.06.24-21.27.36:438][  0]LogWindows: EnumDisplayDevices:
[2019.06.24-21.27.36:438][  0]LogWindows:    0. 'Intel(R) UHD Graphics 630' (P:1 D:1)
[2019.06.24-21.27.36:438][  0]LogWindows:    1. 'Intel(R) UHD Graphics 630' (P:0 D:0)
[2019.06.24-21.27.36:438][  0]LogWindows:    2. 'Intel(R) UHD Graphics 630' (P:0 D:0)
[2019.06.24-21.27.36:439][  0]LogWindows:    3. 'NVIDIA GeForce GTX 1060 with Max-Q Design' (P:0 D:0)
[2019.06.24-21.27.36:439][  0]LogWindows: DebugString: PrimaryIsNotTheChoosenAdapter PrimaryIsNotTheChoosenAdapter PrimaryIsNotTheChoosenAdapter 
[2019.06.24-21.27.36:439][  0]LogD3D11RHI:     Adapter Name: NVIDIA GeForce GTX 1060 with Max-Q Design
[2019.06.24-21.27.36:439][  0]LogD3D11RHI:   Driver Version: 419.35 (internal:25.21.14.1935, unified:419.35)
[2019.06.24-21.27.36:439][  0]LogD3D11RHI:      Driver Date: 3-1-2019
[2019.06.24-21.27.36:439][  0]LogRHI: Texture pool is 4236 MB (70% of 6052 MB)
[2019.06.24-21.27.36:473][  0]LogD3D11RHI: Async texture creation enabled
[2019.06.24-21.27.36:485][  0]LogD3D11RHI: GPU Timing Frequency: 1000.000000 (Debug: 2 1)
[2019.06.24-21.27.36:710][  0]LogTemp: Display: Loaded TP AllDesktopTargetPlatform
[2019.06.24-21.27.36:721][  0]LogTemp: Display: Loaded TP MacClientTargetPlatform
[2019.06.24-21.27.36:731][  0]LogTemp: Display: Loaded TP MacNoEditorTargetPlatform
[2019.06.24-21.27.36:742][  0]LogTemp: Display: Loaded TP MacServerTargetPlatform
[2019.06.24-21.27.36:752][  0]LogTemp: Display: Loaded TP MacTargetPlatform
[2019.06.24-21.27.36:763][  0]LogTemp: Display: Loaded TP WindowsClientTargetPlatform
[2019.06.24-21.27.36:773][  0]LogTemp: Display: Loaded TP WindowsNoEditorTargetPlatform
[2019.06.24-21.27.36:784][  0]LogTemp: Display: Loaded TP WindowsServerTargetPlatform
[2019.06.24-21.27.36:788][  0]LogTemp: Display: Loaded TP WindowsTargetPlatform
[2019.06.24-21.27.36:848][  0]LogTemp: Display: Loaded TP AndroidTargetPlatform
[2019.06.24-21.27.36:848][  0]LogTemp: Display: Loaded TP AndroidTargetPlatform
[2019.06.24-21.27.36:848][  0]LogTemp: Display: Loaded TP AndroidTargetPlatform
[2019.06.24-21.27.36:848][  0]LogTemp: Display: Loaded TP AndroidTargetPlatform
[2019.06.24-21.27.36:848][  0]LogTemp: Display: Loaded TP AndroidTargetPlatform
[2019.06.24-21.27.36:848][  0]LogTemp: Display: Loaded TP AndroidTargetPlatform
[2019.06.24-21.27.36:848][  0]LogTemp: Display: Loaded TP AndroidTargetPlatform
[2019.06.24-21.27.36:848][  0]LogTemp: Display: Loaded TP AndroidTargetPlatform
[2019.06.24-21.27.36:848][  0]LogTemp: Display: Loaded TP AndroidTargetPlatform
[2019.06.24-21.27.36:848][  0]LogTemp: Display: Loaded TP AndroidTargetPlatform
[2019.06.24-21.27.36:848][  0]LogTemp: Display: Loaded TP AndroidTargetPlatform
[2019.06.24-21.27.36:848][  0]LogTemp: Display: Loaded TP AndroidTargetPlatform
[2019.06.24-21.27.36:848][  0]LogTemp: Display: Loaded TP AndroidTargetPlatform
[2019.06.24-21.27.36:848][  0]LogTemp: Display: Loaded TP AndroidTargetPlatform
[2019.06.24-21.27.36:848][  0]LogTemp: Display: Loaded TP AndroidTargetPlatform
[2019.06.24-21.27.36:848][  0]LogTemp: Display: Loaded TP AndroidTargetPlatform
[2019.06.24-21.27.36:848][  0]LogTemp: Display: Loaded TP AndroidTargetPlatform
[2019.06.24-21.27.36:848][  0]LogTemp: Display: Loaded TP AndroidTargetPlatform
[2019.06.24-21.27.36:849][  0]LogTemp: Display: Loaded TP HTML5TargetPlatform
[2019.06.24-21.27.36:904][  0]LogTemp: Display: Loaded TP IOSTargetPlatform
[2019.06.24-21.27.36:904][  0]LogTemp: Display: Loaded TP IOSTargetPlatform
[2019.06.24-21.27.36:921][  0]LogTemp: Display: Loaded TP TVOSTargetPlatform
[2019.06.24-21.27.36:921][  0]LogTemp: Display: Loaded TP TVOSTargetPlatform
[2019.06.24-21.27.36:930][  0]LogTemp: Display: Loaded TP LinuxClientTargetPlatform
[2019.06.24-21.27.36:940][  0]LogTemp: Display: Loaded TP LinuxNoEditorTargetPlatform
[2019.06.24-21.27.36:949][  0]LogTemp: Display: Loaded TP LinuxServerTargetPlatform
[2019.06.24-21.27.36:959][  0]LogTemp: Display: Loaded TP LinuxTargetPlatform
[2019.06.24-21.27.36:993][  0]LogTemp: Display: Loaded TP LuminTargetPlatform
[2019.06.24-21.27.36:993][  0]LogTemp: Display: Loaded TP LuminTargetPlatform
[2019.06.24-21.27.36:993][  0]LogTargetPlatformManager: Display: Building Assets For Windows
[2019.06.24-21.27.37:032][  0]LogShaderCompilers: Guid format shader working directory is -19 characters bigger than the processId version (../../../../../../Users/iD Student/Desktop/Final_project/Final_Project/Intermediate/Shaders/WorkingDirectory/5052/).
[2019.06.24-21.27.37:032][  0]LogShaderCompilers: Cleaned the shader compiler working directory 'C:/Users/iD Student/AppData/Local/Temp/UnrealShaderWorkingDir/AC4301684F504F5302BB57868CCF624C/'.
[2019.06.24-21.27.37:034][  0]LogXGEController: Cannot use XGE Controller as Incredibuild is not installed on this machine.
[2019.06.24-21.27.37:034][  0]LogShaderCompilers: Cannot use XGE Shader Compiler as Incredibuild is not installed on this machine.
[2019.06.24-21.27.37:034][  0]LogShaderCompilers: Display: Using Local Shader Compiler.
[2019.06.24-21.27.37:483][  0]LogDerivedDataCache: Display: Max Cache Size: 512 MB
[2019.06.24-21.27.37:525][  0]LogDerivedDataCache: Loaded boot cache 0.04s 71MB C:/Users/iD Student/AppData/Local/UnrealEngine/4.21/DerivedDataCache/Boot.ddc.
[2019.06.24-21.27.37:525][  0]LogDerivedDataCache: Display: Loaded Boot cache: C:/Users/iD Student/AppData/Local/UnrealEngine/4.21/DerivedDataCache/Boot.ddc
[2019.06.24-21.27.37:525][  0]LogDerivedDataCache: FDerivedDataBackendGraph:  Pak pak cache file ../../../../../../Users/iD Student/Desktop/Final_project/Final_Project/DerivedDataCache/DDC.ddp not found, will not use a pak cache.
[2019.06.24-21.27.37:525][  0]LogDerivedDataCache: Unable to find inner node Pak for hierarchical cache Hierarchy.
[2019.06.24-21.27.37:525][  0]LogDerivedDataCache: FDerivedDataBackendGraph:  CompressedPak pak cache file ../../../../../../Users/iD Student/Desktop/Final_project/Final_Project/DerivedDataCache/Compressed.ddp not found, will not use a pak cache.
[2019.06.24-21.27.37:525][  0]LogDerivedDataCache: Unable to find inner node CompressedPak for hierarchical cache Hierarchy.
[2019.06.24-21.27.37:538][  0]LogDerivedDataCache: Display: Pak cache opened for reading ../../../Engine/DerivedDataCache/Compressed.ddp.
[2019.06.24-21.27.37:538][  0]LogDerivedDataCache: FDerivedDataBackendGraph:  EnterprisePak pak cache file ../../../Enterprise/DerivedDataCache/Compressed.ddp not found, will not use a pak cache.
[2019.06.24-21.27.37:538][  0]LogDerivedDataCache: Unable to find inner node EnterprisePak for hierarchical cache Hierarchy.
[2019.06.24-21.27.37:550][  0]LogDerivedDataCache: Using Local data cache path C:/Users/iD Student/AppData/Local/UnrealEngine/Common/DerivedDataCache: Writable
[2019.06.24-21.27.37:550][  0]LogDerivedDataCache: Shared data cache path not found in *engine.ini, will not use an Shared cache.
[2019.06.24-21.27.37:550][  0]LogDerivedDataCache: Unable to find inner node Shared for hierarchical cache Hierarchy.
[2019.06.24-21.27.37:568][  0]LogMaterial: Verifying Global Shaders for PCD3D_SM5
[2019.06.24-21.27.37:569][  0]LogSlate: Using FreeType 2.6.0
[2019.06.24-21.27.37:570][  0]LogSlate: SlateFontServices - WITH_FREETYPE: 1, WITH_HARFBUZZ: 1
[2019.06.24-21.27.37:641][  0]LogAssetRegistry: FAssetRegistry took 0.0312 seconds to start up
[2019.06.24-21.27.37:891][  0]LogInit: Selected Device Profile: [Windows]
[2019.06.24-21.27.38:012][  0]LogSimplygon: Simplygon DLL not present - disabling.
[2019.06.24-21.27.38:015][  0]LogMeshReduction: Using SimplygonSwarm for distributed automatic mesh merging
[2019.06.24-21.27.38:015][  0]LogMeshReduction: Using ProxyLODMeshReduction for automatic mesh merging
[2019.06.24-21.27.38:015][  0]LogMeshReduction: Using QuadricMeshReduction for automatic static mesh reduction
[2019.06.24-21.27.38:015][  0]LogMeshReduction: No automatic skeletal mesh reduction module available
[2019.06.24-21.27.38:026][  0]LogNetVersion: Final_Project 1.0.0, NetCL: 4541578, EngineNetVer: 5, GameNetVer: 0 (Checksum: 307496195)
[2019.06.24-21.27.38:442][  0]LogPackageLocalizationCache: Processed 11 localized package path(s) for 2 prioritized culture(s) in 0.077109 seconds
[2019.06.24-21.27.38:446][  0]LogUObjectArray: 39775 objects as part of root set at end of initial load.
[2019.06.24-21.27.38:446][  0]LogUObjectAllocator: 6914656 out of 0 bytes used by permanent object pool.
[2019.06.24-21.27.38:446][  0]LogUObjectArray: CloseDisregardForGC: 0/0 objects in disregard for GC pool
[2019.06.24-21.27.39:129][  0]LogTcpMessaging: Initializing TcpMessaging bridge
[2019.06.24-21.27.39:141][  0]LogUdpMessaging: Initializing bridge on interface 0.0.0.0:0 to multicast group 230.0.0.1:6666.
[2019.06.24-21.27.39:696][  0]SourceControl: Source control is disabled
[2019.06.24-21.27.39:696][  0]SourceControl: Source control is disabled
[2019.06.24-21.27.39:697][  0]SourceControl: Source control is disabled
[2019.06.24-21.27.39:697][  0]SourceControl: Source control is disabled
[2019.06.24-21.27.39:838][  0]LogAndroidPermission: UAndroidPermissionCallbackProxy::GetInstance
[2019.06.24-21.27.39:905][  0]LogOcInput: OculusInput pre-init called
[2019.06.24-21.27.40:029][  0]LogEngine: Initializing Engine...
[2019.06.24-21.27.40:030][  0]LogHMD: Failed to initialize OpenVR with code 110
[2019.06.24-21.27.40:031][  0]LogStats: UGameplayTagsManager::ConstructGameplayTagTree: ImportINI prefixes -  0.000 s
[2019.06.24-21.27.40:031][  0]LogStats: UGameplayTagsManager::ConstructGameplayTagTree: Construct from data asset -  0.000 s
[2019.06.24-21.27.40:031][  0]LogStats: UGameplayTagsManager::ConstructGameplayTagTree: ImportINI -  0.000 s
[2019.06.24-21.27.40:031][  0]LogStats: UGameplayTagsManager::ConstructGameplayTagTree: GameplayTagTreeChangedEvent.Broadcast -  0.000 s
[2019.06.24-21.27.40:225][  0]LogInit: Initializing FReadOnlyCVARCache
[2019.06.24-21.27.40:234][  0]LogAIModule: Creating AISystem for world Untitled
[2019.06.24-21.27.40:246][  0]LogInit: XAudio2 using 'Speakers (USB Audio Device)' : 2 channels at 48 kHz using 16 bits per sample (channel mask 0x3)
[2019.06.24-21.27.40:268][  0]LogInit: FAudioDevice initialized.
[2019.06.24-21.27.40:268][  0]LogNetVersion: Set ProjectVersion to 1.0.0.0. Version Checksum will be recalculated on next use.
[2019.06.24-21.27.40:333][  0]LogDerivedDataCache: Saved boot cache 0.07s 71MB C:/Users/iD Student/AppData/Local/UnrealEngine/4.21/DerivedDataCache/Boot.ddc.
[2019.06.24-21.27.40:342][  0]LogInit: Texture streaming: Enabled
[2019.06.24-21.27.40:354][  0]LogEngineSessionManager: EngineSessionManager initialized
[2019.06.24-21.27.40:364][  0]LogInit: Transaction tracking system initialized
[2019.06.24-21.27.40:379][  0]BlueprintLog: New page: Editor Load
[2019.06.24-21.27.40:433][  0]LocalizationService: Localization service is disabled
[2019.06.24-21.27.40:811][  0]LogCook: Display: Max memory allowance for cook 16384mb min free memory 0mb
[2019.06.24-21.27.40:811][  0]LogCook: Display: Mobile HDR setting 1
[2019.06.24-21.27.40:811][  0]LogGameplayTags: Display: UGameplayTagsManager::DoneAddingNativeTags. DelegateIsBound: 0
[2019.06.24-21.27.40:811][  0]LogStats: UGameplayTagsManager::ConstructGameplayTagTree: ImportINI prefixes -  0.000 s
[2019.06.24-21.27.40:811][  0]LogStats: UGameplayTagsManager::ConstructGameplayTagTree: Construct from data asset -  0.000 s
[2019.06.24-21.27.40:811][  0]LogStats: UGameplayTagsManager::ConstructGameplayTagTree: ImportINI -  0.000 s
[2019.06.24-21.27.40:811][  0]LogStats: UGameplayTagsManager::ConstructGameplayTagTree: GameplayTagTreeChangedEvent.Broadcast -  0.000 s
[2019.06.24-21.27.40:849][  0]LogFileCache: Scanning file cache for directory 'C:/Users/iD Student/Desktop/Final_project/Final_Project/Content/' took 0.02s
[2019.06.24-21.27.40:920][  0]SourceControl: Source control is disabled
[2019.06.24-21.27.40:920][  0]Cmd: MAP LOAD FILE="../../../../../../Users/iD Student/Desktop/Final_project/Final_Project/Content/FirstPersonBP/Maps/Untitled.umap" TEMPLATE=0 SHOWPROGRESS=1 FEATURELEVEL=3
[2019.06.24-21.27.40:921][  0]LightingResults: New page: Lighting Build
[2019.06.24-21.27.40:922][  0]MapCheck: New page: Map Check
[2019.06.24-21.27.40:922][  0]LightingResults: New page: Lighting Build
[2019.06.24-21.27.41:076][  0]LogAIModule: Creating AISystem for world Untitled
[2019.06.24-21.27.41:080][  0]LogEditorServer: Finished looking for orphan Actors (0.000 secs)
[2019.06.24-21.27.41:105][  0]Cmd: MAP CHECKDEP NOCLEARLOG
[2019.06.24-21.27.41:105][  0]MapCheck: Map check complete: 0 Error(s), 0 Warning(s), took 0.115ms to complete.
[2019.06.24-21.27.41:105][  0]LogFileHelpers: Loading map 'Untitled' took 0.185
[2019.06.24-21.27.41:190][  0]LogSlate: Updating window title bar state: overlay mode, drag disabled, window buttons hidden, title bar hidden
[2019.06.24-21.27.41:196][  0]LogSlate: Updating window title bar state: overlay mode, drag disabled, window buttons hidden, title bar hidden
[2019.06.24-21.27.41:202][  0]LogSlate: Updating window title bar state: overlay mode, drag disabled, window buttons hidden, title bar hidden
[2019.06.24-21.27.41:208][  0]LogSlate: Updating window title bar state: overlay mode, drag disabled, window buttons hidden, title bar hidden
[2019.06.24-21.27.41:213][  0]LogCollectionManager: Loaded 0 collections in 0.001254 seconds
[2019.06.24-21.27.41:231][  0]LogFileCache: Scanning file cache for directory 'C:/Users/iD Student/Desktop/Final_project/Final_Project/Saved/Collections/' took 0.01s
[2019.06.24-21.27.41:231][  0]LogFileCache: Scanning file cache for directory 'C:/Users/iD Student/Desktop/Final_project/Final_Project/Content/Developers/iDStudent/Collections/' took 0.00s
[2019.06.24-21.27.41:232][  0]LogFileCache: Scanning file cache for directory 'C:/Users/iD Student/Desktop/Final_project/Final_Project/Content/Collections/' took 0.00s
[2019.06.24-21.27.41:232][  0]LogCollectionManager: Rebuilt the GUID cache for 0 collections in 0.000000 seconds
[2019.06.24-21.27.41:243][  0]LogContentBrowser: Native class hierarchy populated in 0.0110 seconds. Added 2651 classes and 620 folders.
[2019.06.24-21.27.41:249][  0]LogContentBrowser: Native class hierarchy updated for 'WidgetCarousel' in 0.0002 seconds. Added 0 classes and 0 folders.
[2019.06.24-21.27.41:250][  0]LogPakFile: Registered encryption key '00000000000000000000000000000000': 0 pak files mounted, 0 remain pending
[2019.06.24-21.27.41:250][  0]LogPakFile: Registered encryption key '00000000000000000000000000000000': 0 pak files mounted, 0 remain pending
[2019.06.24-21.27.41:251][  0]LogPakFile: Registered encryption key '00000000000000000000000000000000': 0 pak files mounted, 0 remain pending
[2019.06.24-21.27.41:251][  0]LogPakFile: Registered encryption key '00000000000000000000000000000000': 0 pak files mounted, 0 remain pending
[2019.06.24-21.27.41:251][  0]LogPakFile: Registered encryption key '00000000000000000000000000000000': 0 pak files mounted, 0 remain pending
[2019.06.24-21.27.41:252][  0]LogPakFile: Registered encryption key '00000000000000000000000000000000': 0 pak files mounted, 0 remain pending
[2019.06.24-21.27.41:252][  0]LogPakFile: Registered encryption key '00000000000000000000000000000000': 0 pak files mounted, 0 remain pending
[2019.06.24-21.27.41:252][  0]LogPakFile: Registered encryption key '00000000000000000000000000000000': 0 pak files mounted, 0 remain pending
[2019.06.24-21.27.41:253][  0]LogPakFile: Registered encryption key '00000000000000000000000000000000': 0 pak files mounted, 0 remain pending
[2019.06.24-21.27.41:253][  0]LogPakFile: Registered encryption key '00000000000000000000000000000000': 0 pak files mounted, 0 remain pending
[2019.06.24-21.27.41:253][  0]LogPakFile: Registered encryption key '00000000000000000000000000000000': 0 pak files mounted, 0 remain pending
[2019.06.24-21.27.41:254][  0]LogPakFile: Registered encryption key '00000000000000000000000000000000': 0 pak files mounted, 0 remain pending
[2019.06.24-21.27.41:254][  0]LogPakFile: Registered encryption key '00000000000000000000000000000000': 0 pak files mounted, 0 remain pending
[2019.06.24-21.27.41:254][  0]LogPakFile: Registered encryption key '00000000000000000000000000000000': 0 pak files mounted, 0 remain pending
[2019.06.24-21.27.41:255][  0]LogPakFile: Registered encryption key '00000000000000000000000000000000': 0 pak files mounted, 0 remain pending
[2019.06.24-21.27.41:255][  0]LogPakFile: Registered encryption key '00000000000000000000000000000000': 0 pak files mounted, 0 remain pending
[2019.06.24-21.27.41:256][  0]LogPakFile: Registered encryption key '00000000000000000000000000000000': 0 pak files mounted, 0 remain pending
[2019.06.24-21.27.41:256][  0]LogPakFile: Registered encryption key '00000000000000000000000000000000': 0 pak files mounted, 0 remain pending
[2019.06.24-21.27.41:256][  0]LogPakFile: Registered encryption key '00000000000000000000000000000000': 0 pak files mounted, 0 remain pending
[2019.06.24-21.27.41:257][  0]LogPakFile: Registered encryption key '00000000000000000000000000000000': 0 pak files mounted, 0 remain pending
[2019.06.24-21.27.41:257][  0]LogPakFile: Registered encryption key '00000000000000000000000000000000': 0 pak files mounted, 0 remain pending
[2019.06.24-21.27.41:257][  0]LogPakFile: Registered encryption key '00000000000000000000000000000000': 0 pak files mounted, 0 remain pending
[2019.06.24-21.27.41:258][  0]LogPakFile: Registered encryption key '00000000000000000000000000000000': 0 pak files mounted, 0 remain pending
[2019.06.24-21.27.41:258][  0]LogPakFile: Registered encryption key '00000000000000000000000000000000': 0 pak files mounted, 0 remain pending
[2019.06.24-21.27.41:258][  0]LogPakFile: Registered encryption key '00000000000000000000000000000000': 0 pak files mounted, 0 remain pending
[2019.06.24-21.27.41:259][  0]LogPakFile: Registered encryption key '00000000000000000000000000000000': 0 pak files mounted, 0 remain pending
[2019.06.24-21.27.41:277][  0]LogContentBrowser: Native class hierarchy updated for 'AddContentDialog' in 0.0002 seconds. Added 0 classes and 0 folders.
[2019.06.24-21.27.41:280][  0]LogContentBrowser: Native class hierarchy updated for 'SceneOutliner' in 0.0002 seconds. Added 1 classes and 2 folders.
[2019.06.24-21.27.42:232][  0]LogSlate: Only BGRA pngs, bmps or icos are supported in by External Image Picker
[2019.06.24-21.27.42:249][  0]LogSlate: Took 0.000125 seconds to synchronously load lazily loaded font '../../../Engine/Content/Slate/Fonts/Roboto-Regular.ttf' (155K)
[2019.06.24-21.27.42:251][  0]LogSlate: Took 0.000118 seconds to synchronously load lazily loaded font '../../../Engine/Content/Slate/Fonts/Roboto-Bold.ttf' (160K)
[2019.06.24-21.27.42:257][  0]LogSlate: Took 0.000148 seconds to synchronously load lazily loaded font '../../../Engine/Content/Editor/Slate/Fonts/FontAwesome.ttf' (139K)
[2019.06.24-21.27.42:353][  0]LogTemp: Executing iPhonePackager certificates Engine -bundlename com.YourCompany.FinalProject
[2019.06.24-21.27.42:353][  0]LogTemp: CWD: C:\Program Files\Epic Games\UE_4.21\Engine\Binaries\DotNET\IOS
[2019.06.24-21.27.42:354][  0]LogTemp: Initial Dir: C:\Program Files\Epic Games\UE_4.21
[2019.06.24-21.27.42:354][  0]LogTemp: Env CWD: C:\Program Files\Epic Games\UE_4.21\Engine\Binaries\DotNET\IOS
[2019.06.24-21.27.42:354][  0]LogTemp: BranchPath = CAMP-95CZ7T2/C/Program Files/Epic Games/UE_4.21/Engine/Binaries --- GameBranchPath = CAMP-95CZ7T2/C/Program Files/Epic Games/UE_4.21/Engine/Binaries
[2019.06.24-21.27.42:354][  0]LogTemp: IPP ERROR: Could not find provision directory 'C:\Users\iD Student\AppData\Local/Apple Computer/MobileDevice/Provisioning Profiles/'.
[2019.06.24-21.27.42:354][  0]LogRenderer: Reallocating scene render targets to support 964x436 Format 10 NumSamples 1 (Frame:1).
[2019.06.24-21.27.42:507][  0]LogContentBrowser: Native class hierarchy updated for 'HierarchicalLODOutliner' in 0.0003 seconds. Added 0 classes and 0 folders.
[2019.06.24-21.27.42:507][  0]LogLoad: (Engine Initialization) Total time: 8.21 seconds
[2019.06.24-21.27.42:507][  0]LogLoad: (Engine Initialization) Total Blueprint compile time: 0.00 seconds
[2019.06.24-21.27.42:584][  0]LogContentStreaming: Texture pool size now 1000 MB
[2019.06.24-21.27.42:609][  0]LogSlate: Took 0.000101 seconds to synchronously load lazily loaded font '../../../Engine/Content/Slate/Fonts/Roboto-Light.ttf' (167K)
[2019.06.24-21.27.42:638][  1]LogAssetRegistry: Asset discovery search completed in 5.0193 seconds
[2019.06.24-21.27.42:639][  1]LogCollectionManager: Rebuilt the object cache for 0 collections in 0.000000 seconds (found 0 objects)
[2019.06.24-21.27.42:639][  1]LogCollectionManager: Fixed up redirectors for 0 collections in 0.000041 seconds (updated 0 objects)
[2019.06.24-21.27.43:887][ 65]LogSlate: FSceneViewport::OnFocusLost() reason 0
[2019.06.24-21.27.43:968][ 70]LogSlate: Window 'Project Settings' being destroyed
[2019.06.24-21.27.43:973][ 70]LogSlate: Window 'Project Settings' being destroyed
[2019.06.24-21.27.44:827][121]LogSlate: FSceneViewport::OnFocusLost() reason 0
[2019.06.24-21.27.44:893][125]LogTemp: Repeating last play command: Selected Viewport
[2019.06.24-21.27.44:904][125]LogBlueprintUserMessages: Early PlayInEditor Detection: Level '/Game/FirstPersonBP/Maps/Untitled.Untitled:PersistentLevel' has LevelScriptBlueprint '/Game/FirstPersonBP/Maps/Untitled.Untitled:PersistentLevel.Untitled' with GeneratedClass '/Game/FirstPersonBP/Maps/Untitled.Untitled_C' with ClassGeneratedBy '/Game/FirstPersonBP/Maps/Untitled.Untitled:PersistentLevel.Untitled'
[2019.06.24-21.27.44:904][125]LogPlayLevel: PlayLevel: No blueprints needed recompiling
[2019.06.24-21.27.44:904][125]PIE: New page: PIE session: Untitled (Jun 24, 2019, 1:27:44 PM)
[2019.06.24-21.27.44:915][125]LogPlayLevel: Creating play world package: /Game/FirstPersonBP/Maps/UEDPIE_0_Untitled
[2019.06.24-21.27.44:917][125]LogPlayLevel: PIE: StaticDuplicateObject took: (0.002476s)
[2019.06.24-21.27.44:918][125]LogAIModule: Creating AISystem for world Untitled
[2019.06.24-21.27.44:918][125]LogPlayLevel: PIE: World Init took: (0.000487s)
[2019.06.24-21.27.44:918][125]LogPlayLevel: PIE: Created PIE world by copying editor world from /Game/FirstPersonBP/Maps/Untitled.Untitled to /Game/FirstPersonBP/Maps/UEDPIE_0_Untitled.Untitled (0.003165s)
[2019.06.24-21.27.44:943][125]LogInit: XAudio2 using 'Speakers (USB Audio Device)' : 2 channels at 48 kHz using 16 bits per sample (channel mask 0x3)
[2019.06.24-21.27.44:951][125]LogInit: FAudioDevice initialized.
[2019.06.24-21.27.44:995][125]LogLoad: Game class is 'FirstPersonGameMode_C'
[2019.06.24-21.27.44:998][125]LogWorld: Bringing World /Game/FirstPersonBP/Maps/UEDPIE_0_Untitled.Untitled up for play (max tick rate 60) at 2019.06.24-17.27.44
[2019.06.24-21.27.44:999][125]LogWorld: Bringing up level for play took: 0.001038
[2019.06.24-21.27.45:019][125]LogContentBrowser: Native class hierarchy updated for 'MovieSceneCapture' in 0.0006 seconds. Added 20 classes and 0 folders.
[2019.06.24-21.27.45:022][125]PIE: Play in editor start time for /Game/FirstPersonBP/Maps/UEDPIE_0_Untitled -0.383
[2019.06.24-21.27.45:022][125]LogBlueprintUserMessages: Late PlayInEditor Detection: Level '/Game/FirstPersonBP/Maps/Untitled.Untitled:PersistentLevel' has LevelScriptBlueprint '/Game/FirstPersonBP/Maps/Untitled.Untitled:PersistentLevel.Untitled' with GeneratedClass '/Game/FirstPersonBP/Maps/Untitled.Untitled_C' with ClassGeneratedBy '/Game/FirstPersonBP/Maps/Untitled.Untitled:PersistentLevel.Untitled'
[2019.06.24-21.27.45:836][173]LogNet: Browse: /Game/FirstPersonBP/Maps/FirstPersonExampleMap
[2019.06.24-21.27.45:837][173]LogLoad: LoadMap: /Game/FirstPersonBP/Maps/FirstPersonExampleMap
[2019.06.24-21.27.45:977][173]LogLinker: Warning: Can't find file '/Game/FirstPersonBP/Maps/FirstPersonExampleMap_BuiltData'
[2019.06.24-21.27.45:978][173]LogLinker: Warning: Can't find file for asset '/Game/FirstPersonBP/Maps/FirstPersonExampleMap_BuiltData' while loading ../../../../../../Users/iD Student/Desktop/Final_project/Final_Project/Content/FirstPersonBP/Maps/FirstPersonExampleMap.umap.
[2019.06.24-21.27.45:978][173]LoadErrors: Error: /Game/FirstPersonBP/Maps/FirstPersonExampleMap : Can't find file for asset. /Game/FirstPersonBP/Maps/FirstPersonExampleMap_BuiltData
[2019.06.24-21.27.45:980][173]LogLinker: Warning: Can't find file '/Game/FirstPersonBP/Maps/FirstPersonExampleMap_BuiltData'
[2019.06.24-21.27.45:980][173]LogLinker: Warning: Can't find file for asset '/Game/FirstPersonBP/Maps/FirstPersonExampleMap_BuiltData' while loading ../../../../../../Users/iD Student/Desktop/Final_project/Final_Project/Content/FirstPersonBP/Maps/FirstPersonExampleMap.umap.
[2019.06.24-21.27.46:019][173]LogLinker: Warning: Can't find file '/Game/FirstPersonBP/Maps/FirstPersonExampleMap_BuiltData'
[2019.06.24-21.27.46:019][173]LogLinker: Warning: Can't find file for asset '/Game/FirstPersonBP/Maps/FirstPersonExampleMap_BuiltData' while loading NULL.
[2019.06.24-21.27.46:019][173]LogLinker: Warning: Can't find file '/Game/FirstPersonBP/Maps/FirstPersonExampleMap_BuiltData'
[2019.06.24-21.27.46:019][173]LogLinker: Warning: Can't find file for asset '/Game/FirstPersonBP/Maps/FirstPersonExampleMap_BuiltData' while loading NULL.
[2019.06.24-21.27.46:072][173]LogLinker: Warning: Can't find file '/Game/FirstPersonBP/Maps/FirstPersonExampleMap_BuiltData'
[2019.06.24-21.27.46:072][173]LoadErrors: Failed to load /Game/FirstPersonBP/Maps/FirstPersonExampleMap_BuiltData.FirstPersonExampleMap_BuiltData Referenced by PersistentLevel
[2019.06.24-21.27.46:072][173]LogLinker: Warning: Can't find file for asset '/Game/FirstPersonBP/Maps/FirstPersonExampleMap_BuiltData' while loading NULL.
[2019.06.24-21.27.46:189][173]LogAIModule: Creating AISystem for world FirstPersonExampleMap
[2019.06.24-21.27.46:190][173]LogLoad: Game class is 'FirstPersonGameMode_C'
[2019.06.24-21.27.46:198][173]LogWorld: Bringing World /Game/FirstPersonBP/Maps/UEDPIE_0_FirstPersonExampleMap.FirstPersonExampleMap up for play (max tick rate 60) at 2019.06.24-17.27.46
[2019.06.24-21.27.46:198][173]LogWorld: Bringing up level for play took: 0.007412
[2019.06.24-21.27.46:198][173]LogGameMode: FindPlayerStart: PATHS NOT DEFINED or NO PLAYERSTART with positive rating
[2019.06.24-21.27.46:199][173]LogLoad: Took 0.362335 seconds to LoadMap(/Game/FirstPersonBP/Maps/FirstPersonExampleMap)
[2019.06.24-21.27.47:537][253]LogBlueprintUserMessages: Early EndPlayMap Detection: Level '/Game/FirstPersonBP/Maps/Untitled.Untitled:PersistentLevel' has LevelScriptBlueprint '/Game/FirstPersonBP/Maps/Untitled.Untitled:PersistentLevel.Untitled' with GeneratedClass '/Game/FirstPersonBP/Maps/Untitled.Untitled_C' with ClassGeneratedBy '/Game/FirstPersonBP/Maps/Untitled.Untitled:PersistentLevel.Untitled'
[2019.06.24-21.27.47:537][253]LogSlate: Updating window title bar state: overlay mode, drag disabled, window buttons hidden, title bar hidden
[2019.06.24-21.27.47:571][253]LogPlayLevel: Display: Shutting down PIE online subsystems
[2019.06.24-21.27.47:571][253]LogBlueprintUserMessages: Late EndPlayMap Detection: Level '/Game/FirstPersonBP/Maps/Untitled.Untitled:PersistentLevel' has LevelScriptBlueprint '/Game/FirstPersonBP/Maps/Untitled.Untitled:PersistentLevel.Untitled' with GeneratedClass '/Game/FirstPersonBP/Maps/Untitled.Untitled_C' with ClassGeneratedBy '/Game/FirstPersonBP/Maps/Untitled.Untitled:PersistentLevel.Untitled'
[2019.06.24-21.27.47:593][253]LogSlate: Updating window title bar state: overlay mode, drag disabled, window buttons hidden, title bar hidden
[2019.06.24-21.27.47:638][256]LogPlayLevel: Display: Destroying online subsystem :Context_2
