"../../../Engine/Content/Functions/Engine_MaterialFunctions01/Opacity/CameraDepthFade.uasset" 0
"../../../Engine/Content/EngineMaterials/T_Default_Material_Grid_M.uasset" 1
"../../../Engine/Content/EngineMaterials/T_Default_Material_Grid_N.uasset" 2
"../../../Engine/Content/EngineMaterials/WorldGridMaterial.uasset" 3
"../../../Engine/Content/ArtTools/RenderToTexture/Meshes/S_1_Unit_Plane.uasset" 4
"../../../Engine/Content/EngineMaterials/DefaultMaterial.uasset" 5
"../../../Engine/Content/BasicShapes/Cone.uasset" 6
"../../../Engine/Content/BasicShapes/Cylinder.uasset" 7
"../../../Engine/Content/BasicShapes/Plane.uasset" 8
"../../../Engine/Content/BasicShapes/Sphere.uasset" 9
"../../../Engine/Content/EngineMaterials/DefaultPhysicalMaterial.uasset" 10
"../../../Engine/Content/BufferVisualization/AmbientOcclusion.uasset" 11
"../../../Engine/Content/BufferVisualization/BaseColor.uasset" 12
"../../../Engine/Content/BufferVisualization/CustomDepth.uasset" 13
"../../../Engine/Content/Functions/Engine_MaterialFunctions02/Utility/VectorLength.uasset" 14
"../../../Engine/Content/BufferVisualization/CustomDepthWorldUnits.uasset" 15
"../../../Engine/Content/Functions/Engine_MaterialFunctions02/Utility/BreakOutFloat2Components.uasset" 16
"../../../Engine/Content/Functions/Engine_MaterialFunctions01/Texturing/ScaleUVsByCenter.uasset" 17
"../../../Engine/Content/Functions/Engine_MaterialFunctions02/ScreenResolution.uasset" 18
"../../../Engine/Content/Functions/Engine_MaterialFunctions02/Texturing/ScreenAlignedUVs.uasset" 19
"../../../Engine/Content/Functions/Engine_MaterialFunctions02/Utility/MakeFloat2.uasset" 20
"../../../Engine/Content/Functions/Engine_MaterialFunctions02/Utility/MakeFloat3.uasset" 21
"../../../Engine/Content/EngineMaterials/MiniFont.uasset" 22
"../../../Engine/Content/BufferVisualization/CustomStencil.uasset" 23
"../../../Engine/Content/BufferVisualization/FinalImage.uasset" 24
"../../../Engine/Content/BufferVisualization/LightingModel.uasset" 25
"../../../Engine/Content/BufferVisualization/MaterialAO.uasset" 26
"../../../Engine/Content/BufferVisualization/Metallic.uasset" 27
"../../../Engine/Content/BufferVisualization/Opacity.uasset" 28
"../../../Engine/Content/BufferVisualization/PostTonemapHDRColor.uasset" 29
"../../../Engine/Content/BufferVisualization/PreTonemapHDRColor.uasset" 30
"../../../Engine/Content/BufferVisualization/Roughness.uasset" 31
"../../../Engine/Content/BufferVisualization/SceneColor.uasset" 32
"../../../Engine/Content/BufferVisualization/SceneDepth.uasset" 33
"../../../Engine/Content/BufferVisualization/SceneDepthWorldUnits.uasset" 34
"../../../Engine/Content/BufferVisualization/SeparateTranslucencyA.uasset" 35
"../../../Engine/Content/BufferVisualization/SeparateTranslucencyRGB.uasset" 36
"../../../Engine/Content/BufferVisualization/Specular.uasset" 37
"../../../Engine/Content/BufferVisualization/SubsurfaceColor.uasset" 38
"../../../Engine/Content/BufferVisualization/WorldNormal.uasset" 39
"../../../Engine/Content/EditorLandscapeResources/DataLayer.uasset" 40
"../../../Engine/Content/EditorLandscapeResources/DefaultAlphaTexture.uasset" 41
"../../../Engine/Content/EditorLandscapeResources/LandscapeGizmoHeight_Mat.uasset" 42
"../../../Engine/Content/EditorLandscapeResources/LandscapeGizmo_Mat.uasset" 43
"../../../Engine/Content/EditorLandscapeResources/LandscapeGizmo_Mat_Copied.uasset" 44
"../../../Engine/Content/EditorLandscapeResources/SplineEditorMeshMat.uasset" 45
"../../../Engine/Content/EditorLandscapeResources/SplineEditorMesh.uasset" 46
"../../../Engine/Content/EditorMaterials/Cross.uasset" 47
"../../../Engine/Content/EditorMaterials/Cross_Mat.uasset" 48
"../../../Engine/Content/EditorMaterials/GizmoMaterial.uasset" 49
"../../../Engine/Content/Functions/Engine_MaterialFunctions02/ExampleContent/Textures/flipbook.uasset" 50
"../../../Engine/Content/Functions/Engine_MaterialFunctions02/Texturing/FlipBook.uasset" 51
"../../../Engine/Content/Functions/Engine_MaterialFunctions02/Utility/Sign.uasset" 52
"../../../Engine/Content/Functions/Engine_MaterialFunctions02/Utility/Round.uasset" 53
"../../../Engine/Content/EditorResources/T_EditorHelp.uasset" 54
"../../../Engine/Content/EditorMaterials/HelpActorMaterial.uasset" 55
"../../../Engine/Content/EditorMaterials/CompositeARGBLayer.uasset" 56
"../../../Engine/Content/EditorMaterials/TilingAALineIntegral.uasset" 57
"../../../Engine/Content/EditorMaterials/TilingAALineBoxFiltered.uasset" 58
"../../../Engine/Content/Functions/Engine_MaterialFunctions03/Procedurals/ComputeFilterWidth.uasset" 59
"../../../Engine/Content/EditorMaterials/TilingAADots.uasset" 60
"../../../Engine/Content/EngineMaterials/BlendFunc_DefBase.uasset" 61
"../../../Engine/Content/EngineMaterials/BlendFunc_DefBlend.uasset" 62
"../../../Engine/Content/Functions/Engine_MaterialFunctions03/Blends/Blend_Screen.uasset" 63
"../../../Engine/Content/EditorMaterials/TilingAAGrid.uasset" 64
"../../../Engine/Content/EditorMaterials/LevelGridMaterial.uasset" 65
"../../../Engine/Content/EditorMaterials/MakeCompositeARGBLayer.uasset" 66
"../../../Engine/Content/EditorResources/LevelGrid1DStripes.uasset" 67
"../../../Engine/Content/EditorMaterials/TextureGridCascaded1D.uasset" 68
"../../../Engine/Content/EditorMaterials/TextureGridCascaded2D.uasset" 69
"../../../Engine/Content/EditorMaterials/LevelGridMaterial2.uasset" 70
"../../../Engine/Content/EditorMaterials/MAT_Groups_Toggle.uasset" 71
"../../../Engine/Content/EditorMaterials/MAT_Groups_Visibility.uasset" 72
"../../../Engine/Content/EditorMaterials/PhAT_BoneSelectedMaterial.uasset" 73
"../../../Engine/Content/EditorMaterials/PhAT_ElemSelectedMaterial.uasset" 74
"../../../Engine/Content/EditorMaterials/PhAT_NoCollisionMaterial.uasset" 75
"../../../Engine/Content/EditorMaterials/PhAT_UnselectedMaterial.uasset" 76
"../../../Engine/Content/EditorMaterials/PreviewShadowIndicator.uasset" 77
"../../../Engine/Content/EditorMaterials/PreviewShadowIndicatorMaterial.uasset" 78
"../../../Engine/Content/EditorMaterials/TargetIcon.uasset" 79
"../../../Engine/Content/EditorMaterials/Tick.uasset" 80
"../../../Engine/Content/EditorMaterials/Tick_Mat.uasset" 81
"../../../Engine/Content/EditorMaterials/WidgetGridVertexColorMaterial.uasset" 82
"../../../Engine/Content/EditorMaterials/WidgetGridVertexColorMaterial_Ma.uasset" 83
"../../../Engine/Content/EditorMaterials/WidgetMaterial.uasset" 84
"../../../Engine/Content/EditorMaterials/WidgetMaterial_Current.uasset" 85
"../../../Engine/Content/EditorMaterials/WidgetMaterial_X.uasset" 86
"../../../Engine/Content/EditorMaterials/WidgetMaterial_Y.uasset" 87
"../../../Engine/Content/EditorMaterials/WidgetMaterial_Z.uasset" 88
"../../../Engine/Content/EditorMaterials/WidgetVertexColorMaterial.uasset" 89
"../../../Engine/Content/EditorMaterials/MatineeGroups/MAT_ColorTrack.uasset" 90
"../../../Engine/Content/EditorMaterials/MatineeGroups/MAT_Groups_Anim.uasset" 91
"../../../Engine/Content/EditorMaterials/MatineeGroups/MAT_Groups_AudioMaster.uasset" 92
"../../../Engine/Content/EditorMaterials/MatineeGroups/MAT_Groups_Director.uasset" 93
"../../../Engine/Content/EditorMaterials/MatineeGroups/MAT_Groups_Event.uasset" 94
"../../../Engine/Content/EditorMaterials/MatineeGroups/MAT_Groups_Fade.uasset" 95
"../../../Engine/Content/EditorMaterials/MatineeGroups/MAT_Groups_Float.uasset" 96
"../../../Engine/Content/EditorMaterials/MatineeGroups/MAT_Groups_Move.uasset" 97
"../../../Engine/Content/EditorMaterials/MatineeGroups/MAT_Groups_Slomo.uasset" 98
"../../../Engine/Content/EditorMaterials/MatineeGroups/MAT_Groups_Sound.uasset" 99
"../../../Engine/Content/EditorMaterials/MatineeGroups/MAT_Groups_Vector.uasset" 100
"../../../Engine/Content/EditorMaterials/ParticleSystems/PSysThumbnail_NoImage.uasset" 101
"../../../Engine/Content/EditorMaterials/ParticleSystems/PSysThumbnail_OOD.uasset" 102
"../../../Engine/Content/EngineMaterials/Grid.uasset" 103
"../../../Engine/Content/EditorMaterials/Thumbnails/FloorPlaneMaterial.uasset" 104
"../../../Engine/Content/EditorMeshes/EditorCube.uasset" 105
"../../../Engine/Content/EditorMeshes/EditorCylinder.uasset" 106
"../../../Engine/Content/EditorMeshes/EditorPlane.uasset" 107
"../../../Engine/Content/EditorMaterials/Thumbnails/SkySphereMaterial.uasset" 108
"../../../Engine/Content/EditorMeshes/EditorSkySphere.uasset" 109
"../../../Engine/Content/EditorMeshes/EditorSphere.uasset" 110
"../../../Engine/Content/EditorResources/MatineeCam_D.uasset" 111
"../../../Engine/Content/EditorMaterials/MatineeCam_mat.uasset" 112
"../../../Engine/Content/EditorMeshes/MatineeCam_SM.uasset" 113
"../../../Engine/Content/EditorMaterials/Camera/CineMat.uasset" 114
"../../../Engine/Content/EditorMaterials/Camera/MI_CineMat_CameraBody.uasset" 115
"../../../Engine/Content/EngineDebugMaterials/M_SimpleOpaque.uasset" 116
"../../../Engine/Content/EditorMaterials/Camera/MI_CineMat_CamViewFinder.uasset" 117
"../../../Engine/Content/EditorMeshes/Camera/SM_CineCam.uasset" 118
"../../../Engine/Content/EditorMaterials/Camera/MI_CineMat_Rig.uasset" 119
"../../../Engine/Content/EditorMeshes/Camera/SM_CraneRig_Arm.uasset" 120
"../../../Engine/Content/EditorMeshes/Camera/SM_CraneRig_Base.uasset" 121
"../../../Engine/Content/EditorMeshes/Camera/SM_CraneRig_Body.uasset" 122
"../../../Engine/Content/EditorMeshes/Camera/SM_CraneRig_Mount.uasset" 123
"../../../Engine/Content/EditorMeshes/Camera/SM_RailRig_Mount.uasset" 124
"../../../Engine/Content/EditorMeshes/Camera/SM_RailRig_Track.uasset" 125
"../../../Engine/Content/EditorResources/Bad.uasset" 126
"../../../Engine/Content/EditorResources/BSPVertex.uasset" 127
"../../../Engine/Content/EditorResources/EmptyActor.uasset" 128
"../../../Engine/Content/EditorResources/MatInstActSprite.uasset" 129
"../../../Engine/Content/EditorResources/SceneManager.uasset" 130
"../../../Engine/Content/EditorResources/SmallFont.uasset" 131
"../../../Engine/Content/EditorResources/S_Actor.uasset" 132
"../../../Engine/Content/EditorResources/S_DecalActorIcon.uasset" 133
"../../../Engine/Content/EditorResources/S_Emitter.uasset" 134
"../../../Engine/Content/EditorResources/S_ExpoHeightFog.uasset" 135
"../../../Engine/Content/EditorResources/S_FTest.uasset" 136
"../../../Engine/Content/EditorResources/S_KBSJoint.uasset" 137
"../../../Engine/Content/EditorResources/S_KHinge.uasset" 138
"../../../Engine/Content/EditorResources/S_KPrismatic.uasset" 139
"../../../Engine/Content/EditorResources/S_LevelSequence.uasset" 140
"../../../Engine/Content/EditorResources/S_NavP.uasset" 141
"../../../Engine/Content/EditorResources/S_Note.uasset" 142
"../../../Engine/Content/EditorResources/S_Player.uasset" 143
"../../../Engine/Content/EditorResources/S_PortalActorIcon2.uasset" 144
"../../../Engine/Content/EditorResources/S_RadForce.uasset" 145
"../../../Engine/Content/EditorResources/S_ReflActorIcon.uasset" 146
"../../../Engine/Content/EditorResources/S_Terrain.uasset" 147
"../../../Engine/Content/EditorResources/S_TextRenderActorIcon.uasset" 148
"../../../Engine/Content/EditorResources/S_Thruster.uasset" 149
"../../../Engine/Content/EditorResources/S_Trigger.uasset" 150
"../../../Engine/Content/EditorResources/S_VectorFieldVol.uasset" 151
"../../../Engine/Content/EditorResources/S_WindDirectional.uasset" 152
"../../../Engine/Content/EditorResources/AI/S_NavLink.uasset" 153
"../../../Engine/Content/EditorResources/LightIcons/SkyLight.uasset" 154
"../../../Engine/Content/EditorResources/LightIcons/S_LightDirectional.uasset" 155
"../../../Engine/Content/EditorResources/LightIcons/S_LightDirectionalMove.uasset" 156
"../../../Engine/Content/EditorResources/LightIcons/S_LightError.uasset" 157
"../../../Engine/Content/EditorResources/LightIcons/S_LightPoint.uasset" 158
"../../../Engine/Content/EditorResources/LightIcons/S_LightPointMove.uasset" 159
"../../../Engine/Content/EditorResources/LightIcons/S_LightSpot.uasset" 160
"../../../Engine/Content/EditorResources/LightIcons/S_LightSpotMove.uasset" 161
"../../../Engine/Content/EditorResources/SequenceRecorder/Countdown.uasset" 162
"../../../Engine/Content/EditorResources/SequenceRecorder/RecordingIndicator.uasset" 163
"../../../Engine/Content/EditorResources/Spline/T_Loft_Spline.uasset" 164
"../../../Engine/Content/EditorSounds/Notifications/CompileFailed.uasset" 165
"../../../Engine/Content/EditorSounds/Notifications/CompileFailed_Cue.uasset" 166
"../../../Engine/Content/EditorSounds/Notifications/CompileSuccess.uasset" 167
"../../../Engine/Content/EditorSounds/Notifications/CompileStart_Cue.uasset" 168
"../../../Engine/Content/EditorSounds/Notifications/CompileSuccess_Cue.uasset" 169
"../../../Engine/Content/EngineDamageTypes/DmgTypeBP_Environmental.uasset" 170
"../../../Engine/Content/EngineDebugMaterials/HeatmapGradient.uasset" 171
"../../../Engine/Content/EngineDebugMaterials/BoneWeightMaterial.uasset" 172
"../../../Engine/Content/EngineDebugMaterials/ClothMaterial.uasset" 173
"../../../Engine/Content/EngineDebugMaterials/ClothMaterial_WF.uasset" 174
"../../../Engine/Content/EngineDebugMaterials/DebugEditorMaterial.uasset" 175
"../../../Engine/Content/EngineDebugMaterials/DebugMeshMaterial.uasset" 176
"../../../Engine/Content/EngineDebugMaterials/GeomMaterial.uasset" 177
"../../../Engine/Content/Functions/Engine_MaterialFunctions01/Shading/ConvertFromDiffSpec.uasset" 178
"../../../Engine/Content/EngineDebugMaterials/LevelColorationLitMaterial.uasset" 179
"../../../Engine/Content/EngineDebugMaterials/LevelColorationUnlitMaterial.uasset" 180
"../../../Engine/Content/EngineMaterials/DefaultWhiteGrid.uasset" 181
"../../../Engine/Content/EngineDebugMaterials/MAT_LevelColorationLitLightmapUV.uasset" 182
"../../../Engine/Content/EngineDebugMaterials/M_SimpleTranslucent.uasset" 183
"../../../Engine/Content/EngineDebugMaterials/ShadedLevelColorationLitMaterial.uasset" 184
"../../../Engine/Content/EngineDebugMaterials/ShadedLevelColorationUnlitMateri.uasset" 185
"../../../Engine/Content/EngineDebugMaterials/VertexColorMaterial.uasset" 186
"../../../Engine/Content/EngineDebugMaterials/VertexColorViewMode_AlphaAsColor.uasset" 187
"../../../Engine/Content/EngineDebugMaterials/VertexColorViewMode_BlueOnly.uasset" 188
"../../../Engine/Content/EngineDebugMaterials/VertexColorViewMode_ColorOnly.uasset" 189
"../../../Engine/Content/EngineDebugMaterials/VertexColorViewMode_GreenOnly.uasset" 190
"../../../Engine/Content/EngineDebugMaterials/VertexColorViewMode_RedOnly.uasset" 191
"../../../Engine/Content/EngineDebugMaterials/WireframeMaterial.uasset" 192
"../../../Engine/Content/EngineFonts/Faces/RobotoBold.uasset" 193
"../../../Engine/Content/EngineFonts/Faces/RobotoBoldItalic.uasset" 194
"../../../Engine/Content/EngineFonts/Faces/RobotoItalic.uasset" 195
"../../../Engine/Content/EngineFonts/Faces/RobotoLight.uasset" 196
"../../../Engine/Content/EngineFonts/Faces/RobotoRegular.uasset" 197
"../../../Engine/Content/EngineFonts/Roboto.uasset" 198
"../../../Engine/Content/EngineFonts/Faces/RobotoTiny.uasset" 199
"../../../Engine/Content/EngineFonts/RobotoTiny.uasset" 200
"../../../Engine/Content/EngineFonts/SmallFont.uasset" 201
"../../../Engine/Content/EngineFonts/TinyFont.uasset" 202
"../../../Engine/Content/EngineMaterials/BaseFlattenDiffuseMap.uasset" 203
"../../../Engine/Content/EngineMaterials/BaseFlattenEmissiveMap.uasset" 204
"../../../Engine/Content/EngineMaterials/BaseFlattenGrayscaleMap.uasset" 205
"../../../Engine/Content/EngineMaterials/BaseFlattenNormalMap.uasset" 206
"../../../Engine/Content/EngineMaterials/BaseFlattenMaterial.uasset" 207
"../../../Engine/Content/EngineResources/WhiteSquareTexture.uasset" 208
"../../../Engine/Content/EngineMaterials/BlinkingCaret.uasset" 209
"../../../Engine/Content/EngineMaterials/DefaultBloomKernel.uasset" 210
"../../../Engine/Content/EngineMaterials/DefaultBokeh.uasset" 211
"../../../Engine/Content/EngineMaterials/DefaultDiffuse.uasset" 212
"../../../Engine/Content/EngineMaterials/DefaultDeferredDecalMaterial.uasset" 213
"../../../Engine/Content/EngineMaterials/DefaultLightFunctionMaterial.uasset" 214
"../../../Engine/Content/EngineMaterials/DefaultNormal.uasset" 215
"../../../Engine/Content/EngineMaterials/DefaultPostProcessMaterial.uasset" 216
"../../../Engine/Content/EngineFonts/RobotoDistanceField.uasset" 217
"../../../Engine/Content/EngineMaterials/DefaultTextMaterialOpaque.uasset" 218
"../../../Engine/Content/EngineMaterials/EditorBrushMaterial.uasset" 219
"../../../Engine/Content/EngineMaterials/Good64x64TilingNoiseHighFreq.uasset" 220
"../../../Engine/Content/EngineMaterials/Grid_N.uasset" 221
"../../../Engine/Content/EngineMaterials/HighResolutionScreenshotMaskFunction.uasset" 222
"../../../Engine/Content/EngineMaterials/HighResScreenshot.uasset" 223
"../../../Engine/Content/EngineMaterials/HighResScreenshotCaptureRegion.uasset" 224
"../../../Engine/Content/EngineMaterials/HighResScreenshotMask.uasset" 225
"../../../Engine/Content/EngineMaterials/LandscapeHolePhysicalMaterial.uasset" 226
"../../../Engine/Content/EngineMaterials/InvalidLightmapSettings.uasset" 227
"../../../Engine/Content/EngineMaterials/M_InvalidLightmapSettings.uasset" 228
"../../../Engine/Content/EngineMaterials/PaperDiffuse.uasset" 229
"../../../Engine/Content/EngineMaterials/PaperNormal.uasset" 230
"../../../Engine/Content/Functions/Engine_MaterialFunctions02/WorldPositionOffset/CameraOffset.uasset" 231
"../../../Engine/Content/EngineMaterials/PhAT_JointLimitMaterial.uasset" 232
"../../../Engine/Content/EngineMaterials/PhysMat_Rubber.uasset" 233
"../../../Engine/Content/EngineMaterials/PreintegratedSkinBRDF.uasset" 234
"../../../Engine/Content/EngineMaterials/RemoveSurfaceMaterial.uasset" 235
"../../../Engine/Content/EngineMaterials/WeightMapPlaceholderTexture.uasset" 236
"../../../Engine/Content/EngineMaterials/Widget3DPassThrough.uasset" 237
"../../../Engine/Content/EngineMaterials/Widget3DPassThrough_Masked.uasset" 238
"../../../Engine/Content/EngineMaterials/Widget3DPassThrough_Opaque.uasset" 239
"../../../Engine/Content/EngineMaterials/Widget3DPassThrough_Masked_OneSided.uasset" 240
"../../../Engine/Content/EngineMaterials/Widget3DPassThrough_Opaque_OneSided.uasset" 241
"../../../Engine/Content/EngineMaterials/Widget3DPassThrough_Translucent.uasset" 242
"../../../Engine/Content/EngineMaterials/Widget3DPassThrough_Translucent_OneSided.uasset" 243
"../../../Engine/Content/EngineMeshes/Cylinder.uasset" 244
"../../../Engine/Content/EngineMeshes/Sphere.uasset" 245
"../../../Engine/Content/EngineResources/Black.uasset" 246
"../../../Engine/Content/EngineResources/DefaultTexture.uasset" 247
"../../../Engine/Content/EngineResources/DefaultTextureCube.uasset" 248
"../../../Engine/Content/EngineResources/DefaultVolumeTexture2D.uasset" 249
"../../../Engine/Content/EngineResources/DefaultVolumeTexture.uasset" 250
"../../../Engine/Content/EngineResources/GradientTexture0.uasset" 251
"../../../Engine/Content/EngineResources/StreamingPauseIcon.uasset" 252
"../../../Engine/Content/EngineResources/M_StreamingPause.uasset" 253
"../../../Engine/Content/EngineSounds/Master.uasset" 254
"../../../Engine/Content/Functions/Engine_MaterialFunctions01/Shading/PowerToRoughness.uasset" 255
"../../../Engine/Content/Maps/Templates/Thumbnails/Default.uasset" 256
"../../../Engine/Content/Maps/Templates/Thumbnails/VR-Basic.uasset" 257
"../../../Engine/Content/MapTemplates/Sky/DaylightAmbientCubemap.uasset" 258
"../../../Engine/Content/MobileResources/T_MobileControls_texture.uasset" 259
"../../../Engine/Content/MobileResources/T_MobileMenu2.uasset" 260
"../../../Engine/Content/MobileResources/HUD/AnalogHat.uasset" 261
"../../../Engine/Content/MobileResources/HUD/VirtualJoystick_Background.uasset" 262
"../../../Engine/Content/MobileResources/HUD/VirtualJoystick_Thumb.uasset" 263
"../../../Engine/Content/MobileResources/HUD/DefaultVirtualJoysticks.uasset" 264
"../../../Engine/Content/MobileResources/HUD/LeftVirtualJoystickOnly.uasset" 265
"../../../Engine/Content/MobileResources/HUD/MobileHUDButton1_off.uasset" 266
"../../../Engine/Content/MobileResources/HUD/MobileHUDButton1_on.uasset" 267
"../../../Engine/Content/MobileResources/HUD/MobileHUDButton2_off.uasset" 268
"../../../Engine/Content/MobileResources/HUD/MobileHUDButton2_on.uasset" 269
"../../../Engine/Content/MobileResources/HUD/MobileHUDButton3.uasset" 270
"../../../Engine/Content/MobileResources/HUD/MobileHUDButtonFire.uasset" 271
"../../../Engine/Content/MobileResources/HUD/MobileHUDDirectionPad.uasset" 272
"../../../Engine/Content/MobileResources/HUD/MobileHUDDirectionPad2.uasset" 273
"../../../Engine/Content/MobileResources/HUD/MobileHUDDirectionPad3.uasset" 274
"../../../Engine/Content/MobileResources/HUD/MobileHUDDirectionStick.uasset" 275
"../../../Engine/Content/MobileResources/HUD/T_Castle_ThumbstickInner.uasset" 276
"../../../Engine/Content/MobileResources/HUD/T_Castle_ThumbstickOutter.uasset" 277
"../../../Engine/Content/Tutorial/ContentIntroCurve.uasset" 278
"../../../Engine/Content/Tutorial/Basics/TutorialAssets/icon_tab_Levels_40x.uasset" 279
"../../../Engine/Content/VREditor/LaserPointer/VR_LaserPower_01.uasset" 280
"../../../Engine/Content/VREditor/TransformGizmo/TransformGizmoMaterial.uasset" 281
"../../../Engine/Content/VREditor/TransformGizmo/TranslucentTransformGizmoMaterial.uasset" 282
"../../../Engine/Content/VREditor/TransformGizmo/BoundingBoxCorner.uasset" 283
"../../../Engine/Content/VREditor/TransformGizmo/BoundingBoxEdge.uasset" 284
"../../../Engine/Content/VREditor/TransformGizmo/PlaneTranslationHandle.uasset" 285
"../../../Engine/Content/VREditor/TransformGizmo/Main.uasset" 286
"../../../Engine/Content/VREditor/TransformGizmo/Xray.uasset" 287
"../../../Engine/Content/VREditor/TransformGizmo/SM_Sequencer_Key.uasset" 288
"../../../Engine/Content/VREditor/TransformGizmo/SM_Sequencer_Node.uasset" 289
"../../../../../../Users/iD Student/Desktop/Chaz D/Final_project/Final_Project/Content/InfinityBladeGrassLands/Environments/Plains/Env_Plains_Ruins/Textures/T_Plains_Castle_Wroughtlron_D.uasset" 290
"../../../../../../Users/iD Student/Desktop/Chaz D/Final_project/Final_Project/Content/InfinityBladeGrassLands/Environments/Plains/Env_Plains_Ruins/Textures/T_Plains_Castle_Wroughtlron_N.uasset" 291
"../../../../../../Users/iD Student/Desktop/Chaz D/Final_project/Final_Project/Content/InfinityBladeGrassLands/Environments/Plains/Env_Plains_Ruins/Materials/M_PLains_Castle_WroughtIron.uasset" 292
"../../../../../../Users/iD Student/Desktop/Chaz D/Final_project/Final_Project/Content/InfinityBladeGrassLands/Environments/Plains/Env_Plains_Ruins/StaticMesh/SM_Plains_CastleArch_Iron_Gate_02_Broken.uasset" 293
"../../../../../../Users/iD Student/Desktop/Chaz D/Final_project/Final_Project/Content/InfinityBladeGrassLands/Environments/Plains/Env_Plains_Ruins/Textures/T_Plains_Ruins_Pillars_02_D.uasset" 294
"../../../../../../Users/iD Student/Desktop/Chaz D/Final_project/Final_Project/Content/InfinityBladeGrassLands/Environments/Plains/Env_Plains_Ruins/Textures/T_Plains_Ruins_Pillars_02_N.uasset" 295
"../../../../../../Users/iD Student/Desktop/Chaz D/Final_project/Final_Project/Content/InfinityBladeGrassLands/Environments/Plains/Env_Plains_Ruins/Materials/M_Plains_Pillars02.uasset" 296
"../../../../../../Users/iD Student/Desktop/Chaz D/Final_project/Final_Project/Content/InfinityBladeGrassLands/Environments/Plains/Env_Plains_Ruins/StaticMesh/SM_Plains_CastleDoorArch_01.uasset" 297
"../../../../../../Users/iD Student/Desktop/Chaz D/Final_project/Final_Project/Content/StarterContent/Textures/T_Burst_M.uasset" 298
"../../../../../../Users/iD Student/Desktop/Chaz D/Final_project/Final_Project/Content/StarterContent/Particles/Materials/M_Burst.uasset" 299
"../../../../../../Users/iD Student/Desktop/Chaz D/Final_project/Final_Project/Content/StarterContent/Textures/T_Explosion_SubUV.uasset" 300
"../../../../../../Users/iD Student/Desktop/Chaz D/Final_project/Final_Project/Content/StarterContent/Particles/Materials/M_explosion_subUV.uasset" 301
"../../../../../../Users/iD Student/Desktop/Chaz D/Final_project/Final_Project/Content/StarterContent/Particles/Materials/m_flare_01.uasset" 302
"../../../Engine/Content/Functions/Engine_MaterialFunctions01/Gradient/RadialGradient.uasset" 303
"../../../../../../Users/iD Student/Desktop/Chaz D/Final_project/Final_Project/Content/StarterContent/Particles/Materials/M_radial_ramp.uasset" 304
"../../../../../../Users/iD Student/Desktop/Chaz D/Final_project/Final_Project/Content/StarterContent/Textures/T_Smoke_SubUV.uasset" 305
"../../../../../../Users/iD Student/Desktop/Chaz D/Final_project/Final_Project/Content/StarterContent/Textures/T_Smoke_Tiled_D.uasset" 306
"../../../../../../Users/iD Student/Desktop/Chaz D/Final_project/Final_Project/Content/StarterContent/Particles/Materials/M_smoke_subUV.uasset" 307
"../../../../../../Users/iD Student/Desktop/Chaz D/Final_project/Final_Project/Content/StarterContent/Particles/P_Explosion.uasset" 308
"../../../../../../Users/iD Student/Desktop/Chaz D/Final_project/Final_Project/Content/StarterContent/Particles/P_Smoke.uasset" 309
"../../../../../../Users/iD Student/Desktop/Chaz D/Final_project/Final_Project/Content/StarterContent/Particles/P_Steam_Lit.uasset" 310
"../../Plugins/2D/Paper2D/Content/PlaceholderTextures/DummySpriteTexture.uasset" 311
"../../Plugins/2D/Paper2D/Content/DummySprite.uasset" 312
"../../Plugins/2D/Paper2D/Content/DefaultPaperTerrainMaterial.uasset" 313
"../../Plugins/2D/Paper2D/Content/DefaultSpriteMaterial.uasset" 314
"../../Plugins/2D/Paper2D/Content/MaskedUnlitSpriteMaterial.uasset" 315
"../../Plugins/2D/Paper2D/Content/OpaqueUnlitSpriteMaterial.uasset" 316
"../../Plugins/Runtime/Oculus/OculusVR/Content/Materials/PokeAHoleMaterial.uasset" 317
"../../Plugins/Runtime/Oculus/OculusVR/Content/Textures/GearVRController_AO.uasset" 318
"../../Plugins/Runtime/Oculus/OculusVR/Content/Textures/GearVRController_Color.uasset" 319
"../../Plugins/Runtime/Oculus/OculusVR/Content/Textures/GearVRController_Normal.uasset" 320
"../../Plugins/Runtime/Oculus/OculusVR/Content/Materials/GearVRControllerMaterial.uasset" 321
"../../Plugins/Runtime/Oculus/OculusVR/Content/Meshes/GearVrController.uasset" 322
"../../Plugins/Runtime/Oculus/OculusVR/Content/Textures/touchController_albedo.uasset" 323
"../../Plugins/Runtime/Oculus/OculusVR/Content/Textures/touchController_controlmap.uasset" 324
"../../Plugins/Runtime/Oculus/OculusVR/Content/Materials/touchController_mat.uasset" 325
"../../Plugins/Runtime/Oculus/OculusVR/Content/Meshes/LeftTouchController.uasset" 326
"../../Plugins/Runtime/Oculus/OculusVR/Content/Meshes/RiftHMD.uasset" 327
"../../Plugins/Runtime/Oculus/OculusVR/Content/Meshes/RightTouchController.uasset" 328
"../../../Engine/Content/Maps/Entry_BuiltData.uasset" 329
"../../../Engine/Content/Maps/Entry.umap" 330
"../../../../../../Users/iD Student/Desktop/Chaz D/Final_project/Final_Project/Content/FirstPerson/Character/Mesh/SK_Mannequin_Arms_Skeleton.uasset" 331
"../../../../../../Users/iD Student/Desktop/Chaz D/Final_project/Final_Project/Content/FirstPerson/Animations/FirstPerson_Idle.uasset" 332
"../../../../../../Users/iD Student/Desktop/Chaz D/Final_project/Final_Project/Content/FirstPerson/Animations/FirstPerson_JumpEnd.uasset" 333
"../../../../../../Users/iD Student/Desktop/Chaz D/Final_project/Final_Project/Content/FirstPerson/Animations/FirstPerson_JumpLoop.uasset" 334
"../../../../../../Users/iD Student/Desktop/Chaz D/Final_project/Final_Project/Content/FirstPerson/Animations/FirstPerson_JumpStart.uasset" 335
"../../../../../../Users/iD Student/Desktop/Chaz D/Final_project/Final_Project/Content/FirstPerson/Animations/FirstPerson_Run.uasset" 336
"../../../Engine/Content/EditorBlueprintResources/StandardMacros.uasset" 337
"../../../../../../Users/iD Student/Desktop/Chaz D/Final_project/Final_Project/Content/FirstPerson/Animations/FirstPerson_AnimBP.uasset" 338
"../../../../../../Users/iD Student/Desktop/Chaz D/Final_project/Final_Project/Content/FirstPerson/Animations/FirstPerson_Fire.uasset" 339
"../../../../../../Users/iD Student/Desktop/Chaz D/Final_project/Final_Project/Content/FirstPerson/Animations/FirstPersonFire_Montage.uasset" 340
"../../../../../../Users/iD Student/Desktop/Chaz D/Final_project/Final_Project/Content/FPS_Weapon_Bundle/Weapons/Textures/KA74U/T_KA74U_ALB.uasset" 341
"../../../../../../Users/iD Student/Desktop/Chaz D/Final_project/Final_Project/Content/FPS_Weapon_Bundle/Weapons/Textures/KA74U/T_KA74U_M_MSK.uasset" 342
"../../../../../../Users/iD Student/Desktop/Chaz D/Final_project/Final_Project/Content/FPS_Weapon_Bundle/Weapons/Textures/KA74U/T_KA74U_NRM.uasset" 343
"../../../../../../Users/iD Student/Desktop/Chaz D/Final_project/Final_Project/Content/FPS_Weapon_Bundle/Weapons/Textures/Patterns/T_Stripes__Pattern.uasset" 344
"../../../../../../Users/iD Student/Desktop/Chaz D/Final_project/Final_Project/Content/FPS_Weapon_Bundle/Weapons/Materials/Master_Material/M_Weapon_Master_USE.uasset" 345
"../../../../../../Users/iD Student/Desktop/Chaz D/Final_project/Final_Project/Content/FPS_Weapon_Bundle/Weapons/Textures/Ammunition/T_40mm_Grenade_ALB.uasset" 346
"../../../../../../Users/iD Student/Desktop/Chaz D/Final_project/Final_Project/Content/FPS_Weapon_Bundle/Weapons/Textures/Ammunition/T_40mm_Grenade_M_MSK.uasset" 347
"../../../../../../Users/iD Student/Desktop/Chaz D/Final_project/Final_Project/Content/FPS_Weapon_Bundle/Weapons/Textures/Ammunition/T_40mm_Grenade_NRM.uasset" 348
"../../../../../../Users/iD Student/Desktop/Chaz D/Final_project/Final_Project/Content/FPS_Weapon_Bundle/Weapons/Materials/Ammunition/M_40mm_Grenade.uasset" 349
"../../../../../../Users/iD Student/Desktop/Chaz D/Final_project/Final_Project/Content/FPS_Weapon_Bundle/Weapons/Meshes/Ammunition/SM_Shell_40mm_G.uasset" 350
"../../../../../../Users/iD Student/Desktop/Chaz D/Final_project/Final_Project/Content/FirstPersonBP/Blueprints/FirstPersonProjectile.uasset" 351
"../../../../../../Users/iD Student/Desktop/Chaz D/Final_project/Final_Project/Content/FirstPerson/Audio/FirstPersonTemplateWeaponFire02.uasset" 352
"../../../Engine/Content/Functions/Engine_MaterialFunctions02/Utility/BlendAngleCorrectedNormals.uasset" 353
"../../../Engine/Content/Functions/MaterialLayerFunctions/MatLayerBlend_NormalBlend.uasset" 354
"../../../Engine/Content/Functions/MaterialLayerFunctions/MatLayerBlend_Simple.uasset" 355
"../../../../../../Users/iD Student/Desktop/Chaz D/Final_project/Final_Project/Content/FirstPerson/Character/Materials/MaterialLayers/T_ML_Rubber_Blue_01_D.uasset" 356
"../../../../../../Users/iD Student/Desktop/Chaz D/Final_project/Final_Project/Content/FirstPerson/Character/Materials/MaterialLayers/T_ML_Rubber_Blue_01_N.uasset" 357
"../../../../../../Users/iD Student/Desktop/Chaz D/Final_project/Final_Project/Content/FirstPerson/Character/Materials/MaterialLayers/ML_GlossyBlack_Latex_UE4.uasset" 358
"../../../../../../Users/iD Student/Desktop/Chaz D/Final_project/Final_Project/Content/FirstPerson/Character/Materials/MaterialLayers/ML_Plastic_Shiny_Beige.uasset" 359
"../../../../../../Users/iD Student/Desktop/Chaz D/Final_project/Final_Project/Content/FirstPerson/Character/Textures/UE4_LOGO_CARD.uasset" 360
"../../../../../../Users/iD Student/Desktop/Chaz D/Final_project/Final_Project/Content/FirstPerson/Character/Materials/MaterialLayers/ML_Plastic_Shiny_Beige_LOGO.uasset" 361
"../../../../../../Users/iD Student/Desktop/Chaz D/Final_project/Final_Project/Content/FirstPerson/Character/Materials/MaterialLayers/T_ML_Aluminum01.uasset" 362
"../../../../../../Users/iD Student/Desktop/Chaz D/Final_project/Final_Project/Content/FirstPerson/Character/Materials/MaterialLayers/T_ML_Aluminum01_N.uasset" 363
"../../../../../../Users/iD Student/Desktop/Chaz D/Final_project/Final_Project/Content/FirstPerson/Character/Materials/MaterialLayers/ML_SoftMetal_UE4.uasset" 364
"../../../../../../Users/iD Student/Desktop/Chaz D/Final_project/Final_Project/Content/FirstPerson/Character/Textures/UE4_Mannequin__normals.uasset" 365
"../../../../../../Users/iD Student/Desktop/Chaz D/Final_project/Final_Project/Content/FirstPerson/Character/Textures/UE4_Mannequin_MAT_MASKA.uasset" 366
"../../../../../../Users/iD Student/Desktop/Chaz D/Final_project/Final_Project/Content/FirstPerson/Character/Materials/M_UE4Man_Body.uasset" 367
"../../../../../../Users/iD Student/Desktop/Chaz D/Final_project/Final_Project/Content/FirstPerson/Character/Mesh/SK_Mannequin_Arms_PhysicsAsset.uasset" 368
"../../../../../../Users/iD Student/Desktop/Chaz D/Final_project/Final_Project/Content/FirstPerson/Character/Mesh/SK_Mannequin_Arms.uasset" 369
"../../../../../../Users/iD Student/Desktop/Chaz D/Final_project/Final_Project/Content/InfinityBladeGrassLands/Environments/Plains/Env_Plains_Floors/Textures/T_Plains_FloorsTrim_D.uasset" 370
"../../../../../../Users/iD Student/Desktop/Chaz D/Final_project/Final_Project/Content/InfinityBladeGrassLands/Environments/Plains/Env_Plains_Floors/Textures/T_Plains_FloorsTrim_N.uasset" 371
"../../../../../../Users/iD Student/Desktop/Chaz D/Final_project/Final_Project/Content/InfinityBladeGrassLands/Environments/SurfaceTypes/PhysicalMaterial_Stone.uasset" 372
"../../../../../../Users/iD Student/Desktop/Chaz D/Final_project/Final_Project/Content/InfinityBladeGrassLands/Environments/Plains/Env_Plains_Floors/Materials/M_Plains_FloorTrims.uasset" 373
"../../../../../../Users/iD Student/Desktop/Chaz D/Final_project/Final_Project/Content/FirstPerson/FPWeapon/Mesh/SK_FPGun_Skeleton.uasset" 374
"../../../../../../Users/iD Student/Desktop/Chaz D/Final_project/Final_Project/Content/FirstPerson/FPWeapon/Mesh/SK_FPGun.uasset" 375
"../../../../../../Users/iD Student/Desktop/Chaz D/Final_project/Final_Project/Content/FirstPersonBP/Blueprints/UI_BP.uasset" 376
"../../../../../../Users/iD Student/Desktop/Chaz D/Final_project/Final_Project/Content/FirstPersonBP/Blueprints/FirstPersonCharacter.uasset" 377
"../../../Engine/Content/EngineSky/C_Sky_Cloud_Color.uasset" 378
"../../../Engine/Content/EngineSky/C_Sky_Horizon_Color.uasset" 379
"../../../Engine/Content/EngineSky/C_Sky_Zenith_Color.uasset" 380
"../../../Engine/Content/EngineSky/T_Sky_Blue.uasset" 381
"../../../Engine/Content/EngineSky/T_Sky_Clouds_M.uasset" 382
"../../../Engine/Content/EngineSky/T_Sky_Stars.uasset" 383
"../../../Engine/Content/EngineSky/M_Sky_Panning_Clouds2.uasset" 384
"../../../Engine/Content/EngineSky/SM_SkySphere.uasset" 385
"../../../Engine/Content/EngineSky/BP_Sky_Sphere.uasset" 386
"../../../../../../Users/iD Student/Desktop/Chaz D/Final_project/Final_Project/Content/FirstPersonBP/Blueprints/FirstPersonGameMode.uasset" 387
"../../../../../../Users/iD Student/Desktop/Chaz D/Final_project/Final_Project/Content/FirstPersonBP/Maps/FirstPersonExampleMap_BuiltData.uasset" 388
"../../../../../../Users/iD Student/Desktop/Chaz D/Final_project/Final_Project/Content/FirstPerson/Meshes/BaseMaterial.uasset" 389
"../../../../../../Users/iD Student/Desktop/Chaz D/Final_project/Final_Project/Content/FirstPerson/Meshes/CubeMaterialOverride.uasset" 390
"../../../../../../Users/iD Student/Desktop/Chaz D/Final_project/Final_Project/Content/FPS_Weapon_Bundle/Weapons/Textures/Ammunition/T_9x18_ALB.uasset" 391
"../../../../../../Users/iD Student/Desktop/Chaz D/Final_project/Final_Project/Content/FPS_Weapon_Bundle/Weapons/Textures/Ammunition/T_9x18_M_MSK.uasset" 392
"../../../../../../Users/iD Student/Desktop/Chaz D/Final_project/Final_Project/Content/FPS_Weapon_Bundle/Weapons/Textures/Ammunition/T_9x18_NRM.uasset" 393
"../../../../../../Users/iD Student/Desktop/Chaz D/Final_project/Final_Project/Content/FPS_Weapon_Bundle/Weapons/Materials/Ammunition/M_9x18.uasset" 394
"../../../../../../Users/iD Student/Desktop/Chaz D/Final_project/Final_Project/Content/FPS_Weapon_Bundle/Weapons/Meshes/Ammunition/SM_Shell_9x18_Empty.uasset" 395
"../../../../../../Users/iD Student/Desktop/Chaz D/Final_project/Final_Project/Content/Geometry/Meshes/CubeMaterial.uasset" 396
"../../../../../../Users/iD Student/Desktop/Chaz D/Final_project/Final_Project/Content/Geometry/Meshes/1M_Cube.uasset" 397
"../../../../../../Users/iD Student/Desktop/Chaz D/Final_project/Final_Project/Content/InfinityBladeGrassLands/Environments/Breakables/Textures/T_Env_Breakables_Breakables_D.uasset" 398
"../../../../../../Users/iD Student/Desktop/Chaz D/Final_project/Final_Project/Content/InfinityBladeGrassLands/Environments/Breakables/Textures/T_Env_Breakables_Breakables_N.uasset" 399
"../../../../../../Users/iD Student/Desktop/Chaz D/Final_project/Final_Project/Content/InfinityBladeGrassLands/Environments/Breakables/Textures/T_Env_Breakables_Breakables_R.uasset" 400
"../../../../../../Users/iD Student/Desktop/Chaz D/Final_project/Final_Project/Content/InfinityBladeGrassLands/Environments/Breakables/Textures/T_Env_Breakables_BreakablesSnow_M.uasset" 401
"../../../../../../Users/iD Student/Desktop/Chaz D/Final_project/Final_Project/Content/InfinityBladeGrassLands/Environments/Breakables/Materials/M_Breakables_Barrels.uasset" 402
"../../../../../../Users/iD Student/Desktop/Chaz D/Final_project/Final_Project/Content/InfinityBladeGrassLands/Environments/Breakables/StaticMesh/Box/SM_Env_Breakables_Box1_destroyed.uasset" 403
"../../../../../../Users/iD Student/Desktop/Chaz D/Final_project/Final_Project/Content/InfinityBladeGrassLands/Environments/Breakables/StaticMesh/Box/SM_Env_Breakables_BoxesBITS.uasset" 404
"../../../../../../Users/iD Student/Desktop/Chaz D/Final_project/Final_Project/Content/InfinityBladeGrassLands/Environments/Breakables/StaticMesh/Objects/SM_Env_Breakables_GroupLg.uasset" 405
"../../../../../../Users/iD Student/Desktop/Chaz D/Final_project/Final_Project/Content/InfinityBladeGrassLands/Environments/Misc/Exo_Deco02/Textures/T_Tile_Floor_Broken_D.uasset" 406
"../../../../../../Users/iD Student/Desktop/Chaz D/Final_project/Final_Project/Content/InfinityBladeGrassLands/Environments/Misc/Exo_Deco02/Textures/T_Tile_Floor_Broken_D_NRM.uasset" 407
"../../../../../../Users/iD Student/Desktop/Chaz D/Final_project/Final_Project/Content/InfinityBladeGrassLands/Environments/Misc/Exo_Deco02/Materials/M_Tile_Floor_Broken_Tex_A.uasset" 408
"../../../../../../Users/iD Student/Desktop/Chaz D/Final_project/Final_Project/Content/InfinityBladeGrassLands/Environments/Misc/Exo_Deco02/StaticMesh/SM_Exo_Bridge_Tile_Broken_A.uasset" 409
"../../../../../../Users/iD Student/Desktop/Chaz D/Final_project/Final_Project/Content/InfinityBladeGrassLands/Environments/Misc/Exo_Deco02/StaticMesh/SM_Exo_Bridge_Tile_BROKEN_B.uasset" 410
"../../../../../../Users/iD Student/Desktop/Chaz D/Final_project/Final_Project/Content/InfinityBladeGrassLands/Environments/Misc/Exo_Deco02/StaticMesh/SM_Exo_Bridge_Tile_BROKEN_C.uasset" 411
"../../../../../../Users/iD Student/Desktop/Chaz D/Final_project/Final_Project/Content/InfinityBladeGrassLands/Environments/Misc/Exo_Deco02/StaticMesh/SM_Exo_Bridge_Tile_BROKEN_D.uasset" 412
"../../../../../../Users/iD Student/Desktop/Chaz D/Final_project/Final_Project/Content/InfinityBladeGrassLands/Environments/Misc/Exo_Deco02/StaticMesh/SM_Exo_Bridge_Tile_Floor_D.uasset" 413
"../../../../../../Users/iD Student/Desktop/Chaz D/Final_project/Final_Project/Content/InfinityBladeGrassLands/Environments/Plains/Env_Plains_Ruins/StaticMesh/SM_Plains_Castle_Fountain_01.uasset" 414
"../../../../../../Users/iD Student/Desktop/Chaz D/Final_project/Final_Project/Content/InfinityBladeGrassLands/Environments/Plains/Env_Plains_Ruins/StaticMesh/SM_Plains_CastleArch_Ruin_02_Broken.uasset" 415
"../../../../../../Users/iD Student/Desktop/Chaz D/Final_project/Final_Project/Content/InfinityBladeGrassLands/Environments/Plains/Env_Plains_Ruins/Textures/T_Plains_Ruins_Pillars_D.uasset" 416
"../../../../../../Users/iD Student/Desktop/Chaz D/Final_project/Final_Project/Content/InfinityBladeGrassLands/Environments/Plains/Env_Plains_Ruins/Textures/T_Plains_Ruins_Pillars_M.uasset" 417
"../../../../../../Users/iD Student/Desktop/Chaz D/Final_project/Final_Project/Content/InfinityBladeGrassLands/Environments/Plains/Env_Plains_Ruins/Textures/T_Plains_Ruins_Pillars_N.uasset" 418
"../../../../../../Users/iD Student/Desktop/Chaz D/Final_project/Final_Project/Content/InfinityBladeGrassLands/Environments/Plains/Env_Plains_Ruins/Materials/M_Plains_Pillars.uasset" 419
"../../../../../../Users/iD Student/Desktop/Chaz D/Final_project/Final_Project/Content/InfinityBladeGrassLands/Environments/Plains/Env_Plains_Ruins/Textures/T_Plains_ExtCastle_StoneWall_01_D.uasset" 420
"../../../../../../Users/iD Student/Desktop/Chaz D/Final_project/Final_Project/Content/InfinityBladeGrassLands/Environments/Plains/Env_Plains_Ruins/Textures/T_Plains_ExtCastle_StoneWall_01_N.uasset" 421
"../../../../../../Users/iD Student/Desktop/Chaz D/Final_project/Final_Project/Content/InfinityBladeGrassLands/Environments/Plains/Env_Plains_Ruins/Materials/M_Plains_StoneWall.uasset" 422
"../../../../../../Users/iD Student/Desktop/Chaz D/Final_project/Final_Project/Content/InfinityBladeGrassLands/Environments/Plains/Env_Plains_Ruins/StaticMesh/SM_Plains_CastleTower_Ruin_02.uasset" 423
"../../../../../../Users/iD Student/Desktop/Chaz D/Final_project/Final_Project/Content/InfinityBladeGrassLands/Environments/Plains/Env_Plains_Ruins/StaticMesh/SM_Plains_CastleWall_Curved_Ruin_01.uasset" 424
"../../../../../../Users/iD Student/Desktop/Chaz D/Final_project/Final_Project/Content/InfinityBladeGrassLands/Environments/Plains/Env_Plains_Ruins/StaticMesh/SM_Plains_CastleWall_Ruin_01.uasset" 425
"../../../../../../Users/iD Student/Desktop/Chaz D/Final_project/Final_Project/Content/InfinityBladeGrassLands/Environments/Plains/Env_Plains_Ruins/StaticMesh/SM_Plains_CastleWall_Ruin_02.uasset" 426
"../../../../../../Users/iD Student/Desktop/Chaz D/Final_project/Final_Project/Content/InfinityBladeGrassLands/Environments/Plains/Env_Plains_Ruins/StaticMesh/SM_Plains_CastleWall_Ruin_03.uasset" 427
"../../../../../../Users/iD Student/Desktop/Chaz D/Final_project/Final_Project/Content/InfinityBladeGrassLands/Environments/Plains/Env_Plains_Ruins/StaticMesh/SM_Plains_CastleWall_Ruin_04.uasset" 428
"../../../../../../Users/iD Student/Desktop/Chaz D/Final_project/Final_Project/Content/InfinityBladeGrassLands/Environments/Plains/Env_Plains_Ruins/Textures/T_Plains_Ruins_FloorStones_D.uasset" 429
"../../../../../../Users/iD Student/Desktop/Chaz D/Final_project/Final_Project/Content/InfinityBladeGrassLands/Environments/Plains/Env_Plains_Ruins/Textures/T_Plains_Ruins_FloorStones_N.uasset" 430
"../../../../../../Users/iD Student/Desktop/Chaz D/Final_project/Final_Project/Content/InfinityBladeGrassLands/Environments/Plains/Env_Plains_Ruins/Materials/M_PLains_FloorStone.uasset" 431
"../../../../../../Users/iD Student/Desktop/Chaz D/Final_project/Final_Project/Content/InfinityBladeGrassLands/Environments/Plains/Env_Plains_Ruins/StaticMesh/SM_Plains_Floor_01.uasset" 432
"../../../../../../Users/iD Student/Desktop/Chaz D/Final_project/Final_Project/Content/InfinityBladeGrassLands/Environments/Plains/Env_Plains_Ruins/StaticMesh/SM_Plains_StoneBlock_01.uasset" 433
"../../../../../../Users/iD Student/Desktop/Chaz D/Final_project/Final_Project/Content/StarterContent/Textures/T_Fire_SubUV.uasset" 434
"../../../../../../Users/iD Student/Desktop/Chaz D/Final_project/Final_Project/Content/StarterContent/Textures/T_Fire_Tiled_D.uasset" 435
"../../../../../../Users/iD Student/Desktop/Chaz D/Final_project/Final_Project/Content/StarterContent/Particles/Materials/M_Fire_SubUV.uasset" 436
"../../../../../../Users/iD Student/Desktop/Chaz D/Final_project/Final_Project/Content/StarterContent/Textures/T_Water_N.uasset" 437
"../../../../../../Users/iD Student/Desktop/Chaz D/Final_project/Final_Project/Content/StarterContent/Particles/Materials/M_Heat_Distortion.uasset" 438
"../../../../../../Users/iD Student/Desktop/Chaz D/Final_project/Final_Project/Content/StarterContent/Particles/Materials/M_Radial_Gradient.uasset" 439
"../../../../../../Users/iD Student/Desktop/Chaz D/Final_project/Final_Project/Content/StarterContent/Particles/P_Fire.uasset" 440
"../../../../../../Users/iD Student/Desktop/Chaz D/Final_project/Final_Project/Content/StarterContent/Textures/T_Spark_Core.uasset" 441
"../../../../../../Users/iD Student/Desktop/Chaz D/Final_project/Final_Project/Content/StarterContent/Particles/Materials/M_Spark.uasset" 442
"../../../../../../Users/iD Student/Desktop/Chaz D/Final_project/Final_Project/Content/StarterContent/Particles/P_Sparks.uasset" 443
"../../../../../../Users/iD Student/Desktop/Chaz D/Final_project/Final_Project/Content/FirstPersonBP/Maps/FirstPersonExampleMap.umap" 444
"../../../../../../Users/iD Student/Desktop/Chaz D/Final_project/Final_Project/Content/StarterContent/Textures/T_Gradinet_01.uasset" 445
"../../../../../../Users/iD Student/Desktop/Chaz D/Final_project/Final_Project/Content/StarterContent/Textures/T_Gradinet_01_Mat.uasset" 446
"../../../Engine/Content/BasicShapes/Cube.uasset" 447
"../../../../../../Users/iD Student/Desktop/Chaz D/Final_project/Final_Project/Content/FirstPerson/Textures/FirstPersonCrosshair.uasset" 448
"../../../../../../Users/iD Student/Desktop/Chaz D/Final_project/Final_Project/Content/FirstPersonBP/MAinMenu.uasset" 449
"../../../../../../Users/iD Student/Desktop/Chaz D/Final_project/Final_Project/Content/FirstPersonBP/Maps/Untitled.umap" 450
